{"C:\\Users\\USER\\Documents\\quick-vendor-store\\quick-vendor-nestjs-backend\\src\\app.module.ts": {"path":"C:\\Users\\USER\\Documents\\quick-vendor-store\\quick-vendor-nestjs-backend\\src\\app.module.ts","statementMap":{"0":{"start":{"line":1,"column":0},"end":{"line":1,"column":72}},"1":{"start":{"line":2,"column":0},"end":{"line":2,"column":46}},"2":{"start":{"line":3,"column":0},"end":{"line":3,"column":57}},"3":{"start":{"line":4,"column":0},"end":{"line":4,"column":68}},"4":{"start":{"line":5,"column":0},"end":{"line":5,"column":50}},"5":{"start":{"line":6,"column":0},"end":{"line":6,"column":41}},"6":{"start":{"line":7,"column":0},"end":{"line":7,"column":28}},"7":{"start":{"line":8,"column":0},"end":{"line":8,"column":51}},"8":{"start":{"line":9,"column":0},"end":{"line":9,"column":54}},"9":{"start":{"line":10,"column":0},"end":{"line":10,"column":57}},"10":{"start":{"line":11,"column":0},"end":{"line":11,"column":48}},"11":{"start":{"line":12,"column":0},"end":{"line":12,"column":51}},"12":{"start":{"line":13,"column":0},"end":{"line":13,"column":60}},"13":{"start":{"line":14,"column":0},"end":{"line":14,"column":51}},"14":{"start":{"line":15,"column":0},"end":{"line":15,"column":60}},"15":{"start":{"line":16,"column":0},"end":{"line":16,"column":60}},"16":{"start":{"line":17,"column":0},"end":{"line":17,"column":54}},"17":{"start":{"line":18,"column":0},"end":{"line":18,"column":51}},"18":{"start":{"line":19,"column":0},"end":{"line":19,"column":57}},"19":{"start":{"line":20,"column":0},"end":{"line":20,"column":60}},"20":{"start":{"line":21,"column":0},"end":{"line":21,"column":75}},"21":{"start":{"line":22,"column":0},"end":{"line":22,"column":54}},"22":{"start":{"line":23,"column":0},"end":{"line":23,"column":75}},"23":{"start":{"line":69,"column":7},"end":{"line":73,"column":null}},"24":{"start":{"line":71,"column":4},"end":{"line":71,"column":53}},"25":{"start":{"line":69,"column":13},"end":{"line":69,"column":22}},"26":{"start":{"line":69,"column":13},"end":{"line":73,"column":null}}},"fnMap":{"0":{"name":"(anonymous_2)","decl":{"start":{"line":70,"column":2},"end":{"line":70,"column":11}},"loc":{"start":{"line":70,"column":40},"end":{"line":72,"column":3}}}},"branchMap":{},"s":{"0":0,"1":0,"2":0,"3":0,"4":0,"5":0,"6":0,"7":0,"8":0,"9":0,"10":0,"11":0,"12":0,"13":0,"14":0,"15":0,"16":0,"17":0,"18":0,"19":0,"20":0,"21":0,"22":0,"23":0,"24":0,"25":0,"26":0},"f":{"0":0},"b":{}}
,"C:\\Users\\USER\\Documents\\quick-vendor-store\\quick-vendor-nestjs-backend\\src\\main.ts": {"path":"C:\\Users\\USER\\Documents\\quick-vendor-store\\quick-vendor-nestjs-backend\\src\\main.ts","statementMap":{"0":{"start":{"line":1,"column":0},"end":{"line":1,"column":43}},"1":{"start":{"line":2,"column":0},"end":{"line":2,"column":56}},"2":{"start":{"line":3,"column":0},"end":{"line":3,"column":47}},"3":{"start":{"line":4,"column":0},"end":{"line":4,"column":65}},"4":{"start":{"line":5,"column":0},"end":{"line":5,"column":41}},"5":{"start":{"line":6,"column":0},"end":{"line":6,"column":41}},"6":{"start":{"line":7,"column":0},"end":{"line":7,"column":59}},"7":{"start":{"line":9,"column":26},"end":{"line":16,"column":2}},"8":{"start":{"line":19,"column":17},"end":{"line":19,"column":40}},"9":{"start":{"line":20,"column":14},"end":{"line":20,"column":68}},"10":{"start":{"line":22,"column":24},"end":{"line":22,"column":46}},"11":{"start":{"line":23,"column":17},"end":{"line":23,"column":63}},"12":{"start":{"line":24,"column":15},"end":{"line":24,"column":56}},"13":{"start":{"line":25,"column":23},"end":{"line":25,"column":72}},"14":{"start":{"line":26,"column":18},"end":{"line":26,"column":36}},"15":{"start":{"line":28,"column":2},"end":{"line":35,"column":4}},"16":{"start":{"line":37,"column":2},"end":{"line":37,"column":26}},"17":{"start":{"line":40,"column":21},"end":{"line":40,"column":55}},"18":{"start":{"line":41,"column":2},"end":{"line":41,"column":68}},"19":{"start":{"line":45,"column":25},"end":{"line":47,"column":18}},"20":{"start":{"line":49,"column":2},"end":{"line":61,"column":5}},"21":{"start":{"line":63,"column":24},"end":{"line":68,"column":12}},"22":{"start":{"line":70,"column":19},"end":{"line":70,"column":67}},"23":{"start":{"line":71,"column":2},"end":{"line":71,"column":45}},"24":{"start":{"line":73,"column":2},"end":{"line":73,"column":25}},"25":{"start":{"line":76,"column":18},"end":{"line":83,"column":4}},"26":{"start":{"line":85,"column":2},"end":{"line":85,"column":62}},"27":{"start":{"line":86,"column":2},"end":{"line":86,"column":30}},"28":{"start":{"line":87,"column":2},"end":{"line":87,"column":65}},"29":{"start":{"line":90,"column":0},"end":{"line":90,"column":17}}},"fnMap":{"0":{"name":"bootstrap","decl":{"start":{"line":18,"column":15},"end":{"line":18,"column":24}},"loc":{"start":{"line":18,"column":24},"end":{"line":88,"column":1}}}},"branchMap":{"0":{"loc":{"start":{"line":23,"column":17},"end":{"line":23,"column":63}},"type":"binary-expr","locations":[{"start":{"line":23,"column":17},"end":{"line":23,"column":52}},{"start":{"line":23,"column":56},"end":{"line":23,"column":63}}]},"1":{"loc":{"start":{"line":24,"column":15},"end":{"line":24,"column":56}},"type":"binary-expr","locations":[{"start":{"line":24,"column":15},"end":{"line":24,"column":48}},{"start":{"line":24,"column":52},"end":{"line":24,"column":56}}]},"2":{"loc":{"start":{"line":25,"column":23},"end":{"line":25,"column":72}},"type":"binary-expr","locations":[{"start":{"line":25,"column":23},"end":{"line":25,"column":66}},{"start":{"line":25,"column":70},"end":{"line":25,"column":72}}]},"3":{"loc":{"start":{"line":45,"column":25},"end":{"line":47,"column":18}},"type":"cond-expr","locations":[{"start":{"line":46,"column":6},"end":{"line":46,"column":45}},{"start":{"line":47,"column":6},"end":{"line":47,"column":18}}]},"4":{"loc":{"start":{"line":78,"column":19},"end":{"line":78,"column":81}},"type":"binary-expr","locations":[{"start":{"line":78,"column":19},"end":{"line":78,"column":70}},{"start":{"line":78,"column":74},"end":{"line":78,"column":81}}]},"5":{"loc":{"start":{"line":79,"column":14},"end":{"line":79,"column":70}},"type":"binary-expr","locations":[{"start":{"line":79,"column":14},"end":{"line":79,"column":64}},{"start":{"line":79,"column":68},"end":{"line":79,"column":70}}]},"6":{"loc":{"start":{"line":80,"column":18},"end":{"line":80,"column":79}},"type":"binary-expr","locations":[{"start":{"line":80,"column":18},"end":{"line":80,"column":69}},{"start":{"line":80,"column":73},"end":{"line":80,"column":79}}]}},"s":{"0":0,"1":0,"2":0,"3":0,"4":0,"5":0,"6":0,"7":0,"8":0,"9":0,"10":0,"11":0,"12":0,"13":0,"14":0,"15":0,"16":0,"17":0,"18":0,"19":0,"20":0,"21":0,"22":0,"23":0,"24":0,"25":0,"26":0,"27":0,"28":0,"29":0},"f":{"0":0},"b":{"0":[0,0],"1":[0,0],"2":[0,0],"3":[0,0],"4":[0,0],"5":[0,0],"6":[0,0]}}
,"C:\\Users\\USER\\Documents\\quick-vendor-store\\quick-vendor-nestjs-backend\\src\\admin\\admin.module.ts": {"path":"C:\\Users\\USER\\Documents\\quick-vendor-store\\quick-vendor-nestjs-backend\\src\\admin\\admin.module.ts","statementMap":{"0":{"start":{"line":1,"column":0},"end":{"line":1,"column":40}},"1":{"start":{"line":2,"column":0},"end":{"line":2,"column":55}},"2":{"start":{"line":3,"column":0},"end":{"line":3,"column":61}},"3":{"start":{"line":4,"column":0},"end":{"line":4,"column":49}},"4":{"start":{"line":6,"column":0},"end":{"line":6,"column":84}},"5":{"start":{"line":7,"column":0},"end":{"line":7,"column":80}},"6":{"start":{"line":8,"column":0},"end":{"line":8,"column":78}},"7":{"start":{"line":9,"column":0},"end":{"line":9,"column":80}},"8":{"start":{"line":10,"column":0},"end":{"line":10,"column":82}},"9":{"start":{"line":11,"column":0},"end":{"line":11,"column":76}},"10":{"start":{"line":12,"column":0},"end":{"line":12,"column":82}},"11":{"start":{"line":14,"column":0},"end":{"line":14,"column":75}},"12":{"start":{"line":15,"column":0},"end":{"line":15,"column":71}},"13":{"start":{"line":16,"column":0},"end":{"line":16,"column":69}},"14":{"start":{"line":17,"column":0},"end":{"line":17,"column":71}},"15":{"start":{"line":18,"column":0},"end":{"line":18,"column":73}},"16":{"start":{"line":19,"column":0},"end":{"line":19,"column":67}},"17":{"start":{"line":20,"column":0},"end":{"line":20,"column":73}},"18":{"start":{"line":44,"column":7},"end":{"line":44,"column":null}},"19":{"start":{"line":44,"column":13},"end":{"line":44,"column":24}},"20":{"start":{"line":44,"column":13},"end":{"line":44,"column":null}}},"fnMap":{},"branchMap":{},"s":{"0":0,"1":0,"2":0,"3":0,"4":0,"5":0,"6":0,"7":0,"8":0,"9":0,"10":0,"11":0,"12":0,"13":0,"14":0,"15":0,"16":0,"17":0,"18":0,"19":0,"20":0},"f":{},"b":{}}
,"C:\\Users\\USER\\Documents\\quick-vendor-store\\quick-vendor-nestjs-backend\\src\\admin\\controllers\\admin-audit.controller.ts": {"path":"C:\\Users\\USER\\Documents\\quick-vendor-store\\quick-vendor-nestjs-backend\\src\\admin\\controllers\\admin-audit.controller.ts","statementMap":{"0":{"start":{"line":1,"column":0},"end":{"line":1,"column":67}},"1":{"start":{"line":2,"column":0},"end":{"line":2,"column":71}},"2":{"start":{"line":3,"column":0},"end":{"line":3,"column":42}},"3":{"start":{"line":4,"column":0},"end":{"line":4,"column":57}},"4":{"start":{"line":5,"column":0},"end":{"line":5,"column":49}},"5":{"start":{"line":6,"column":0},"end":{"line":6,"column":64}},"6":{"start":{"line":7,"column":0},"end":{"line":7,"column":68}},"7":{"start":{"line":8,"column":0},"end":{"line":8,"column":55}},"8":{"start":{"line":15,"column":7},"end":{"line":27,"column":null}},"9":{"start":{"line":16,"column":31},"end":{"line":16,"column":45}},"10":{"start":{"line":21,"column":4},"end":{"line":25,"column":7}},"11":{"start":{"line":15,"column":13},"end":{"line":15,"column":33}},"12":{"start":{"line":20,"column":8},"end":{"line":26,"column":null}},"13":{"start":{"line":15,"column":13},"end":{"line":27,"column":null}}},"fnMap":{"0":{"name":"(anonymous_4)","decl":{"start":{"line":16,"column":2},"end":{"line":16,"column":31}},"loc":{"start":{"line":16,"column":62},"end":{"line":16,"column":66}}},"1":{"name":"(anonymous_5)","decl":{"start":{"line":20,"column":8},"end":{"line":20,"column":15}},"loc":{"start":{"line":20,"column":45},"end":{"line":26,"column":3}}}},"branchMap":{"0":{"loc":{"start":{"line":23,"column":17},"end":{"line":23,"column":72}},"type":"cond-expr","locations":[{"start":{"line":23,"column":35},"end":{"line":23,"column":60}},{"start":{"line":23,"column":63},"end":{"line":23,"column":72}}]},"1":{"loc":{"start":{"line":24,"column":15},"end":{"line":24,"column":66}},"type":"cond-expr","locations":[{"start":{"line":24,"column":31},"end":{"line":24,"column":54}},{"start":{"line":24,"column":57},"end":{"line":24,"column":66}}]},"2":{"loc":{"start":{"line":20,"column":32},"end":{"line":20,"column":null}},"type":"cond-expr","locations":[{"start":{"line":20,"column":45},"end":{"line":20,"column":null}},{"start":{"line":20,"column":45},"end":{"line":20,"column":null}}]},"3":{"loc":{"start":{"line":20,"column":32},"end":{"line":20,"column":45}},"type":"binary-expr","locations":[{"start":{"line":20,"column":32},"end":{"line":20,"column":null}},{"start":{"line":20,"column":32},"end":{"line":20,"column":45}}]},"4":{"loc":{"start":{"line":16,"column":45},"end":{"line":16,"column":65}},"type":"cond-expr","locations":[{"start":{"line":16,"column":62},"end":{"line":16,"column":65}},{"start":{"line":16,"column":62},"end":{"line":16,"column":65}}]},"5":{"loc":{"start":{"line":16,"column":45},"end":{"line":16,"column":62}},"type":"binary-expr","locations":[{"start":{"line":16,"column":45},"end":{"line":16,"column":65}},{"start":{"line":16,"column":45},"end":{"line":16,"column":62}}]}},"s":{"0":0,"1":0,"2":0,"3":0,"4":0,"5":0,"6":0,"7":0,"8":0,"9":0,"10":0,"11":0,"12":0,"13":0},"f":{"0":0,"1":0},"b":{"0":[0,0],"1":[0,0],"2":[0,0],"3":[0,0],"4":[0,0],"5":[0,0]}}
,"C:\\Users\\USER\\Documents\\quick-vendor-store\\quick-vendor-nestjs-backend\\src\\admin\\controllers\\admin-dashboard.controller.ts": {"path":"C:\\Users\\USER\\Documents\\quick-vendor-store\\quick-vendor-nestjs-backend\\src\\admin\\controllers\\admin-dashboard.controller.ts","statementMap":{"0":{"start":{"line":1,"column":0},"end":{"line":1,"column":67}},"1":{"start":{"line":2,"column":0},"end":{"line":2,"column":null}},"2":{"start":{"line":8,"column":0},"end":{"line":8,"column":42}},"3":{"start":{"line":9,"column":0},"end":{"line":9,"column":57}},"4":{"start":{"line":10,"column":0},"end":{"line":10,"column":49}},"5":{"start":{"line":11,"column":0},"end":{"line":11,"column":64}},"6":{"start":{"line":12,"column":0},"end":{"line":12,"column":76}},"7":{"start":{"line":19,"column":7},"end":{"line":46,"column":null}},"8":{"start":{"line":20,"column":31},"end":{"line":20,"column":49}},"9":{"start":{"line":25,"column":4},"end":{"line":25,"column":44}},"10":{"start":{"line":32,"column":4},"end":{"line":32,"column":57}},"11":{"start":{"line":38,"column":4},"end":{"line":38,"column":49}},"12":{"start":{"line":44,"column":4},"end":{"line":44,"column":51}},"13":{"start":{"line":19,"column":13},"end":{"line":19,"column":37}},"14":{"start":{"line":24,"column":8},"end":{"line":26,"column":null}},"15":{"start":{"line":31,"column":8},"end":{"line":33,"column":null}},"16":{"start":{"line":37,"column":8},"end":{"line":39,"column":null}},"17":{"start":{"line":43,"column":8},"end":{"line":45,"column":null}},"18":{"start":{"line":19,"column":13},"end":{"line":46,"column":null}}},"fnMap":{"0":{"name":"(anonymous_4)","decl":{"start":{"line":20,"column":2},"end":{"line":20,"column":31}},"loc":{"start":{"line":20,"column":70},"end":{"line":20,"column":74}}},"1":{"name":"(anonymous_5)","decl":{"start":{"line":24,"column":8},"end":{"line":24,"column":16}},"loc":{"start":{"line":24,"column":16},"end":{"line":26,"column":3}}},"2":{"name":"(anonymous_6)","decl":{"start":{"line":31,"column":8},"end":{"line":31,"column":23}},"loc":{"start":{"line":31,"column":77},"end":{"line":33,"column":3}}},"3":{"name":"(anonymous_7)","decl":{"start":{"line":37,"column":8},"end":{"line":37,"column":21}},"loc":{"start":{"line":37,"column":21},"end":{"line":39,"column":3}}},"4":{"name":"(anonymous_8)","decl":{"start":{"line":43,"column":8},"end":{"line":43,"column":23}},"loc":{"start":{"line":43,"column":23},"end":{"line":45,"column":3}}}},"branchMap":{"0":{"loc":{"start":{"line":31,"column":41},"end":{"line":31,"column":77}},"type":"default-arg","locations":[{"start":{"line":31,"column":72},"end":{"line":31,"column":77}}]},"1":{"loc":{"start":{"line":20,"column":49},"end":{"line":20,"column":73}},"type":"cond-expr","locations":[{"start":{"line":20,"column":70},"end":{"line":20,"column":73}},{"start":{"line":20,"column":70},"end":{"line":20,"column":73}}]},"2":{"loc":{"start":{"line":20,"column":49},"end":{"line":20,"column":70}},"type":"binary-expr","locations":[{"start":{"line":20,"column":49},"end":{"line":20,"column":73}},{"start":{"line":20,"column":49},"end":{"line":20,"column":70}}]}},"s":{"0":0,"1":0,"2":0,"3":0,"4":0,"5":0,"6":0,"7":0,"8":0,"9":0,"10":0,"11":0,"12":0,"13":0,"14":0,"15":0,"16":0,"17":0,"18":0},"f":{"0":0,"1":0,"2":0,"3":0,"4":0},"b":{"0":[0],"1":[0,0],"2":[0,0]}}
,"C:\\Users\\USER\\Documents\\quick-vendor-store\\quick-vendor-nestjs-backend\\src\\admin\\controllers\\admin-orders.controller.ts": {"path":"C:\\Users\\USER\\Documents\\quick-vendor-store\\quick-vendor-nestjs-backend\\src\\admin\\controllers\\admin-orders.controller.ts","statementMap":{"0":{"start":{"line":1,"column":0},"end":{"line":1,"column":80}},"1":{"start":{"line":2,"column":0},"end":{"line":2,"column":71}},"2":{"start":{"line":3,"column":0},"end":{"line":3,"column":42}},"3":{"start":{"line":4,"column":0},"end":{"line":4,"column":57}},"4":{"start":{"line":5,"column":0},"end":{"line":5,"column":49}},"5":{"start":{"line":6,"column":0},"end":{"line":6,"column":64}},"6":{"start":{"line":7,"column":0},"end":{"line":7,"column":77}},"7":{"start":{"line":8,"column":0},"end":{"line":8,"column":70}},"8":{"start":{"line":9,"column":0},"end":{"line":9,"column":55}},"9":{"start":{"line":16,"column":7},"end":{"line":41,"column":null}},"10":{"start":{"line":17,"column":31},"end":{"line":17,"column":46}},"11":{"start":{"line":22,"column":4},"end":{"line":26,"column":7}},"12":{"start":{"line":32,"column":4},"end":{"line":32,"column":42}},"13":{"start":{"line":38,"column":4},"end":{"line":38,"column":50}},"14":{"start":{"line":39,"column":4},"end":{"line":39,"column":56}},"15":{"start":{"line":16,"column":13},"end":{"line":16,"column":34}},"16":{"start":{"line":21,"column":8},"end":{"line":27,"column":null}},"17":{"start":{"line":31,"column":8},"end":{"line":33,"column":null}},"18":{"start":{"line":37,"column":8},"end":{"line":40,"column":null}},"19":{"start":{"line":16,"column":13},"end":{"line":41,"column":null}}},"fnMap":{"0":{"name":"(anonymous_4)","decl":{"start":{"line":17,"column":2},"end":{"line":17,"column":31}},"loc":{"start":{"line":17,"column":64},"end":{"line":17,"column":68}}},"1":{"name":"(anonymous_5)","decl":{"start":{"line":21,"column":8},"end":{"line":21,"column":15}},"loc":{"start":{"line":21,"column":45},"end":{"line":27,"column":3}}},"2":{"name":"(anonymous_6)","decl":{"start":{"line":31,"column":8},"end":{"line":31,"column":15}},"loc":{"start":{"line":31,"column":39},"end":{"line":33,"column":3}}},"3":{"name":"(anonymous_7)","decl":{"start":{"line":37,"column":8},"end":{"line":37,"column":14}},"loc":{"start":{"line":37,"column":76},"end":{"line":40,"column":3}}}},"branchMap":{"0":{"loc":{"start":{"line":24,"column":17},"end":{"line":24,"column":72}},"type":"cond-expr","locations":[{"start":{"line":24,"column":35},"end":{"line":24,"column":60}},{"start":{"line":24,"column":63},"end":{"line":24,"column":72}}]},"1":{"loc":{"start":{"line":25,"column":15},"end":{"line":25,"column":66}},"type":"cond-expr","locations":[{"start":{"line":25,"column":31},"end":{"line":25,"column":54}},{"start":{"line":25,"column":57},"end":{"line":25,"column":66}}]},"2":{"loc":{"start":{"line":21,"column":32},"end":{"line":21,"column":null}},"type":"cond-expr","locations":[{"start":{"line":21,"column":45},"end":{"line":21,"column":null}},{"start":{"line":21,"column":45},"end":{"line":21,"column":null}}]},"3":{"loc":{"start":{"line":21,"column":32},"end":{"line":21,"column":45}},"type":"binary-expr","locations":[{"start":{"line":21,"column":32},"end":{"line":21,"column":null}},{"start":{"line":21,"column":32},"end":{"line":21,"column":45}}]},"4":{"loc":{"start":{"line":17,"column":46},"end":{"line":17,"column":67}},"type":"cond-expr","locations":[{"start":{"line":17,"column":64},"end":{"line":17,"column":67}},{"start":{"line":17,"column":64},"end":{"line":17,"column":67}}]},"5":{"loc":{"start":{"line":17,"column":46},"end":{"line":17,"column":64}},"type":"binary-expr","locations":[{"start":{"line":17,"column":46},"end":{"line":17,"column":67}},{"start":{"line":17,"column":46},"end":{"line":17,"column":64}}]}},"s":{"0":0,"1":0,"2":0,"3":0,"4":0,"5":0,"6":0,"7":0,"8":0,"9":0,"10":0,"11":0,"12":0,"13":0,"14":0,"15":0,"16":0,"17":0,"18":0,"19":0},"f":{"0":0,"1":0,"2":0,"3":0},"b":{"0":[0,0],"1":[0,0],"2":[0,0],"3":[0,0],"4":[0,0],"5":[0,0]}}
,"C:\\Users\\USER\\Documents\\quick-vendor-store\\quick-vendor-nestjs-backend\\src\\admin\\controllers\\admin-products.controller.ts": {"path":"C:\\Users\\USER\\Documents\\quick-vendor-store\\quick-vendor-nestjs-backend\\src\\admin\\controllers\\admin-products.controller.ts","statementMap":{"0":{"start":{"line":1,"column":0},"end":{"line":1,"column":null}},"1":{"start":{"line":12,"column":0},"end":{"line":12,"column":71}},"2":{"start":{"line":13,"column":0},"end":{"line":13,"column":42}},"3":{"start":{"line":14,"column":0},"end":{"line":14,"column":57}},"4":{"start":{"line":15,"column":0},"end":{"line":15,"column":49}},"5":{"start":{"line":16,"column":0},"end":{"line":16,"column":64}},"6":{"start":{"line":17,"column":0},"end":{"line":17,"column":77}},"7":{"start":{"line":18,"column":0},"end":{"line":18,"column":74}},"8":{"start":{"line":19,"column":0},"end":{"line":19,"column":59}},"9":{"start":{"line":26,"column":7},"end":{"line":55,"column":null}},"10":{"start":{"line":27,"column":31},"end":{"line":27,"column":48}},"11":{"start":{"line":32,"column":4},"end":{"line":32,"column":47}},"12":{"start":{"line":38,"column":4},"end":{"line":38,"column":57}},"13":{"start":{"line":39,"column":4},"end":{"line":39,"column":41}},"14":{"start":{"line":45,"column":4},"end":{"line":45,"column":59}},"15":{"start":{"line":46,"column":4},"end":{"line":46,"column":43}},"16":{"start":{"line":53,"column":4},"end":{"line":53,"column":59}},"17":{"start":{"line":26,"column":13},"end":{"line":26,"column":36}},"18":{"start":{"line":31,"column":8},"end":{"line":33,"column":null}},"19":{"start":{"line":37,"column":8},"end":{"line":40,"column":null}},"20":{"start":{"line":44,"column":8},"end":{"line":47,"column":null}},"21":{"start":{"line":52,"column":8},"end":{"line":54,"column":null}},"22":{"start":{"line":26,"column":13},"end":{"line":55,"column":null}}},"fnMap":{"0":{"name":"(anonymous_4)","decl":{"start":{"line":27,"column":2},"end":{"line":27,"column":31}},"loc":{"start":{"line":27,"column":68},"end":{"line":27,"column":72}}},"1":{"name":"(anonymous_5)","decl":{"start":{"line":31,"column":8},"end":{"line":31,"column":15}},"loc":{"start":{"line":31,"column":47},"end":{"line":33,"column":3}}},"2":{"name":"(anonymous_6)","decl":{"start":{"line":37,"column":8},"end":{"line":37,"column":12}},"loc":{"start":{"line":37,"column":74},"end":{"line":40,"column":3}}},"3":{"name":"(anonymous_7)","decl":{"start":{"line":44,"column":8},"end":{"line":44,"column":14}},"loc":{"start":{"line":44,"column":76},"end":{"line":47,"column":3}}},"4":{"name":"(anonymous_8)","decl":{"start":{"line":52,"column":8},"end":{"line":52,"column":14}},"loc":{"start":{"line":52,"column":76},"end":{"line":54,"column":3}}}},"branchMap":{"0":{"loc":{"start":{"line":31,"column":32},"end":{"line":31,"column":null}},"type":"cond-expr","locations":[{"start":{"line":31,"column":47},"end":{"line":31,"column":null}},{"start":{"line":31,"column":47},"end":{"line":31,"column":null}}]},"1":{"loc":{"start":{"line":31,"column":32},"end":{"line":31,"column":47}},"type":"binary-expr","locations":[{"start":{"line":31,"column":32},"end":{"line":31,"column":null}},{"start":{"line":31,"column":32},"end":{"line":31,"column":47}}]},"2":{"loc":{"start":{"line":27,"column":48},"end":{"line":27,"column":71}},"type":"cond-expr","locations":[{"start":{"line":27,"column":68},"end":{"line":27,"column":71}},{"start":{"line":27,"column":68},"end":{"line":27,"column":71}}]},"3":{"loc":{"start":{"line":27,"column":48},"end":{"line":27,"column":68}},"type":"binary-expr","locations":[{"start":{"line":27,"column":48},"end":{"line":27,"column":71}},{"start":{"line":27,"column":48},"end":{"line":27,"column":68}}]}},"s":{"0":0,"1":0,"2":0,"3":0,"4":0,"5":0,"6":0,"7":0,"8":0,"9":0,"10":0,"11":0,"12":0,"13":0,"14":0,"15":0,"16":0,"17":0,"18":0,"19":0,"20":0,"21":0,"22":0},"f":{"0":0,"1":0,"2":0,"3":0,"4":0},"b":{"0":[0,0],"1":[0,0],"2":[0,0],"3":[0,0]}}
,"C:\\Users\\USER\\Documents\\quick-vendor-store\\quick-vendor-nestjs-backend\\src\\admin\\controllers\\admin-reports.controller.ts": {"path":"C:\\Users\\USER\\Documents\\quick-vendor-store\\quick-vendor-nestjs-backend\\src\\admin\\controllers\\admin-reports.controller.ts","statementMap":{"0":{"start":{"line":1,"column":0},"end":{"line":1,"column":null}},"1":{"start":{"line":11,"column":0},"end":{"line":11,"column":71}},"2":{"start":{"line":12,"column":0},"end":{"line":12,"column":42}},"3":{"start":{"line":13,"column":0},"end":{"line":13,"column":57}},"4":{"start":{"line":14,"column":0},"end":{"line":14,"column":49}},"5":{"start":{"line":15,"column":0},"end":{"line":15,"column":64}},"6":{"start":{"line":16,"column":0},"end":{"line":16,"column":77}},"7":{"start":{"line":17,"column":0},"end":{"line":17,"column":72}},"8":{"start":{"line":18,"column":0},"end":{"line":18,"column":57}},"9":{"start":{"line":19,"column":0},"end":{"line":19,"column":59}},"10":{"start":{"line":26,"column":7},"end":{"line":70,"column":null}},"11":{"start":{"line":27,"column":31},"end":{"line":27,"column":47}},"12":{"start":{"line":32,"column":4},"end":{"line":36,"column":7}},"13":{"start":{"line":42,"column":4},"end":{"line":42,"column":46}},"14":{"start":{"line":48,"column":4},"end":{"line":48,"column":43}},"15":{"start":{"line":58,"column":4},"end":{"line":58,"column":63}},"16":{"start":{"line":67,"column":4},"end":{"line":67,"column":68}},"17":{"start":{"line":68,"column":4},"end":{"line":68,"column":63}},"18":{"start":{"line":26,"column":13},"end":{"line":26,"column":35}},"19":{"start":{"line":31,"column":8},"end":{"line":37,"column":null}},"20":{"start":{"line":41,"column":8},"end":{"line":43,"column":null}},"21":{"start":{"line":47,"column":8},"end":{"line":49,"column":null}},"22":{"start":{"line":53,"column":8},"end":{"line":59,"column":null}},"23":{"start":{"line":63,"column":8},"end":{"line":69,"column":null}},"24":{"start":{"line":26,"column":13},"end":{"line":70,"column":null}}},"fnMap":{"0":{"name":"(anonymous_4)","decl":{"start":{"line":27,"column":2},"end":{"line":27,"column":31}},"loc":{"start":{"line":27,"column":66},"end":{"line":27,"column":70}}},"1":{"name":"(anonymous_5)","decl":{"start":{"line":31,"column":8},"end":{"line":31,"column":15}},"loc":{"start":{"line":31,"column":46},"end":{"line":37,"column":3}}},"2":{"name":"(anonymous_6)","decl":{"start":{"line":41,"column":8},"end":{"line":41,"column":20}},"loc":{"start":{"line":41,"column":20},"end":{"line":43,"column":3}}},"3":{"name":"(anonymous_7)","decl":{"start":{"line":47,"column":8},"end":{"line":47,"column":15}},"loc":{"start":{"line":47,"column":39},"end":{"line":49,"column":3}}},"4":{"name":"(anonymous_8)","decl":{"start":{"line":53,"column":8},"end":{"line":53,"column":14}},"loc":{"start":{"line":56,"column":40},"end":{"line":59,"column":3}}},"5":{"name":"(anonymous_9)","decl":{"start":{"line":63,"column":8},"end":{"line":63,"column":21}},"loc":{"start":{"line":65,"column":40},"end":{"line":69,"column":3}}}},"branchMap":{"0":{"loc":{"start":{"line":34,"column":17},"end":{"line":34,"column":72}},"type":"cond-expr","locations":[{"start":{"line":34,"column":35},"end":{"line":34,"column":60}},{"start":{"line":34,"column":63},"end":{"line":34,"column":72}}]},"1":{"loc":{"start":{"line":35,"column":15},"end":{"line":35,"column":66}},"type":"cond-expr","locations":[{"start":{"line":35,"column":31},"end":{"line":35,"column":54}},{"start":{"line":35,"column":57},"end":{"line":35,"column":66}}]},"2":{"loc":{"start":{"line":31,"column":32},"end":{"line":31,"column":null}},"type":"cond-expr","locations":[{"start":{"line":31,"column":46},"end":{"line":31,"column":null}},{"start":{"line":31,"column":46},"end":{"line":31,"column":null}}]},"3":{"loc":{"start":{"line":31,"column":32},"end":{"line":31,"column":46}},"type":"binary-expr","locations":[{"start":{"line":31,"column":32},"end":{"line":31,"column":null}},{"start":{"line":31,"column":32},"end":{"line":31,"column":46}}]},"4":{"loc":{"start":{"line":55,"column":17},"end":{"line":55,"column":null}},"type":"cond-expr","locations":[{"start":{"line":55,"column":32},"end":{"line":55,"column":null}},{"start":{"line":55,"column":32},"end":{"line":55,"column":null}}]},"5":{"loc":{"start":{"line":55,"column":17},"end":{"line":55,"column":32}},"type":"binary-expr","locations":[{"start":{"line":55,"column":17},"end":{"line":55,"column":null}},{"start":{"line":55,"column":17},"end":{"line":55,"column":32}}]},"6":{"loc":{"start":{"line":27,"column":47},"end":{"line":27,"column":69}},"type":"cond-expr","locations":[{"start":{"line":27,"column":66},"end":{"line":27,"column":69}},{"start":{"line":27,"column":66},"end":{"line":27,"column":69}}]},"7":{"loc":{"start":{"line":27,"column":47},"end":{"line":27,"column":66}},"type":"binary-expr","locations":[{"start":{"line":27,"column":47},"end":{"line":27,"column":69}},{"start":{"line":27,"column":47},"end":{"line":27,"column":66}}]}},"s":{"0":0,"1":0,"2":0,"3":0,"4":0,"5":0,"6":0,"7":0,"8":0,"9":0,"10":0,"11":0,"12":0,"13":0,"14":0,"15":0,"16":0,"17":0,"18":0,"19":0,"20":0,"21":0,"22":0,"23":0,"24":0},"f":{"0":0,"1":0,"2":0,"3":0,"4":0,"5":0},"b":{"0":[0,0],"1":[0,0],"2":[0,0],"3":[0,0],"4":[0,0],"5":[0,0],"6":[0,0],"7":[0,0]}}
,"C:\\Users\\USER\\Documents\\quick-vendor-store\\quick-vendor-nestjs-backend\\src\\admin\\controllers\\admin-settings.controller.ts": {"path":"C:\\Users\\USER\\Documents\\quick-vendor-store\\quick-vendor-nestjs-backend\\src\\admin\\controllers\\admin-settings.controller.ts","statementMap":{"0":{"start":{"line":1,"column":0},"end":{"line":1,"column":73}},"1":{"start":{"line":2,"column":0},"end":{"line":2,"column":71}},"2":{"start":{"line":3,"column":0},"end":{"line":3,"column":42}},"3":{"start":{"line":4,"column":0},"end":{"line":4,"column":57}},"4":{"start":{"line":5,"column":0},"end":{"line":5,"column":49}},"5":{"start":{"line":6,"column":0},"end":{"line":6,"column":64}},"6":{"start":{"line":7,"column":0},"end":{"line":7,"column":77}},"7":{"start":{"line":8,"column":0},"end":{"line":8,"column":74}},"8":{"start":{"line":9,"column":0},"end":{"line":9,"column":63}},"9":{"start":{"line":15,"column":7},"end":{"line":34,"column":null}},"10":{"start":{"line":16,"column":31},"end":{"line":16,"column":48}},"11":{"start":{"line":22,"column":4},"end":{"line":22,"column":46}},"12":{"start":{"line":32,"column":4},"end":{"line":32,"column":62}},"13":{"start":{"line":15,"column":13},"end":{"line":15,"column":36}},"14":{"start":{"line":21,"column":8},"end":{"line":23,"column":null}},"15":{"start":{"line":28,"column":8},"end":{"line":33,"column":null}},"16":{"start":{"line":15,"column":13},"end":{"line":34,"column":null}}},"fnMap":{"0":{"name":"(anonymous_4)","decl":{"start":{"line":16,"column":2},"end":{"line":16,"column":31}},"loc":{"start":{"line":16,"column":68},"end":{"line":16,"column":72}}},"1":{"name":"(anonymous_5)","decl":{"start":{"line":21,"column":8},"end":{"line":21,"column":19}},"loc":{"start":{"line":21,"column":19},"end":{"line":23,"column":3}}},"2":{"name":"(anonymous_6)","decl":{"start":{"line":28,"column":8},"end":{"line":28,"column":22}},"loc":{"start":{"line":30,"column":40},"end":{"line":33,"column":3}}}},"branchMap":{"0":{"loc":{"start":{"line":29,"column":17},"end":{"line":29,"column":null}},"type":"cond-expr","locations":[{"start":{"line":29,"column":34},"end":{"line":29,"column":null}},{"start":{"line":29,"column":34},"end":{"line":29,"column":null}}]},"1":{"loc":{"start":{"line":29,"column":17},"end":{"line":29,"column":34}},"type":"binary-expr","locations":[{"start":{"line":29,"column":17},"end":{"line":29,"column":null}},{"start":{"line":29,"column":17},"end":{"line":29,"column":34}}]},"2":{"loc":{"start":{"line":16,"column":48},"end":{"line":16,"column":71}},"type":"cond-expr","locations":[{"start":{"line":16,"column":68},"end":{"line":16,"column":71}},{"start":{"line":16,"column":68},"end":{"line":16,"column":71}}]},"3":{"loc":{"start":{"line":16,"column":48},"end":{"line":16,"column":68}},"type":"binary-expr","locations":[{"start":{"line":16,"column":48},"end":{"line":16,"column":71}},{"start":{"line":16,"column":48},"end":{"line":16,"column":68}}]}},"s":{"0":0,"1":0,"2":0,"3":0,"4":0,"5":0,"6":0,"7":0,"8":0,"9":0,"10":0,"11":0,"12":0,"13":0,"14":0,"15":0,"16":0},"f":{"0":0,"1":0,"2":0},"b":{"0":[0,0],"1":[0,0],"2":[0,0],"3":[0,0]}}
,"C:\\Users\\USER\\Documents\\quick-vendor-store\\quick-vendor-nestjs-backend\\src\\admin\\controllers\\admin-vendors.controller.ts": {"path":"C:\\Users\\USER\\Documents\\quick-vendor-store\\quick-vendor-nestjs-backend\\src\\admin\\controllers\\admin-vendors.controller.ts","statementMap":{"0":{"start":{"line":1,"column":0},"end":{"line":1,"column":null}},"1":{"start":{"line":13,"column":0},"end":{"line":13,"column":71}},"2":{"start":{"line":14,"column":0},"end":{"line":14,"column":42}},"3":{"start":{"line":15,"column":0},"end":{"line":15,"column":57}},"4":{"start":{"line":16,"column":0},"end":{"line":16,"column":49}},"5":{"start":{"line":17,"column":0},"end":{"line":17,"column":64}},"6":{"start":{"line":18,"column":0},"end":{"line":18,"column":77}},"7":{"start":{"line":19,"column":0},"end":{"line":19,"column":72}},"8":{"start":{"line":20,"column":0},"end":{"line":20,"column":57}},"9":{"start":{"line":21,"column":0},"end":{"line":21,"column":65}},"10":{"start":{"line":22,"column":0},"end":{"line":22,"column":61}},"11":{"start":{"line":29,"column":7},"end":{"line":84,"column":null}},"12":{"start":{"line":30,"column":31},"end":{"line":30,"column":47}},"13":{"start":{"line":35,"column":4},"end":{"line":35,"column":46}},"14":{"start":{"line":41,"column":4},"end":{"line":41,"column":43}},"15":{"start":{"line":50,"column":4},"end":{"line":50,"column":60}},"16":{"start":{"line":56,"column":4},"end":{"line":56,"column":58}},"17":{"start":{"line":66,"column":4},"end":{"line":66,"column":71}},"18":{"start":{"line":75,"column":4},"end":{"line":75,"column":61}},"19":{"start":{"line":82,"column":4},"end":{"line":82,"column":57}},"20":{"start":{"line":29,"column":13},"end":{"line":29,"column":35}},"21":{"start":{"line":34,"column":8},"end":{"line":36,"column":null}},"22":{"start":{"line":40,"column":8},"end":{"line":42,"column":null}},"23":{"start":{"line":46,"column":8},"end":{"line":51,"column":null}},"24":{"start":{"line":55,"column":8},"end":{"line":57,"column":null}},"25":{"start":{"line":61,"column":8},"end":{"line":67,"column":null}},"26":{"start":{"line":71,"column":8},"end":{"line":76,"column":null}},"27":{"start":{"line":81,"column":8},"end":{"line":83,"column":null}},"28":{"start":{"line":29,"column":13},"end":{"line":84,"column":null}}},"fnMap":{"0":{"name":"(anonymous_4)","decl":{"start":{"line":30,"column":2},"end":{"line":30,"column":31}},"loc":{"start":{"line":30,"column":66},"end":{"line":30,"column":70}}},"1":{"name":"(anonymous_5)","decl":{"start":{"line":34,"column":8},"end":{"line":34,"column":15}},"loc":{"start":{"line":34,"column":46},"end":{"line":36,"column":3}}},"2":{"name":"(anonymous_6)","decl":{"start":{"line":40,"column":8},"end":{"line":40,"column":15}},"loc":{"start":{"line":40,"column":39},"end":{"line":42,"column":3}}},"3":{"name":"(anonymous_7)","decl":{"start":{"line":46,"column":8},"end":{"line":46,"column":19}},"loc":{"start":{"line":48,"column":38},"end":{"line":51,"column":3}}},"4":{"name":"(anonymous_8)","decl":{"start":{"line":55,"column":8},"end":{"line":55,"column":17}},"loc":{"start":{"line":55,"column":77},"end":{"line":57,"column":3}}},"5":{"name":"(anonymous_9)","decl":{"start":{"line":61,"column":8},"end":{"line":61,"column":15}},"loc":{"start":{"line":64,"column":40},"end":{"line":67,"column":3}}},"6":{"name":"(anonymous_10)","decl":{"start":{"line":71,"column":8},"end":{"line":71,"column":17}},"loc":{"start":{"line":73,"column":40},"end":{"line":76,"column":3}}},"7":{"name":"(anonymous_11)","decl":{"start":{"line":81,"column":8},"end":{"line":81,"column":14}},"loc":{"start":{"line":81,"column":76},"end":{"line":83,"column":3}}}},"branchMap":{"0":{"loc":{"start":{"line":34,"column":32},"end":{"line":34,"column":null}},"type":"cond-expr","locations":[{"start":{"line":34,"column":46},"end":{"line":34,"column":null}},{"start":{"line":34,"column":46},"end":{"line":34,"column":null}}]},"1":{"loc":{"start":{"line":34,"column":32},"end":{"line":34,"column":46}},"type":"binary-expr","locations":[{"start":{"line":34,"column":32},"end":{"line":34,"column":null}},{"start":{"line":34,"column":32},"end":{"line":34,"column":46}}]},"2":{"loc":{"start":{"line":48,"column":20},"end":{"line":48,"column":null}},"type":"cond-expr","locations":[{"start":{"line":48,"column":38},"end":{"line":48,"column":null}},{"start":{"line":48,"column":38},"end":{"line":48,"column":null}}]},"3":{"loc":{"start":{"line":48,"column":20},"end":{"line":48,"column":38}},"type":"binary-expr","locations":[{"start":{"line":48,"column":20},"end":{"line":48,"column":null}},{"start":{"line":48,"column":20},"end":{"line":48,"column":38}}]},"4":{"loc":{"start":{"line":55,"column":59},"end":{"line":55,"column":null}},"type":"cond-expr","locations":[{"start":{"line":55,"column":77},"end":{"line":55,"column":null}},{"start":{"line":55,"column":77},"end":{"line":55,"column":null}}]},"5":{"loc":{"start":{"line":55,"column":59},"end":{"line":55,"column":77}},"type":"binary-expr","locations":[{"start":{"line":55,"column":59},"end":{"line":55,"column":null}},{"start":{"line":55,"column":59},"end":{"line":55,"column":77}}]},"6":{"loc":{"start":{"line":63,"column":17},"end":{"line":63,"column":null}},"type":"cond-expr","locations":[{"start":{"line":63,"column":33},"end":{"line":63,"column":null}},{"start":{"line":63,"column":33},"end":{"line":63,"column":null}}]},"7":{"loc":{"start":{"line":63,"column":17},"end":{"line":63,"column":33}},"type":"binary-expr","locations":[{"start":{"line":63,"column":17},"end":{"line":63,"column":null}},{"start":{"line":63,"column":17},"end":{"line":63,"column":33}}]},"8":{"loc":{"start":{"line":30,"column":47},"end":{"line":30,"column":69}},"type":"cond-expr","locations":[{"start":{"line":30,"column":66},"end":{"line":30,"column":69}},{"start":{"line":30,"column":66},"end":{"line":30,"column":69}}]},"9":{"loc":{"start":{"line":30,"column":47},"end":{"line":30,"column":66}},"type":"binary-expr","locations":[{"start":{"line":30,"column":47},"end":{"line":30,"column":69}},{"start":{"line":30,"column":47},"end":{"line":30,"column":66}}]}},"s":{"0":0,"1":0,"2":0,"3":0,"4":0,"5":0,"6":0,"7":0,"8":0,"9":0,"10":0,"11":0,"12":0,"13":0,"14":0,"15":0,"16":0,"17":0,"18":0,"19":0,"20":0,"21":0,"22":0,"23":0,"24":0,"25":0,"26":0,"27":0,"28":0},"f":{"0":0,"1":0,"2":0,"3":0,"4":0,"5":0,"6":0,"7":0},"b":{"0":[0,0],"1":[0,0],"2":[0,0],"3":[0,0],"4":[0,0],"5":[0,0],"6":[0,0],"7":[0,0],"8":[0,0],"9":[0,0]}}
,"C:\\Users\\USER\\Documents\\quick-vendor-store\\quick-vendor-nestjs-backend\\src\\admin\\dto\\audit-query.dto.ts": {"path":"C:\\Users\\USER\\Documents\\quick-vendor-store\\quick-vendor-nestjs-backend\\src\\admin\\dto\\audit-query.dto.ts","statementMap":{"0":{"start":{"line":1,"column":0},"end":{"line":1,"column":54}},"1":{"start":{"line":2,"column":0},"end":{"line":2,"column":69}},"2":{"start":{"line":3,"column":0},"end":{"line":3,"column":60}},"3":{"start":{"line":5,"column":0},"end":{"line":5,"column":13}},"4":{"start":{"line":9,"column":2},"end":{"line":9,"column":null}},"5":{"start":{"line":14,"column":2},"end":{"line":14,"column":null}},"6":{"start":{"line":19,"column":2},"end":{"line":19,"column":null}},"7":{"start":{"line":24,"column":2},"end":{"line":24,"column":null}},"8":{"start":{"line":29,"column":2},"end":{"line":29,"column":null}}},"fnMap":{},"branchMap":{},"s":{"0":0,"1":0,"2":0,"3":0,"4":0,"5":0,"6":0,"7":0,"8":0},"f":{},"b":{}}
,"C:\\Users\\USER\\Documents\\quick-vendor-store\\quick-vendor-nestjs-backend\\src\\admin\\dto\\order-query.dto.ts": {"path":"C:\\Users\\USER\\Documents\\quick-vendor-store\\quick-vendor-nestjs-backend\\src\\admin\\dto\\order-query.dto.ts","statementMap":{"0":{"start":{"line":1,"column":0},"end":{"line":1,"column":54}},"1":{"start":{"line":2,"column":0},"end":{"line":2,"column":77}},"2":{"start":{"line":3,"column":0},"end":{"line":3,"column":45}},"3":{"start":{"line":4,"column":0},"end":{"line":4,"column":60}},"4":{"start":{"line":6,"column":0},"end":{"line":6,"column":13}},"5":{"start":{"line":10,"column":2},"end":{"line":10,"column":null}},"6":{"start":{"line":15,"column":2},"end":{"line":15,"column":null}},"7":{"start":{"line":20,"column":2},"end":{"line":20,"column":null}},"8":{"start":{"line":25,"column":2},"end":{"line":25,"column":null}},"9":{"start":{"line":30,"column":2},"end":{"line":30,"column":null}}},"fnMap":{},"branchMap":{"0":{"loc":{"start":{"line":10,"column":11},"end":{"line":10,"column":23}},"type":"cond-expr","locations":[{"start":{"line":10,"column":22},"end":{"line":10,"column":23}},{"start":{"line":10,"column":22},"end":{"line":10,"column":23}}]},"1":{"loc":{"start":{"line":10,"column":11},"end":{"line":10,"column":22}},"type":"binary-expr","locations":[{"start":{"line":10,"column":11},"end":{"line":10,"column":23}},{"start":{"line":10,"column":11},"end":{"line":10,"column":22}}]}},"s":{"0":0,"1":0,"2":0,"3":0,"4":0,"5":0,"6":0,"7":0,"8":0,"9":0},"f":{},"b":{"0":[0,0],"1":[0,0]}}
,"C:\\Users\\USER\\Documents\\quick-vendor-store\\quick-vendor-nestjs-backend\\src\\admin\\dto\\pagination-query.dto.ts": {"path":"C:\\Users\\USER\\Documents\\quick-vendor-store\\quick-vendor-nestjs-backend\\src\\admin\\dto\\pagination-query.dto.ts","statementMap":{"0":{"start":{"line":1,"column":0},"end":{"line":1,"column":54}},"1":{"start":{"line":2,"column":0},"end":{"line":2,"column":62}},"2":{"start":{"line":3,"column":0},"end":{"line":3,"column":41}},"3":{"start":{"line":11,"column":17},"end":{"line":11,"column":18}},"4":{"start":{"line":19,"column":18},"end":{"line":19,"column":20}},"5":{"start":{"line":5,"column":0},"end":{"line":5,"column":13}},"6":{"start":{"line":11,"column":2},"end":{"line":11,"column":null}},"7":{"start":{"line":8,"column":14},"end":{"line":8,"column":20}},"8":{"start":{"line":19,"column":2},"end":{"line":19,"column":null}},"9":{"start":{"line":15,"column":14},"end":{"line":15,"column":20}}},"fnMap":{"0":{"name":"(anonymous_2)","decl":{"start":{"line":8,"column":8},"end":{"line":8,"column":11}},"loc":{"start":{"line":8,"column":14},"end":{"line":8,"column":20}}},"1":{"name":"(anonymous_3)","decl":{"start":{"line":15,"column":8},"end":{"line":15,"column":11}},"loc":{"start":{"line":15,"column":14},"end":{"line":15,"column":20}}}},"branchMap":{},"s":{"0":0,"1":0,"2":0,"3":0,"4":0,"5":0,"6":0,"7":0,"8":0,"9":0},"f":{"0":0,"1":0},"b":{}}
,"C:\\Users\\USER\\Documents\\quick-vendor-store\\quick-vendor-nestjs-backend\\src\\admin\\dto\\product-query.dto.ts": {"path":"C:\\Users\\USER\\Documents\\quick-vendor-store\\quick-vendor-nestjs-backend\\src\\admin\\dto\\product-query.dto.ts","statementMap":{"0":{"start":{"line":1,"column":0},"end":{"line":1,"column":54}},"1":{"start":{"line":2,"column":0},"end":{"line":2,"column":66}},"2":{"start":{"line":3,"column":0},"end":{"line":3,"column":46}},"3":{"start":{"line":4,"column":0},"end":{"line":4,"column":60}},"4":{"start":{"line":6,"column":0},"end":{"line":6,"column":13}},"5":{"start":{"line":10,"column":2},"end":{"line":10,"column":null}},"6":{"start":{"line":15,"column":2},"end":{"line":15,"column":null}},"7":{"start":{"line":21,"column":2},"end":{"line":21,"column":null}},"8":{"start":{"line":19,"column":28},"end":{"line":19,"column":44}}},"fnMap":{"0":{"name":"(anonymous_2)","decl":{"start":{"line":19,"column":13},"end":{"line":19,"column":14}},"loc":{"start":{"line":19,"column":28},"end":{"line":19,"column":44}}}},"branchMap":{},"s":{"0":0,"1":0,"2":0,"3":0,"4":0,"5":0,"6":0,"7":0,"8":0},"f":{"0":0},"b":{}}
,"C:\\Users\\USER\\Documents\\quick-vendor-store\\quick-vendor-nestjs-backend\\src\\admin\\dto\\report-query.dto.ts": {"path":"C:\\Users\\USER\\Documents\\quick-vendor-store\\quick-vendor-nestjs-backend\\src\\admin\\dto\\report-query.dto.ts","statementMap":{"0":{"start":{"line":1,"column":0},"end":{"line":1,"column":54}},"1":{"start":{"line":2,"column":0},"end":{"line":2,"column":77}},"2":{"start":{"line":3,"column":0},"end":{"line":3,"column":62}},"3":{"start":{"line":4,"column":0},"end":{"line":4,"column":60}},"4":{"start":{"line":6,"column":0},"end":{"line":6,"column":13}},"5":{"start":{"line":10,"column":2},"end":{"line":10,"column":null}},"6":{"start":{"line":15,"column":2},"end":{"line":15,"column":null}},"7":{"start":{"line":20,"column":2},"end":{"line":20,"column":null}},"8":{"start":{"line":25,"column":2},"end":{"line":25,"column":null}},"9":{"start":{"line":30,"column":2},"end":{"line":30,"column":null}}},"fnMap":{},"branchMap":{"0":{"loc":{"start":{"line":10,"column":11},"end":{"line":10,"column":24}},"type":"cond-expr","locations":[{"start":{"line":10,"column":23},"end":{"line":10,"column":24}},{"start":{"line":10,"column":23},"end":{"line":10,"column":24}}]},"1":{"loc":{"start":{"line":10,"column":11},"end":{"line":10,"column":23}},"type":"binary-expr","locations":[{"start":{"line":10,"column":11},"end":{"line":10,"column":24}},{"start":{"line":10,"column":11},"end":{"line":10,"column":23}}]},"2":{"loc":{"start":{"line":15,"column":13},"end":{"line":15,"column":28}},"type":"cond-expr","locations":[{"start":{"line":15,"column":27},"end":{"line":15,"column":28}},{"start":{"line":15,"column":27},"end":{"line":15,"column":28}}]},"3":{"loc":{"start":{"line":15,"column":13},"end":{"line":15,"column":27}},"type":"binary-expr","locations":[{"start":{"line":15,"column":13},"end":{"line":15,"column":28}},{"start":{"line":15,"column":13},"end":{"line":15,"column":27}}]}},"s":{"0":0,"1":0,"2":0,"3":0,"4":0,"5":0,"6":0,"7":0,"8":0,"9":0},"f":{},"b":{"0":[0,0],"1":[0,0],"2":[0,0],"3":[0,0]}}
,"C:\\Users\\USER\\Documents\\quick-vendor-store\\quick-vendor-nestjs-backend\\src\\admin\\dto\\suspend-vendor.dto.ts": {"path":"C:\\Users\\USER\\Documents\\quick-vendor-store\\quick-vendor-nestjs-backend\\src\\admin\\dto\\suspend-vendor.dto.ts","statementMap":{"0":{"start":{"line":1,"column":0},"end":{"line":1,"column":46}},"1":{"start":{"line":2,"column":0},"end":{"line":2,"column":55}},"2":{"start":{"line":4,"column":0},"end":{"line":4,"column":13}},"3":{"start":{"line":10,"column":2},"end":{"line":10,"column":null}}},"fnMap":{},"branchMap":{},"s":{"0":0,"1":0,"2":0,"3":0},"f":{},"b":{}}
,"C:\\Users\\USER\\Documents\\quick-vendor-store\\quick-vendor-nestjs-backend\\src\\admin\\dto\\update-report.dto.ts": {"path":"C:\\Users\\USER\\Documents\\quick-vendor-store\\quick-vendor-nestjs-backend\\src\\admin\\dto\\update-report.dto.ts","statementMap":{"0":{"start":{"line":1,"column":0},"end":{"line":1,"column":54}},"1":{"start":{"line":2,"column":0},"end":{"line":2,"column":63}},"2":{"start":{"line":3,"column":0},"end":{"line":3,"column":46}},"3":{"start":{"line":5,"column":0},"end":{"line":5,"column":13}},"4":{"start":{"line":9,"column":2},"end":{"line":9,"column":null}},"5":{"start":{"line":14,"column":2},"end":{"line":14,"column":null}}},"fnMap":{},"branchMap":{"0":{"loc":{"start":{"line":9,"column":11},"end":{"line":9,"column":24}},"type":"cond-expr","locations":[{"start":{"line":9,"column":23},"end":{"line":9,"column":24}},{"start":{"line":9,"column":23},"end":{"line":9,"column":24}}]},"1":{"loc":{"start":{"line":9,"column":11},"end":{"line":9,"column":23}},"type":"binary-expr","locations":[{"start":{"line":9,"column":11},"end":{"line":9,"column":24}},{"start":{"line":9,"column":11},"end":{"line":9,"column":23}}]}},"s":{"0":0,"1":0,"2":0,"3":0,"4":0,"5":0},"f":{},"b":{"0":[0,0],"1":[0,0]}}
,"C:\\Users\\USER\\Documents\\quick-vendor-store\\quick-vendor-nestjs-backend\\src\\admin\\dto\\update-settings.dto.ts": {"path":"C:\\Users\\USER\\Documents\\quick-vendor-store\\quick-vendor-nestjs-backend\\src\\admin\\dto\\update-settings.dto.ts","statementMap":{"0":{"start":{"line":1,"column":0},"end":{"line":1,"column":54}},"1":{"start":{"line":2,"column":0},"end":{"line":2,"column":62}},"2":{"start":{"line":4,"column":0},"end":{"line":4,"column":13}},"3":{"start":{"line":13,"column":2},"end":{"line":13,"column":null}},"4":{"start":{"line":23,"column":2},"end":{"line":23,"column":null}},"5":{"start":{"line":33,"column":2},"end":{"line":33,"column":null}},"6":{"start":{"line":43,"column":2},"end":{"line":43,"column":null}}},"fnMap":{},"branchMap":{},"s":{"0":0,"1":0,"2":0,"3":0,"4":0,"5":0,"6":0},"f":{},"b":{}}
,"C:\\Users\\USER\\Documents\\quick-vendor-store\\quick-vendor-nestjs-backend\\src\\admin\\dto\\vendor-query.dto.ts": {"path":"C:\\Users\\USER\\Documents\\quick-vendor-store\\quick-vendor-nestjs-backend\\src\\admin\\dto\\vendor-query.dto.ts","statementMap":{"0":{"start":{"line":1,"column":0},"end":{"line":1,"column":54}},"1":{"start":{"line":2,"column":0},"end":{"line":2,"column":63}},"2":{"start":{"line":3,"column":0},"end":{"line":3,"column":44}},"3":{"start":{"line":4,"column":0},"end":{"line":4,"column":60}},"4":{"start":{"line":6,"column":0},"end":{"line":6,"column":13}},"5":{"start":{"line":10,"column":2},"end":{"line":10,"column":null}},"6":{"start":{"line":15,"column":2},"end":{"line":15,"column":null}}},"fnMap":{},"branchMap":{"0":{"loc":{"start":{"line":15,"column":11},"end":{"line":15,"column":22}},"type":"cond-expr","locations":[{"start":{"line":15,"column":21},"end":{"line":15,"column":22}},{"start":{"line":15,"column":21},"end":{"line":15,"column":22}}]},"1":{"loc":{"start":{"line":15,"column":11},"end":{"line":15,"column":21}},"type":"binary-expr","locations":[{"start":{"line":15,"column":11},"end":{"line":15,"column":22}},{"start":{"line":15,"column":11},"end":{"line":15,"column":21}}]}},"s":{"0":0,"1":0,"2":0,"3":0,"4":0,"5":0,"6":0},"f":{},"b":{"0":[0,0],"1":[0,0]}}
,"C:\\Users\\USER\\Documents\\quick-vendor-store\\quick-vendor-nestjs-backend\\src\\admin\\services\\admin-audit.service.ts": {"path":"C:\\Users\\USER\\Documents\\quick-vendor-store\\quick-vendor-nestjs-backend\\src\\admin\\services\\admin-audit.service.ts","statementMap":{"0":{"start":{"line":1,"column":0},"end":{"line":1,"column":52}},"1":{"start":{"line":3,"column":0},"end":{"line":3,"column":60}},"2":{"start":{"line":6,"column":30},"end":{"line":65,"column":null}},"3":{"start":{"line":7,"column":28},"end":{"line":7,"column":62}},"4":{"start":{"line":9,"column":31},"end":{"line":9,"column":39}},"5":{"start":{"line":18,"column":4},"end":{"line":26,"column":7}},"6":{"start":{"line":27,"column":4},"end":{"line":29,"column":6}},"7":{"start":{"line":41,"column":43},"end":{"line":41,"column":45}},"8":{"start":{"line":43,"column":4},"end":{"line":43,"column":53}},"9":{"start":{"line":43,"column":23},"end":{"line":43,"column":53}},"10":{"start":{"line":44,"column":4},"end":{"line":44,"column":50}},"11":{"start":{"line":44,"column":22},"end":{"line":44,"column":50}},"12":{"start":{"line":45,"column":4},"end":{"line":45,"column":62}},"13":{"start":{"line":45,"column":26},"end":{"line":45,"column":62}},"14":{"start":{"line":46,"column":4},"end":{"line":51,"column":5}},"15":{"start":{"line":47,"column":6},"end":{"line":50,"column":8}},"16":{"start":{"line":53,"column":26},"end":{"line":61,"column":6}},"17":{"start":{"line":63,"column":4},"end":{"line":63,"column":65}},"18":{"start":{"line":6,"column":13},"end":{"line":6,"column":30}},"19":{"start":{"line":6,"column":13},"end":{"line":65,"column":null}}},"fnMap":{"0":{"name":"(anonymous_2)","decl":{"start":{"line":9,"column":2},"end":{"line":9,"column":31}},"loc":{"start":{"line":9,"column":52},"end":{"line":9,"column":56}}},"1":{"name":"(anonymous_3)","decl":{"start":{"line":11,"column":2},"end":{"line":11,"column":7}},"loc":{"start":{"line":16,"column":38},"end":{"line":30,"column":3}}},"2":{"name":"(anonymous_4)","decl":{"start":{"line":32,"column":2},"end":{"line":32,"column":7}},"loc":{"start":{"line":40,"column":3},"end":{"line":64,"column":3}}}},"branchMap":{"0":{"loc":{"start":{"line":24,"column":18},"end":{"line":24,"column":76}},"type":"cond-expr","locations":[{"start":{"line":24,"column":30},"end":{"line":24,"column":64}},{"start":{"line":24,"column":67},"end":{"line":24,"column":76}}]},"1":{"loc":{"start":{"line":43,"column":4},"end":{"line":43,"column":53}},"type":"if","locations":[{"start":{"line":43,"column":4},"end":{"line":43,"column":53}},{"start":{},"end":{}}]},"2":{"loc":{"start":{"line":44,"column":4},"end":{"line":44,"column":50}},"type":"if","locations":[{"start":{"line":44,"column":4},"end":{"line":44,"column":50}},{"start":{},"end":{}}]},"3":{"loc":{"start":{"line":45,"column":4},"end":{"line":45,"column":62}},"type":"if","locations":[{"start":{"line":45,"column":4},"end":{"line":45,"column":62}},{"start":{},"end":{}}]},"4":{"loc":{"start":{"line":46,"column":4},"end":{"line":51,"column":5}},"type":"if","locations":[{"start":{"line":46,"column":4},"end":{"line":51,"column":5}},{"start":{},"end":{}}]},"5":{"loc":{"start":{"line":46,"column":8},"end":{"line":46,"column":40}},"type":"binary-expr","locations":[{"start":{"line":46,"column":8},"end":{"line":46,"column":23}},{"start":{"line":46,"column":27},"end":{"line":46,"column":40}}]},"6":{"loc":{"start":{"line":48,"column":12},"end":{"line":48,"column":59}},"type":"cond-expr","locations":[{"start":{"line":48,"column":30},"end":{"line":48,"column":54}},{"start":{"line":48,"column":57},"end":{"line":48,"column":59}}]},"7":{"loc":{"start":{"line":49,"column":12},"end":{"line":49,"column":55}},"type":"cond-expr","locations":[{"start":{"line":49,"column":28},"end":{"line":49,"column":50}},{"start":{"line":49,"column":53},"end":{"line":49,"column":55}}]},"8":{"loc":{"start":{"line":9,"column":39},"end":{"line":9,"column":55}},"type":"cond-expr","locations":[{"start":{"line":9,"column":52},"end":{"line":9,"column":55}},{"start":{"line":9,"column":52},"end":{"line":9,"column":55}}]},"9":{"loc":{"start":{"line":9,"column":39},"end":{"line":9,"column":52}},"type":"binary-expr","locations":[{"start":{"line":9,"column":39},"end":{"line":9,"column":55}},{"start":{"line":9,"column":39},"end":{"line":9,"column":52}}]}},"s":{"0":0,"1":0,"2":0,"3":0,"4":0,"5":0,"6":0,"7":0,"8":0,"9":0,"10":0,"11":0,"12":0,"13":0,"14":0,"15":0,"16":0,"17":0,"18":0,"19":0},"f":{"0":0,"1":0,"2":0},"b":{"0":[0,0],"1":[0,0],"2":[0,0],"3":[0,0],"4":[0,0],"5":[0,0],"6":[0,0],"7":[0,0],"8":[0,0],"9":[0,0]}}
,"C:\\Users\\USER\\Documents\\quick-vendor-store\\quick-vendor-nestjs-backend\\src\\admin\\services\\admin-dashboard.service.ts": {"path":"C:\\Users\\USER\\Documents\\quick-vendor-store\\quick-vendor-nestjs-backend\\src\\admin\\services\\admin-dashboard.service.ts","statementMap":{"0":{"start":{"line":1,"column":0},"end":{"line":1,"column":52}},"1":{"start":{"line":2,"column":0},"end":{"line":2,"column":60}},"2":{"start":{"line":5,"column":34},"end":{"line":145,"column":null}},"3":{"start":{"line":6,"column":28},"end":{"line":6,"column":66}},"4":{"start":{"line":8,"column":31},"end":{"line":8,"column":39}},"5":{"start":{"line":21,"column":8},"end":{"line":36,"column":6}},"6":{"start":{"line":38,"column":21},"end":{"line":40,"column":6}},"7":{"start":{"line":42,"column":20},"end":{"line":42,"column":49}},"8":{"start":{"line":43,"column":33},"end":{"line":43,"column":68}},"9":{"start":{"line":44,"column":31},"end":{"line":45,"column":null}},"10":{"start":{"line":48,"column":4},"end":{"line":66,"column":6}},"11":{"start":{"line":55,"column":10},"end":{"line":55,"column":41}},"12":{"start":{"line":56,"column":10},"end":{"line":56,"column":21}},"13":{"start":{"line":70,"column":17},"end":{"line":70,"column":65}},"14":{"start":{"line":71,"column":22},"end":{"line":71,"column":32}},"15":{"start":{"line":72,"column":4},"end":{"line":72,"column":50}},"16":{"start":{"line":74,"column":19},"end":{"line":81,"column":6}},"17":{"start":{"line":84,"column":25},"end":{"line":84,"column":50}},"18":{"start":{"line":85,"column":4},"end":{"line":92,"column":5}},"19":{"start":{"line":86,"column":6},"end":{"line":86,"column":34}},"20":{"start":{"line":86,"column":25},"end":{"line":86,"column":34}},"21":{"start":{"line":87,"column":22},"end":{"line":87,"column":62}},"22":{"start":{"line":88,"column":6},"end":{"line":91,"column":8}},"23":{"start":{"line":94,"column":4},"end":{"line":97,"column":8}},"24":{"start":{"line":94,"column":71},"end":{"line":97,"column":6}},"25":{"start":{"line":101,"column":26},"end":{"line":101,"column":36}},"26":{"start":{"line":102,"column":4},"end":{"line":102,"column":56}},"27":{"start":{"line":104,"column":23},"end":{"line":114,"column":6}},"28":{"start":{"line":116,"column":22},"end":{"line":116,"column":55}},"29":{"start":{"line":116,"column":44},"end":{"line":116,"column":54}},"30":{"start":{"line":117,"column":20},"end":{"line":120,"column":6}},"31":{"start":{"line":122,"column":22},"end":{"line":122,"column":60}},"32":{"start":{"line":122,"column":49},"end":{"line":122,"column":58}},"33":{"start":{"line":124,"column":4},"end":{"line":128,"column":8}},"34":{"start":{"line":124,"column":34},"end":{"line":128,"column":6}},"35":{"start":{"line":132,"column":4},"end":{"line":143,"column":7}},"36":{"start":{"line":5,"column":13},"end":{"line":5,"column":34}},"37":{"start":{"line":5,"column":13},"end":{"line":145,"column":null}}},"fnMap":{"0":{"name":"(anonymous_2)","decl":{"start":{"line":8,"column":2},"end":{"line":8,"column":31}},"loc":{"start":{"line":8,"column":52},"end":{"line":8,"column":56}}},"1":{"name":"(anonymous_3)","decl":{"start":{"line":10,"column":2},"end":{"line":10,"column":7}},"loc":{"start":{"line":10,"column":16},"end":{"line":67,"column":3}}},"2":{"name":"(anonymous_4)","decl":{"start":{"line":54,"column":8},"end":{"line":54,"column":9}},"loc":{"start":{"line":54,"column":22},"end":{"line":57,"column":9}}},"3":{"name":"(anonymous_5)","decl":{"start":{"line":69,"column":2},"end":{"line":69,"column":7}},"loc":{"start":{"line":69,"column":52},"end":{"line":98,"column":3}}},"4":{"name":"(anonymous_6)","decl":{"start":{"line":94,"column":50},"end":{"line":94,"column":51}},"loc":{"start":{"line":94,"column":71},"end":{"line":97,"column":6}}},"5":{"name":"(anonymous_7)","decl":{"start":{"line":100,"column":2},"end":{"line":100,"column":7}},"loc":{"start":{"line":100,"column":32},"end":{"line":129,"column":3}}},"6":{"name":"(anonymous_8)","decl":{"start":{"line":116,"column":37},"end":{"line":116,"column":38}},"loc":{"start":{"line":116,"column":44},"end":{"line":116,"column":54}}},"7":{"name":"(anonymous_9)","decl":{"start":{"line":122,"column":42},"end":{"line":122,"column":43}},"loc":{"start":{"line":122,"column":49},"end":{"line":122,"column":58}}},"8":{"name":"(anonymous_10)","decl":{"start":{"line":124,"column":26},"end":{"line":124,"column":27}},"loc":{"start":{"line":124,"column":34},"end":{"line":128,"column":6}}},"9":{"name":"(anonymous_11)","decl":{"start":{"line":131,"column":2},"end":{"line":131,"column":7}},"loc":{"start":{"line":131,"column":34},"end":{"line":144,"column":3}}}},"branchMap":{"0":{"loc":{"start":{"line":42,"column":20},"end":{"line":42,"column":49}},"type":"binary-expr","locations":[{"start":{"line":42,"column":20},"end":{"line":42,"column":44}},{"start":{"line":42,"column":48},"end":{"line":42,"column":49}}]},"1":{"loc":{"start":{"line":43,"column":33},"end":{"line":43,"column":68}},"type":"binary-expr","locations":[{"start":{"line":43,"column":33},"end":{"line":43,"column":63}},{"start":{"line":43,"column":67},"end":{"line":43,"column":68}}]},"2":{"loc":{"start":{"line":70,"column":17},"end":{"line":70,"column":65}},"type":"cond-expr","locations":[{"start":{"line":70,"column":35},"end":{"line":70,"column":36}},{"start":{"line":70,"column":39},"end":{"line":70,"column":65}}]},"3":{"loc":{"start":{"line":70,"column":39},"end":{"line":70,"column":65}},"type":"cond-expr","locations":[{"start":{"line":70,"column":58},"end":{"line":70,"column":60}},{"start":{"line":70,"column":63},"end":{"line":70,"column":65}}]},"4":{"loc":{"start":{"line":86,"column":6},"end":{"line":86,"column":34}},"type":"if","locations":[{"start":{"line":86,"column":6},"end":{"line":86,"column":34}},{"start":{},"end":{}}]},"5":{"loc":{"start":{"line":90,"column":9},"end":{"line":90,"column":39}},"type":"binary-expr","locations":[{"start":{"line":90,"column":9},"end":{"line":90,"column":34}},{"start":{"line":90,"column":38},"end":{"line":90,"column":39}}]},"6":{"loc":{"start":{"line":100,"column":22},"end":{"line":100,"column":32}},"type":"default-arg","locations":[{"start":{"line":100,"column":30},"end":{"line":100,"column":32}}]},"7":{"loc":{"start":{"line":126,"column":20},"end":{"line":126,"column":38}},"type":"binary-expr","locations":[{"start":{"line":126,"column":20},"end":{"line":126,"column":33}},{"start":{"line":126,"column":37},"end":{"line":126,"column":38}}]},"8":{"loc":{"start":{"line":131,"column":24},"end":{"line":131,"column":34}},"type":"default-arg","locations":[{"start":{"line":131,"column":32},"end":{"line":131,"column":34}}]},"9":{"loc":{"start":{"line":8,"column":39},"end":{"line":8,"column":55}},"type":"cond-expr","locations":[{"start":{"line":8,"column":52},"end":{"line":8,"column":55}},{"start":{"line":8,"column":52},"end":{"line":8,"column":55}}]},"10":{"loc":{"start":{"line":8,"column":39},"end":{"line":8,"column":52}},"type":"binary-expr","locations":[{"start":{"line":8,"column":39},"end":{"line":8,"column":55}},{"start":{"line":8,"column":39},"end":{"line":8,"column":52}}]}},"s":{"0":0,"1":0,"2":0,"3":0,"4":0,"5":0,"6":0,"7":0,"8":0,"9":0,"10":0,"11":0,"12":0,"13":0,"14":0,"15":0,"16":0,"17":0,"18":0,"19":0,"20":0,"21":0,"22":0,"23":0,"24":0,"25":0,"26":0,"27":0,"28":0,"29":0,"30":0,"31":0,"32":0,"33":0,"34":0,"35":0,"36":0,"37":0},"f":{"0":0,"1":0,"2":0,"3":0,"4":0,"5":0,"6":0,"7":0,"8":0,"9":0},"b":{"0":[0,0],"1":[0,0],"2":[0,0],"3":[0,0],"4":[0,0],"5":[0,0],"6":[0],"7":[0,0],"8":[0],"9":[0,0],"10":[0,0]}}
,"C:\\Users\\USER\\Documents\\quick-vendor-store\\quick-vendor-nestjs-backend\\src\\admin\\services\\admin-orders.service.ts": {"path":"C:\\Users\\USER\\Documents\\quick-vendor-store\\quick-vendor-nestjs-backend\\src\\admin\\services\\admin-orders.service.ts","statementMap":{"0":{"start":{"line":1,"column":0},"end":{"line":1,"column":52}},"1":{"start":{"line":2,"column":0},"end":{"line":2,"column":60}},"2":{"start":{"line":3,"column":0},"end":{"line":3,"column":58}},"3":{"start":{"line":4,"column":0},"end":{"line":4,"column":66}},"4":{"start":{"line":8,"column":31},"end":{"line":78,"column":null}},"5":{"start":{"line":9,"column":28},"end":{"line":9,"column":63}},"6":{"start":{"line":12,"column":21},"end":{"line":12,"column":29}},"7":{"start":{"line":13,"column":21},"end":{"line":13,"column":35}},"8":{"start":{"line":14,"column":21},"end":{"line":14,"column":38}},"9":{"start":{"line":26,"column":43},"end":{"line":26,"column":45}},"10":{"start":{"line":28,"column":4},"end":{"line":28,"column":50}},"11":{"start":{"line":28,"column":22},"end":{"line":28,"column":50}},"12":{"start":{"line":29,"column":4},"end":{"line":29,"column":56}},"13":{"start":{"line":29,"column":24},"end":{"line":29,"column":56}},"14":{"start":{"line":30,"column":4},"end":{"line":36,"column":5}},"15":{"start":{"line":31,"column":6},"end":{"line":35,"column":8}},"16":{"start":{"line":37,"column":4},"end":{"line":42,"column":5}},"17":{"start":{"line":38,"column":6},"end":{"line":41,"column":8}},"18":{"start":{"line":44,"column":26},"end":{"line":56,"column":6}},"19":{"start":{"line":58,"column":4},"end":{"line":58,"column":65}},"20":{"start":{"line":62,"column":4},"end":{"line":70,"column":7}},"21":{"start":{"line":74,"column":4},"end":{"line":74,"column":60}},"22":{"start":{"line":76,"column":4},"end":{"line":76,"column":77}},"23":{"start":{"line":8,"column":13},"end":{"line":8,"column":31}},"24":{"start":{"line":8,"column":13},"end":{"line":78,"column":null}}},"fnMap":{"0":{"name":"(anonymous_2)","decl":{"start":{"line":11,"column":2},"end":{"line":11,"column":null}},"loc":{"start":{"line":14,"column":53},"end":{"line":15,"column":6}}},"1":{"name":"(anonymous_3)","decl":{"start":{"line":17,"column":2},"end":{"line":17,"column":7}},"loc":{"start":{"line":25,"column":3},"end":{"line":59,"column":3}}},"2":{"name":"(anonymous_4)","decl":{"start":{"line":61,"column":2},"end":{"line":61,"column":7}},"loc":{"start":{"line":61,"column":26},"end":{"line":71,"column":3}}},"3":{"name":"(anonymous_5)","decl":{"start":{"line":73,"column":2},"end":{"line":73,"column":7}},"loc":{"start":{"line":73,"column":47},"end":{"line":77,"column":3}}}},"branchMap":{"0":{"loc":{"start":{"line":28,"column":4},"end":{"line":28,"column":50}},"type":"if","locations":[{"start":{"line":28,"column":4},"end":{"line":28,"column":50}},{"start":{},"end":{}}]},"1":{"loc":{"start":{"line":29,"column":4},"end":{"line":29,"column":56}},"type":"if","locations":[{"start":{"line":29,"column":4},"end":{"line":29,"column":56}},{"start":{},"end":{}}]},"2":{"loc":{"start":{"line":30,"column":4},"end":{"line":36,"column":5}},"type":"if","locations":[{"start":{"line":30,"column":4},"end":{"line":36,"column":5}},{"start":{},"end":{}}]},"3":{"loc":{"start":{"line":37,"column":4},"end":{"line":42,"column":5}},"type":"if","locations":[{"start":{"line":37,"column":4},"end":{"line":42,"column":5}},{"start":{},"end":{}}]},"4":{"loc":{"start":{"line":37,"column":8},"end":{"line":37,"column":40}},"type":"binary-expr","locations":[{"start":{"line":37,"column":8},"end":{"line":37,"column":23}},{"start":{"line":37,"column":27},"end":{"line":37,"column":40}}]},"5":{"loc":{"start":{"line":39,"column":12},"end":{"line":39,"column":59}},"type":"cond-expr","locations":[{"start":{"line":39,"column":30},"end":{"line":39,"column":54}},{"start":{"line":39,"column":57},"end":{"line":39,"column":59}}]},"6":{"loc":{"start":{"line":40,"column":12},"end":{"line":40,"column":55}},"type":"cond-expr","locations":[{"start":{"line":40,"column":28},"end":{"line":40,"column":50}},{"start":{"line":40,"column":53},"end":{"line":40,"column":55}}]},"7":{"loc":{"start":{"line":12,"column":29},"end":{"line":12,"column":null}},"type":"cond-expr","locations":[{"start":{"line":12,"column":42},"end":{"line":12,"column":null}},{"start":{"line":12,"column":42},"end":{"line":12,"column":null}}]},"8":{"loc":{"start":{"line":12,"column":29},"end":{"line":12,"column":42}},"type":"binary-expr","locations":[{"start":{"line":12,"column":29},"end":{"line":12,"column":null}},{"start":{"line":12,"column":29},"end":{"line":12,"column":42}}]},"9":{"loc":{"start":{"line":12,"column":42},"end":{"line":13,"column":null}},"type":"cond-expr","locations":[{"start":{"line":13,"column":52},"end":{"line":13,"column":null}},{"start":{"line":13,"column":52},"end":{"line":13,"column":null}}]},"10":{"loc":{"start":{"line":12,"column":42},"end":{"line":13,"column":52}},"type":"binary-expr","locations":[{"start":{"line":12,"column":42},"end":{"line":13,"column":null}},{"start":{"line":13,"column":35},"end":{"line":13,"column":52}}]},"11":{"loc":{"start":{"line":13,"column":52},"end":{"line":14,"column":null}},"type":"cond-expr","locations":[{"start":{"line":14,"column":53},"end":{"line":14,"column":null}},{"start":{"line":14,"column":53},"end":{"line":14,"column":null}}]},"12":{"loc":{"start":{"line":13,"column":52},"end":{"line":14,"column":53}},"type":"binary-expr","locations":[{"start":{"line":13,"column":52},"end":{"line":14,"column":null}},{"start":{"line":14,"column":38},"end":{"line":14,"column":53}}]}},"s":{"0":0,"1":0,"2":0,"3":0,"4":0,"5":0,"6":0,"7":0,"8":0,"9":0,"10":0,"11":0,"12":0,"13":0,"14":0,"15":0,"16":0,"17":0,"18":0,"19":0,"20":0,"21":0,"22":0,"23":0,"24":0},"f":{"0":0,"1":0,"2":0,"3":0},"b":{"0":[0,0],"1":[0,0],"2":[0,0],"3":[0,0],"4":[0,0],"5":[0,0],"6":[0,0],"7":[0,0],"8":[0,0],"9":[0,0],"10":[0,0],"11":[0,0],"12":[0,0]}}
,"C:\\Users\\USER\\Documents\\quick-vendor-store\\quick-vendor-nestjs-backend\\src\\admin\\services\\admin-products.service.ts": {"path":"C:\\Users\\USER\\Documents\\quick-vendor-store\\quick-vendor-nestjs-backend\\src\\admin\\services\\admin-products.service.ts","statementMap":{"0":{"start":{"line":1,"column":0},"end":{"line":1,"column":71}},"1":{"start":{"line":2,"column":0},"end":{"line":2,"column":60}},"2":{"start":{"line":3,"column":0},"end":{"line":3,"column":58}},"3":{"start":{"line":6,"column":33},"end":{"line":102,"column":null}},"4":{"start":{"line":7,"column":28},"end":{"line":7,"column":65}},"5":{"start":{"line":10,"column":21},"end":{"line":10,"column":29}},"6":{"start":{"line":11,"column":21},"end":{"line":11,"column":35}},"7":{"start":{"line":21,"column":43},"end":{"line":21,"column":45}},"8":{"start":{"line":23,"column":4},"end":{"line":25,"column":5}},"9":{"start":{"line":24,"column":6},"end":{"line":24,"column":67}},"10":{"start":{"line":26,"column":4},"end":{"line":26,"column":54}},"11":{"start":{"line":26,"column":24},"end":{"line":26,"column":54}},"12":{"start":{"line":27,"column":4},"end":{"line":27,"column":79}},"13":{"start":{"line":27,"column":41},"end":{"line":27,"column":79}},"14":{"start":{"line":29,"column":26},"end":{"line":40,"column":6}},"15":{"start":{"line":42,"column":4},"end":{"line":42,"column":65}},"16":{"start":{"line":46,"column":20},"end":{"line":48,"column":6}},"17":{"start":{"line":49,"column":4},"end":{"line":49,"column":67}},"18":{"start":{"line":49,"column":18},"end":{"line":49,"column":67}},"19":{"start":{"line":51,"column":4},"end":{"line":54,"column":7}},"20":{"start":{"line":56,"column":4},"end":{"line":61,"column":6}},"21":{"start":{"line":65,"column":20},"end":{"line":67,"column":6}},"22":{"start":{"line":68,"column":4},"end":{"line":68,"column":67}},"23":{"start":{"line":68,"column":18},"end":{"line":68,"column":67}},"24":{"start":{"line":70,"column":4},"end":{"line":73,"column":7}},"25":{"start":{"line":75,"column":4},"end":{"line":80,"column":6}},"26":{"start":{"line":84,"column":20},"end":{"line":86,"column":6}},"27":{"start":{"line":87,"column":4},"end":{"line":87,"column":67}},"28":{"start":{"line":87,"column":18},"end":{"line":87,"column":67}},"29":{"start":{"line":89,"column":4},"end":{"line":89,"column":67}},"30":{"start":{"line":91,"column":4},"end":{"line":100,"column":6}},"31":{"start":{"line":6,"column":13},"end":{"line":6,"column":33}},"32":{"start":{"line":6,"column":13},"end":{"line":102,"column":null}}},"fnMap":{"0":{"name":"(anonymous_2)","decl":{"start":{"line":9,"column":2},"end":{"line":9,"column":null}},"loc":{"start":{"line":11,"column":52},"end":{"line":12,"column":6}}},"1":{"name":"(anonymous_3)","decl":{"start":{"line":14,"column":2},"end":{"line":14,"column":7}},"loc":{"start":{"line":20,"column":3},"end":{"line":43,"column":3}}},"2":{"name":"(anonymous_4)","decl":{"start":{"line":45,"column":2},"end":{"line":45,"column":7}},"loc":{"start":{"line":45,"column":54},"end":{"line":62,"column":3}}},"3":{"name":"(anonymous_5)","decl":{"start":{"line":64,"column":2},"end":{"line":64,"column":7}},"loc":{"start":{"line":64,"column":56},"end":{"line":81,"column":3}}},"4":{"name":"(anonymous_6)","decl":{"start":{"line":83,"column":2},"end":{"line":83,"column":7}},"loc":{"start":{"line":83,"column":56},"end":{"line":101,"column":3}}}},"branchMap":{"0":{"loc":{"start":{"line":23,"column":4},"end":{"line":25,"column":5}},"type":"if","locations":[{"start":{"line":23,"column":4},"end":{"line":25,"column":5}},{"start":{},"end":{}}]},"1":{"loc":{"start":{"line":26,"column":4},"end":{"line":26,"column":54}},"type":"if","locations":[{"start":{"line":26,"column":4},"end":{"line":26,"column":54}},{"start":{},"end":{}}]},"2":{"loc":{"start":{"line":27,"column":4},"end":{"line":27,"column":79}},"type":"if","locations":[{"start":{"line":27,"column":4},"end":{"line":27,"column":79}},{"start":{},"end":{}}]},"3":{"loc":{"start":{"line":49,"column":4},"end":{"line":49,"column":67}},"type":"if","locations":[{"start":{"line":49,"column":4},"end":{"line":49,"column":67}},{"start":{},"end":{}}]},"4":{"loc":{"start":{"line":68,"column":4},"end":{"line":68,"column":67}},"type":"if","locations":[{"start":{"line":68,"column":4},"end":{"line":68,"column":67}},{"start":{},"end":{}}]},"5":{"loc":{"start":{"line":87,"column":4},"end":{"line":87,"column":67}},"type":"if","locations":[{"start":{"line":87,"column":4},"end":{"line":87,"column":67}},{"start":{},"end":{}}]},"6":{"loc":{"start":{"line":10,"column":29},"end":{"line":10,"column":null}},"type":"cond-expr","locations":[{"start":{"line":10,"column":42},"end":{"line":10,"column":null}},{"start":{"line":10,"column":42},"end":{"line":10,"column":null}}]},"7":{"loc":{"start":{"line":10,"column":29},"end":{"line":10,"column":42}},"type":"binary-expr","locations":[{"start":{"line":10,"column":29},"end":{"line":10,"column":null}},{"start":{"line":10,"column":29},"end":{"line":10,"column":42}}]},"8":{"loc":{"start":{"line":10,"column":42},"end":{"line":11,"column":null}},"type":"cond-expr","locations":[{"start":{"line":11,"column":52},"end":{"line":11,"column":null}},{"start":{"line":11,"column":52},"end":{"line":11,"column":null}}]},"9":{"loc":{"start":{"line":10,"column":42},"end":{"line":11,"column":52}},"type":"binary-expr","locations":[{"start":{"line":10,"column":42},"end":{"line":11,"column":null}},{"start":{"line":11,"column":35},"end":{"line":11,"column":52}}]}},"s":{"0":0,"1":0,"2":0,"3":0,"4":0,"5":0,"6":0,"7":0,"8":0,"9":0,"10":0,"11":0,"12":0,"13":0,"14":0,"15":0,"16":0,"17":0,"18":0,"19":0,"20":0,"21":0,"22":0,"23":0,"24":0,"25":0,"26":0,"27":0,"28":0,"29":0,"30":0,"31":0,"32":0},"f":{"0":0,"1":0,"2":0,"3":0,"4":0},"b":{"0":[0,0],"1":[0,0],"2":[0,0],"3":[0,0],"4":[0,0],"5":[0,0],"6":[0,0],"7":[0,0],"8":[0,0],"9":[0,0]}}
,"C:\\Users\\USER\\Documents\\quick-vendor-store\\quick-vendor-nestjs-backend\\src\\admin\\services\\admin-reports.service.ts": {"path":"C:\\Users\\USER\\Documents\\quick-vendor-store\\quick-vendor-nestjs-backend\\src\\admin\\services\\admin-reports.service.ts","statementMap":{"0":{"start":{"line":1,"column":0},"end":{"line":1,"column":71}},"1":{"start":{"line":2,"column":0},"end":{"line":2,"column":60}},"2":{"start":{"line":3,"column":0},"end":{"line":3,"column":58}},"3":{"start":{"line":4,"column":0},"end":{"line":4,"column":65}},"4":{"start":{"line":8,"column":32},"end":{"line":195,"column":null}},"5":{"start":{"line":9,"column":28},"end":{"line":9,"column":64}},"6":{"start":{"line":12,"column":21},"end":{"line":12,"column":29}},"7":{"start":{"line":13,"column":21},"end":{"line":13,"column":35}},"8":{"start":{"line":14,"column":21},"end":{"line":14,"column":32}},"9":{"start":{"line":26,"column":43},"end":{"line":26,"column":45}},"10":{"start":{"line":28,"column":4},"end":{"line":28,"column":50}},"11":{"start":{"line":28,"column":22},"end":{"line":28,"column":50}},"12":{"start":{"line":29,"column":4},"end":{"line":29,"column":56}},"13":{"start":{"line":29,"column":24},"end":{"line":29,"column":56}},"14":{"start":{"line":30,"column":4},"end":{"line":30,"column":56}},"15":{"start":{"line":30,"column":24},"end":{"line":30,"column":56}},"16":{"start":{"line":31,"column":4},"end":{"line":36,"column":5}},"17":{"start":{"line":32,"column":6},"end":{"line":35,"column":8}},"18":{"start":{"line":38,"column":26},"end":{"line":50,"column":6}},"19":{"start":{"line":52,"column":4},"end":{"line":52,"column":65}},"20":{"start":{"line":56,"column":21},"end":{"line":58,"column":6}},"21":{"start":{"line":60,"column":22},"end":{"line":60,"column":56}},"22":{"start":{"line":61,"column":23},"end":{"line":61,"column":59}},"23":{"start":{"line":62,"column":24},"end":{"line":62,"column":34}},"24":{"start":{"line":63,"column":4},"end":{"line":63,"column":60}},"25":{"start":{"line":66,"column":29},"end":{"line":74,"column":6}},"26":{"start":{"line":76,"column":22},"end":{"line":76,"column":61}},"27":{"start":{"line":76,"column":50},"end":{"line":76,"column":60}},"28":{"start":{"line":77,"column":20},"end":{"line":86,"column":6}},"29":{"start":{"line":88,"column":22},"end":{"line":88,"column":60}},"30":{"start":{"line":88,"column":49},"end":{"line":88,"column":58}},"31":{"start":{"line":90,"column":4},"end":{"line":93,"column":8}},"32":{"start":{"line":90,"column":40},"end":{"line":93,"column":6}},"33":{"start":{"line":97,"column":19},"end":{"line":105,"column":6}},"34":{"start":{"line":107,"column":4},"end":{"line":107,"column":65}},"35":{"start":{"line":107,"column":17},"end":{"line":107,"column":65}},"36":{"start":{"line":110,"column":27},"end":{"line":114,"column":6}},"37":{"start":{"line":116,"column":4},"end":{"line":116,"column":41}},"38":{"start":{"line":127,"column":19},"end":{"line":129,"column":6}},"39":{"start":{"line":130,"column":4},"end":{"line":130,"column":65}},"40":{"start":{"line":130,"column":17},"end":{"line":130,"column":65}},"41":{"start":{"line":132,"column":48},"end":{"line":132,"column":50}},"42":{"start":{"line":133,"column":4},"end":{"line":139,"column":5}},"43":{"start":{"line":134,"column":6},"end":{"line":134,"column":38}},"44":{"start":{"line":135,"column":6},"end":{"line":138,"column":7}},"45":{"start":{"line":136,"column":8},"end":{"line":136,"column":43}},"46":{"start":{"line":137,"column":8},"end":{"line":137,"column":40}},"47":{"start":{"line":140,"column":4},"end":{"line":142,"column":5}},"48":{"start":{"line":141,"column":6},"end":{"line":141,"column":46}},"49":{"start":{"line":144,"column":20},"end":{"line":147,"column":6}},"50":{"start":{"line":149,"column":4},"end":{"line":155,"column":6}},"51":{"start":{"line":157,"column":4},"end":{"line":157,"column":19}},"52":{"start":{"line":161,"column":19},"end":{"line":163,"column":6}},"53":{"start":{"line":164,"column":4},"end":{"line":164,"column":65}},"54":{"start":{"line":164,"column":17},"end":{"line":164,"column":65}},"55":{"start":{"line":166,"column":4},"end":{"line":183,"column":7}},"56":{"start":{"line":185,"column":4},"end":{"line":185,"column":47}},"57":{"start":{"line":187,"column":4},"end":{"line":193,"column":6}},"58":{"start":{"line":8,"column":13},"end":{"line":8,"column":32}},"59":{"start":{"line":8,"column":13},"end":{"line":195,"column":null}}},"fnMap":{"0":{"name":"(anonymous_2)","decl":{"start":{"line":11,"column":2},"end":{"line":11,"column":null}},"loc":{"start":{"line":14,"column":48},"end":{"line":15,"column":6}}},"1":{"name":"(anonymous_3)","decl":{"start":{"line":17,"column":2},"end":{"line":17,"column":7}},"loc":{"start":{"line":25,"column":3},"end":{"line":53,"column":3}}},"2":{"name":"(anonymous_4)","decl":{"start":{"line":55,"column":2},"end":{"line":55,"column":7}},"loc":{"start":{"line":55,"column":20},"end":{"line":94,"column":3}}},"3":{"name":"(anonymous_5)","decl":{"start":{"line":76,"column":43},"end":{"line":76,"column":44}},"loc":{"start":{"line":76,"column":50},"end":{"line":76,"column":60}}},"4":{"name":"(anonymous_6)","decl":{"start":{"line":88,"column":42},"end":{"line":88,"column":43}},"loc":{"start":{"line":88,"column":49},"end":{"line":88,"column":58}}},"5":{"name":"(anonymous_7)","decl":{"start":{"line":90,"column":32},"end":{"line":90,"column":33}},"loc":{"start":{"line":90,"column":40},"end":{"line":93,"column":6}}},"6":{"name":"(anonymous_8)","decl":{"start":{"line":96,"column":2},"end":{"line":96,"column":7}},"loc":{"start":{"line":96,"column":26},"end":{"line":117,"column":3}}},"7":{"name":"(anonymous_9)","decl":{"start":{"line":119,"column":2},"end":{"line":119,"column":7}},"loc":{"start":{"line":125,"column":5},"end":{"line":158,"column":3}}},"8":{"name":"(anonymous_10)","decl":{"start":{"line":160,"column":2},"end":{"line":160,"column":7}},"loc":{"start":{"line":160,"column":65},"end":{"line":194,"column":3}}}},"branchMap":{"0":{"loc":{"start":{"line":28,"column":4},"end":{"line":28,"column":50}},"type":"if","locations":[{"start":{"line":28,"column":4},"end":{"line":28,"column":50}},{"start":{},"end":{}}]},"1":{"loc":{"start":{"line":29,"column":4},"end":{"line":29,"column":56}},"type":"if","locations":[{"start":{"line":29,"column":4},"end":{"line":29,"column":56}},{"start":{},"end":{}}]},"2":{"loc":{"start":{"line":30,"column":4},"end":{"line":30,"column":56}},"type":"if","locations":[{"start":{"line":30,"column":4},"end":{"line":30,"column":56}},{"start":{},"end":{}}]},"3":{"loc":{"start":{"line":31,"column":4},"end":{"line":36,"column":5}},"type":"if","locations":[{"start":{"line":31,"column":4},"end":{"line":36,"column":5}},{"start":{},"end":{}}]},"4":{"loc":{"start":{"line":31,"column":8},"end":{"line":31,"column":40}},"type":"binary-expr","locations":[{"start":{"line":31,"column":8},"end":{"line":31,"column":23}},{"start":{"line":31,"column":27},"end":{"line":31,"column":40}}]},"5":{"loc":{"start":{"line":33,"column":12},"end":{"line":33,"column":59}},"type":"cond-expr","locations":[{"start":{"line":33,"column":30},"end":{"line":33,"column":54}},{"start":{"line":33,"column":57},"end":{"line":33,"column":59}}]},"6":{"loc":{"start":{"line":34,"column":12},"end":{"line":34,"column":55}},"type":"cond-expr","locations":[{"start":{"line":34,"column":28},"end":{"line":34,"column":50}},{"start":{"line":34,"column":53},"en
[...]
mn":38}},"41":{"start":{"line":122,"column":4},"end":{"line":122,"column":19}},"42":{"start":{"line":126,"column":17},"end":{"line":126,"column":46}},"43":{"start":{"line":128,"column":4},"end":{"line":130,"column":5}},"44":{"start":{"line":129,"column":6},"end":{"line":129,"column":54}},"45":{"start":{"line":132,"column":20},"end":{"line":135,"column":6}},"46":{"start":{"line":136,"column":4},"end":{"line":136,"column":38}},"47":{"start":{"line":137,"column":4},"end":{"line":137,"column":19}},"48":{"start":{"line":141,"column":4},"end":{"line":149,"column":5}},"49":{"start":{"line":143,"column":18},"end":{"line":143,"column":51}},"50":{"start":{"line":144,"column":6},"end":{"line":146,"column":7}},"51":{"start":{"line":145,"column":8},"end":{"line":145,"column":50}},"52":{"start":{"line":148,"column":6},"end":{"line":148,"column":71}},"53":{"start":{"line":155,"column":20},"end":{"line":155,"column":54}},"54":{"start":{"line":156,"column":4},"end":{"line":156,"column":35}},"55":{"start":{"line":156,"column":17},"end":{"line":156,"column":35}},"56":{"start":{"line":158,"column":23},"end":{"line":158,"column":52}},"57":{"start":{"line":159,"column":4},"end":{"line":159,"column":41}},"58":{"start":{"line":159,"column":20},"end":{"line":159,"column":41}},"59":{"start":{"line":161,"column":4},"end":{"line":161,"column":16}},"60":{"start":{"line":17,"column":13},"end":{"line":17,"column":25}},"61":{"start":{"line":17,"column":13},"end":{"line":163,"column":null}}},"fnMap":{"0":{"name":"(anonymous_2)","decl":{"start":{"line":20,"column":2},"end":{"line":20,"column":null}},"loc":{"start":{"line":25,"column":53},"end":{"line":26,"column":6}}},"1":{"name":"(anonymous_3)","decl":{"start":{"line":28,"column":2},"end":{"line":28,"column":7}},"loc":{"start":{"line":28,"column":33},"end":{"line":56,"column":3}}},"2":{"name":"(anonymous_4)","decl":{"start":{"line":58,"column":2},"end":{"line":58,"column":7}},"loc":{"start":{"line":58,"column":33},"end":{"line":68,"column":3}}},"3":{"name":"(anonymous_5)","decl":{"start":{"line":70,"column":2},"end":{"line":70,"column":7}},"loc":{"start":{"line":70,"column":55},"end":{"line":101,"column":3}}},"4":{"name":"(anonymous_6)","decl":{"start":{"line":103,"column":2},"end":{"line":103,"column":7}},"loc":{"start":{"line":103,"column":62},"end":{"line":123,"column":3}}},"5":{"name":"(anonymous_7)","decl":{"start":{"line":125,"column":2},"end":{"line":125,"column":7}},"loc":{"start":{"line":125,"column":35},"end":{"line":138,"column":3}}},"6":{"name":"(anonymous_8)","decl":{"start":{"line":140,"column":10},"end":{"line":140,"column":15}},"loc":{"start":{"line":140,"column":54},"end":{"line":150,"column":3}}},"7":{"name":"(anonymous_9)","decl":{"start":{"line":152,"column":10},"end":{"line":152,"column":27}},"loc":{"start":{"line":152,"column":39},"end":{"line":162,"column":3}}}},"branchMap":{"0":{"loc":{"start":{"line":33,"column":4},"end":{"line":35,"column":5}},"type":"if","locations":[{"start":{"line":33,"column":4},"end":{"line":35,"column":5}},{"start":{},"end":{}}]},"1":{"loc":{"start":{"line":43,"column":24},"end":{"line":43,"column":49}},"type":"binary-expr","locations":[{"start":{"line":43,"column":24},"end":{"line":43,"column":43}},{"start":{"line":43,"column":47},"end":{"line":43,"column":49}}]},"2":{"loc":{"start":{"line":44,"column":19},"end":{"line":44,"column":41}},"type":"binary-expr","locations":[{"start":{"line":44,"column":19},"end":{"line":44,"column":33}},{"start":{"line":44,"column":37},"end":{"line":44,"column":41}}]},"3":{"loc":{"start":{"line":51,"column":4},"end":{"line":53,"column":5}},"type":"if","locations":[{"start":{"line":51,"column":4},"end":{"line":53,"column":5}},{"start":{},"end":{}}]},"4":{"loc":{"start":{"line":63,"column":4},"end":{"line":65,"column":5}},"type":"if","locations":[{"start":{"line":63,"column":4},"end":{"line":65,"column":5}},{"start":{},"end":{}}]},"5":{"loc":{"start":{"line":72,"column":4},"end":{"line":79,"column":5}},"type":"if","locations":[{"start":{"line":72,"column":4},"end":{"line":79,"column":5}},{"start":{},"end":{}}]},"6":{"loc":{"start":{"line":76,"column":6},"end":{"line":78,"column":7}},"type":"if","locations":[{"start":{"line":76,"column":6},"end":{"line":78,"column":7}},{"start":{},"end":{}}]},"7":{"loc":{"start":{"line":76,"column":10},"end":{"line":76,"column":44}},"type":"binary-expr","locations":[{"start":{"line":76,"column":10},"end":{"line":76,"column":18}},{"start":{"line":76,"column":22},"end":{"line":76,"column":44}}]},"8":{"loc":{"start":{"line":84,"column":12},"end":{"line":84,"column":73}},"type":"binary-expr","locations":[{"start":{"line":84,"column":12},"end":{"line":84,"column":40}},{"start":{"line":84,"column":44},"end":{"line":84,"column":73}}]},"9":{"loc":{"start":{"line":85,"column":12},"end":{"line":85,"column":73}},"type":"binary-expr","locations":[{"start":{"line":85,"column":12},"end":{"line":85,"column":40}},{"start":{"line":85,"column":44},"end":{"line":85,"column":73}}]},"10":{"loc":{"start":{"line":86,"column":12},"end":{"line":89,"column":10}},"type":"binary-expr","locations":[{"start":{"line":86,"column":12},"end":{"line":86,"column":45}},{"start":{"line":86,"column":49},"end":{"line":89,"column":10}}]},"11":{"loc":{"start":{"line":96,"column":4},"end":{"line":98,"column":5}},"type":"if","locations":[{"start":{"line":96,"column":4},"end":{"line":98,"column":5}},{"start":{},"end":{}}]},"12":{"loc":{"start":{"line":106,"column":4},"end":{"line":108,"column":5}},"type":"if","locations":[{"start":{"line":106,"column":4},"end":{"line":108,"column":5}},{"start":{},"end":{}}]},"13":{"loc":{"start":{"line":128,"column":4},"end":{"line":130,"column":5}},"type":"if","locations":[{"start":{"line":128,"column":4},"end":{"line":130,"column":5}},{"start":{},"end":{}}]},"14":{"loc":{"start":{"line":144,"column":6},"end":{"line":146,"column":7}},"type":"if","locations":[{"start":{"line":144,"column":6},"end":{"line":146,"column":7}},{"start":{},"end":{}}]},"15":{"loc":{"start":{"line":156,"column":4},"end":{"line":156,"column":35}},"type":"if","locations":[{"start":{"line":156,"column":4},"end":{"line":156,"column":35}},{"start":{},"end":{}}]},"16":{"loc":{"start":{"line":159,"column":4},"end":{"line":159,"column":41}},"type":"if","locations":[{"start":{"line":159,"column":4},"end":{"line":159,"column":41}},{"start":{},"end":{}}]},"17":{"loc":{"start":{"line":21,"column":29},"end":{"line":21,"column":null}},"type":"cond-expr","locations":[{"start":{"line":21,"column":42},"end":{"line":21,"column":null}},{"start":{"line":21,"column":42},"end":{"line":21,"column":null}}]},"18":{"loc":{"start":{"line":21,"column":29},"end":{"line":21,"column":42}},"type":"binary-expr","locations":[{"start":{"line":21,"column":29},"end":{"line":21,"column":null}},{"start":{"line":21,"column":29},"end":{"line":21,"column":42}}]},"19":{"loc":{"start":{"line":21,"column":42},"end":{"line":22,"column":null}},"type":"cond-expr","locations":[{"start":{"line":22,"column":45},"end":{"line":22,"column":null}},{"start":{"line":22,"column":45},"end":{"line":22,"column":null}}]},"20":{"loc":{"start":{"line":21,"column":42},"end":{"line":22,"column":45}},"type":"binary-expr","locations":[{"start":{"line":21,"column":42},"end":{"line":22,"column":null}},{"start":{"line":22,"column":34},"end":{"line":22,"column":45}}]},"21":{"loc":{"start":{"line":22,"column":45},"end":{"line":23,"column":null}},"type":"cond-expr","locations":[{"start":{"line":23,"column":48},"end":{"line":23,"column":null}},{"start":{"line":23,"column":48},"end":{"line":23,"column":null}}]},"22":{"loc":{"start":{"line":22,"column":45},"end":{"line":23,"column":48}},"type":"binary-expr","locations":[{"start":{"line":22,"column":45},"end":{"line":23,"column":null}},{"start":{"line":23,"column":32},"end":{"line":23,"column":48}}]},"23":{"loc":{"start":{"line":23,"column":48},"end":{"line":24,"column":null}},"type":"cond-expr","locations":[{"start":{"line":24,"column":51},"end":{"line":24,"column":null}},{"start":{"line":24,"column":51},"end":{"line":24,"column":null}}]},"24":{"loc":{"start":{"line":23,"column":48},"end":{"line":24,"column":51}},"type":"binary-expr","locations":[{"start":{"line":23,"column":48},"end":{"line":24,"column":null}},{"start":{"line":24,"column":37},"end":{"line":24,"column":51}}]},"25":{"loc":{"start":{"line":24,"column":51},"end":{"line":25,"column":null}},"type":"cond-expr","locations":[{"start":{"line":25,"column":53},"end":{"line":25,"column":null}},{"start":{"line":25,"column":53},"end":{"line":25,"column":null}}]},"26":{"loc":{"start":{"line":24,"column":51},"end":{"line":25,"column":53}},"type":"binary-expr","locations":[{"start":{"line":24,"column":51},"end":{"line":25,"column":null}},{"start":{"line":25,"column":38},"end":{"line":25,"column":53}}]}},"s":{"0":1,"1":1,"2":1,"3":1,"4":1,"5":1,"6":1,"7":20,"8":20,"9":20,"10":20,"11":20,"12":20,"13":6,"14":6,"15":1,"16":5,"17":5,"18":5,"19":5,"20":5,"21":5,"22":9,"23":9,"24":2,"25":7,"26":5,"27":3,"28":3,"29":1,"30":4,"31":4,"32":4,"33":0,"34":4,"35":3,"36":2,"37":1,"38":2,"39":2,"40":2,"41":2,"42":4,"43":4,"44":3,"45":4,"46":4,"47":4,"48":4,"49":4,"50":4,"51":4,"52":1,"53":4,"54":4,"55":3,"56":1,"57":1,"58":1,"59":0,"60":1,"61":1},"f":{"0":20,"1":6,"2":9,"3":5,"4":3,"5":4,"6":4,"7":4},"b":{"0":[1,5],"1":[5,5],"2":[5,4],"3":[5,0],"4":[2,7],"5":[3,2],"6":[1,2],"7":[3,2],"8":[4,2],"9":[4,2],"10":[4,0],"11":[0,4],"12":[1,1],"13":[3,1],"14":[4,0],"15":[3,1],"16":[1,0],"17":[1,0],"18":[1,1],"19":[1,0],"20":[1,1],"21":[1,0],"22":[1,1],"23":[1,0],"24":[1,1],"25":[1,0],"26":[1,1]}}
,"C:\\Users\\USER\\Documents\\quick-vendor-store\\quick-vendor-nestjs-backend\\src\\users\\dto\\register.dto.ts": {"path":"C:\\Users\\USER\\Documents\\quick-vendor-store\\quick-vendor-nestjs-backend\\src\\users\\dto\\register.dto.ts","statementMap":{"0":{"start":{"line":1,"column":0},"end":{"line":1,"column":null}},"1":{"start":{"line":8,"column":0},"end":{"line":8,"column":67}},"2":{"start":{"line":10,"column":0},"end":{"line":10,"column":13}},"3":{"start":{"line":14,"column":2},"end":{"line":14,"column":null}},"4":{"start":{"line":20,"column":2},"end":{"line":20,"column":null}},"5":{"start":{"line":25,"column":2},"end":{"line":25,"column":null}},"6":{"start":{"line":30,"column":2},"end":{"line":30,"column":null}}},"fnMap":{},"branchMap":{},"s":{"0":0,"1":0,"2":0,"3":0,"4":0,"5":0,"6":0},"f":{},"b":{}}
,"C:\\Users\\USER\\Documents\\quick-vendor-store\\quick-vendor-nestjs-backend\\src\\users\\dto\\update-store.dto.ts": {"path":"C:\\Users\\USER\\Documents\\quick-vendor-store\\quick-vendor-nestjs-backend\\src\\users\\dto\\update-store.dto.ts","statementMap":{"0":{"start":{"line":1,"column":0},"end":{"line":1,"column":55}},"1":{"start":{"line":2,"column":0},"end":{"line":2,"column":54}},"2":{"start":{"line":4,"column":0},"end":{"line":4,"column":13}},"3":{"start":{"line":8,"column":2},"end":{"line":8,"column":null}},"4":{"start":{"line":13,"column":2},"end":{"line":13,"column":null}},"5":{"start":{"line":18,"column":2},"end":{"line":18,"column":null}}},"fnMap":{},"branchMap":{},"s":{"0":0,"1":0,"2":0,"3":0,"4":0,"5":0},"f":{},"b":{}}
,"C:\\Users\\USER\\Documents\\quick-vendor-store\\quick-vendor-nestjs-backend\\src\\users\\dto\\user-profile.dto.ts": {"path":"C:\\Users\\USER\\Documents\\quick-vendor-store\\quick-vendor-nestjs-backend\\src\\users\\dto\\user-profile.dto.ts","statementMap":{"0":{"start":{"line":1,"column":0},"end":{"line":1,"column":67}},"1":{"start":{"line":50,"column":4},"end":{"line":65,"column":6}},"2":{"start":{"line":4,"column":0},"end":{"line":4,"column":13}},"3":{"start":{"line":6,"column":2},"end":{"line":6,"column":null}},"4":{"start":{"line":9,"column":2},"end":{"line":9,"column":null}},"5":{"start":{"line":12,"column":2},"end":{"line":12,"column":null}},"6":{"start":{"line":15,"column":2},"end":{"line":15,"column":null}},"7":{"start":{"line":18,"column":2},"end":{"line":18,"column":null}},"8":{"start":{"line":21,"column":2},"end":{"line":21,"column":null}},"9":{"start":{"line":24,"column":2},"end":{"line":24,"column":null}},"10":{"start":{"line":28,"column":2},"end":{"line":28,"column":null}},"11":{"start":{"line":32,"column":2},"end":{"line":32,"column":null}},"12":{"start":{"line":35,"column":2},"end":{"line":35,"column":null}},"13":{"start":{"line":38,"column":2},"end":{"line":38,"column":null}},"14":{"start":{"line":41,"column":2},"end":{"line":41,"column":null}},"15":{"start":{"line":44,"column":2},"end":{"line":44,"column":null}},"16":{"start":{"line":47,"column":2},"end":{"line":47,"column":null}}},"fnMap":{"0":{"name":"(anonymous_2)","decl":{"start":{"line":49,"column":2},"end":{"line":49,"column":8}},"loc":{"start":{"line":49,"column":28},"end":{"line":66,"column":3}}}},"branchMap":{"0":{"loc":{"start":{"line":35,"column":15},"end":{"line":35,"column":20}},"type":"cond-expr","locations":[{"start":{"line":35,"column":19},"end":{"line":35,"column":20}},{"start":{"line":35,"column":19},"end":{"line":35,"column":20}}]},"1":{"loc":{"start":{"line":35,"column":15},"end":{"line":35,"column":19}},"type":"binary-expr","locations":[{"start":{"line":35,"column":15},"end":{"line":35,"column":20}},{"start":{"line":35,"column":15},"end":{"line":35,"column":19}}]}},"s":{"0":0,"1":0,"2":0,"3":0,"4":0,"5":0,"6":0,"7":0,"8":0,"9":0,"10":0,"11":0,"12":0,"13":0,"14":0,"15":0,"16":0},"f":{"0":0},"b":{"0":[0,0],"1":[0,0]}}
,"C:\\Users\\USER\\Documents\\quick-vendor-store\\quick-vendor-nestjs-backend\\src\\whatsapp\\whatsapp.module.ts": {"path":"C:\\Users\\USER\\Documents\\quick-vendor-store\\quick-vendor-nestjs-backend\\src\\whatsapp\\whatsapp.module.ts","statementMap":{"0":{"start":{"line":1,"column":0},"end":{"line":1,"column":40}},"1":{"start":{"line":2,"column":0},"end":{"line":2,"column":53}},"2":{"start":{"line":3,"column":0},"end":{"line":3,"column":49}},"3":{"start":{"line":10,"column":7},"end":{"line":10,"column":null}},"4":{"start":{"line":10,"column":13},"end":{"line":10,"column":27}},"5":{"start":{"line":10,"column":13},"end":{"line":10,"column":null}}},"fnMap":{},"branchMap":{},"s":{"0":0,"1":0,"2":0,"3":0,"4":0,"5":0},"f":{},"b":{}}
,"C:\\Users\\USER\\Documents\\quick-vendor-store\\quick-vendor-nestjs-backend\\src\\whatsapp\\whatsapp.service.ts": {"path":"C:\\Users\\USER\\Documents\\quick-vendor-store\\quick-vendor-nestjs-backend\\src\\whatsapp\\whatsapp.service.ts","statementMap":{"0":{"start":{"line":1,"column":0},"end":{"line":1,"column":52}},"1":{"start":{"line":2,"column":0},"end":{"line":2,"column":47}},"2":{"start":{"line":3,"column":0},"end":{"line":3,"column":57}},"3":{"start":{"line":4,"column":0},"end":{"line":4,"column":62}},"4":{"start":{"line":21,"column":28},"end":{"line":88,"column":null}},"5":{"start":{"line":22,"column":28},"end":{"line":22,"column":60}},"6":{"start":{"line":27,"column":21},"end":{"line":27,"column":29}},"7":{"start":{"line":28,"column":21},"end":{"line":28,"column":36}},"8":{"start":{"line":29,"column":21},"end":{"line":29,"column":32}},"9":{"start":{"line":31,"column":4},"end":{"line":32,"column":70}},"10":{"start":{"line":33,"column":4},"end":{"line":33,"column":33}},"11":{"start":{"line":42,"column":4},"end":{"line":47,"column":5}},"12":{"start":{"line":43,"column":6},"end":{"line":45,"column":8}},"13":{"start":{"line":46,"column":6},"end":{"line":46,"column":18}},"14":{"start":{"line":49,"column":4},"end":{"line":66,"column":5}},"15":{"start":{"line":50,"column":25},"end":{"line":50,"column":72}},"16":{"start":{"line":51,"column":18},"end":{"line":51,"column":126}},"17":{"start":{"line":53,"column":23},"end":{"line":53,"column":39}},"18":{"start":{"line":54,"column":6},"end":{"line":59,"column":7}},"19":{"start":{"line":55,"column":8},"end":{"line":57,"column":10}},"20":{"start":{"line":58,"column":8},"end":{"line":58,"column":20}},"21":{"start":{"line":61,"column":20},"end":{"line":61,"column":41}},"22":{"start":{"line":62,"column":6},"end":{"line":62,"column":24}},"23":{"start":{"line":64,"column":6},"end":{"line":64,"column":68}},"24":{"start":{"line":65,"column":6},"end":{"line":65,"column":18}},"25":{"start":{"line":74,"column":19},"end":{"line":74,"column":45}},"26":{"start":{"line":75,"column":4},"end":{"line":75,"column":32}},"27":{"start":{"line":75,"column":25},"end":{"line":75,"column":32}},"28":{"start":{"line":77,"column":4},"end":{"line":80,"column":7}},"29":{"start":{"line":82,"column":4},"end":{"line":82,"column":38}},"30":{"start":{"line":84,"column":4},"end":{"line":86,"column":6}},"31":{"start":{"line":21,"column":13},"end":{"line":21,"column":28}},"32":{"start":{"line":21,"column":13},"end":{"line":88,"column":null}}},"fnMap":{"0":{"name":"(anonymous_2)","decl":{"start":{"line":26,"column":2},"end":{"line":26,"column":null}},"loc":{"start":{"line":29,"column":48},"end":{"line":34,"column":3}}},"1":{"name":"(anonymous_3)","decl":{"start":{"line":41,"column":2},"end":{"line":41,"column":7}},"loc":{"start":{"line":41,"column":30},"end":{"line":67,"column":3}}},"2":{"name":"(anonymous_4)","decl":{"start":{"line":73,"column":2},"end":{"line":73,"column":7}},"loc":{"start":{"line":73,"column":55},"end":{"line":87,"column":3}}}},"branchMap":{"0":{"loc":{"start":{"line":32,"column":6},"end":{"line":32,"column":69}},"type":"binary-expr","locations":[{"start":{"line":32,"column":6},"end":{"line":32,"column":63}},{"start":{"line":32,"column":67},"end":{"line":32,"column":69}}]},"1":{"loc":{"start":{"line":42,"column":4},"end":{"line":47,"column":5}},"type":"if","locations":[{"start":{"line":42,"column":4},"end":{"line":47,"column":5}},{"start":{},"end":{}}]},"2":{"loc":{"start":{"line":54,"column":6},"end":{"line":59,"column":7}},"type":"if","locations":[{"start":{"line":54,"column":6},"end":{"line":59,"column":7}},{"start":{},"end":{}}]},"3":{"loc":{"start":{"line":75,"column":4},"end":{"line":75,"column":32}},"type":"if","locations":[{"start":{"line":75,"column":4},"end":{"line":75,"column":32}},{"start":{},"end":{}}]},"4":{"loc":{"start":{"line":85,"column":18},"end":{"line":85,"column":49}},"type":"cond-expr","locations":[{"start":{"line":85,"column":27},"end":{"line":85,"column":37}},{"start":{"line":85,"column":40},"end":{"line":85,"column":49}}]},"5":{"loc":{"start":{"line":27,"column":29},"end":{"line":27,"column":null}},"type":"cond-expr","locations":[{"start":{"line":27,"column":42},"end":{"line":27,"column":null}},{"start":{"line":27,"column":42},"end":{"line":27,"column":null}}]},"6":{"loc":{"start":{"line":27,"column":29},"end":{"line":27,"column":42}},"type":"binary-expr","locations":[{"start":{"line":27,"column":29},"end":{"line":27,"column":null}},{"start":{"line":27,"column":29},"end":{"line":27,"column":42}}]},"7":{"loc":{"start":{"line":27,"column":42},"end":{"line":28,"column":null}},"type":"cond-expr","locations":[{"start":{"line":28,"column":49},"end":{"line":28,"column":null}},{"start":{"line":28,"column":49},"end":{"line":28,"column":null}}]},"8":{"loc":{"start":{"line":27,"column":42},"end":{"line":28,"column":49}},"type":"binary-expr","locations":[{"start":{"line":27,"column":42},"end":{"line":28,"column":null}},{"start":{"line":28,"column":36},"end":{"line":28,"column":49}}]},"9":{"loc":{"start":{"line":28,"column":49},"end":{"line":29,"column":null}},"type":"cond-expr","locations":[{"start":{"line":29,"column":48},"end":{"line":29,"column":null}},{"start":{"line":29,"column":48},"end":{"line":29,"column":null}}]},"10":{"loc":{"start":{"line":28,"column":49},"end":{"line":29,"column":48}},"type":"binary-expr","locations":[{"start":{"line":28,"column":49},"end":{"line":29,"column":null}},{"start":{"line":29,"column":32},"end":{"line":29,"column":48}}]}},"s":{"0":2,"1":2,"2":2,"3":2,"4":2,"5":13,"6":13,"7":13,"8":13,"9":13,"10":13,"11":13,"12":2,"13":2,"14":11,"15":11,"16":11,"17":11,"18":9,"19":1,"20":1,"21":8,"22":8,"23":2,"24":2,"25":5,"26":5,"27":2,"28":3,"29":3,"30":3,"31":2,"32":2},"f":{"0":13,"1":13,"2":5},"b":{"0":[13,0],"1":[2,11],"2":[1,8],"3":[2,3],"4":[2,1],"5":[2,0],"6":[2,2],"7":[2,0],"8":[2,2],"9":[2,0],"10":[2,2]}}
}
