TN:
SF:src\app.module.ts
FN:70,(anonymous_2)
FNF:1
FNH:0
FNDA:0,(anonymous_2)
DA:1,0
DA:2,0
DA:3,0
DA:4,0
DA:5,0
DA:6,0
DA:7,0
DA:8,0
DA:9,0
DA:10,0
DA:11,0
DA:12,0
DA:13,0
DA:14,0
DA:15,0
DA:16,0
DA:17,0
DA:18,0
DA:19,0
DA:20,0
DA:21,0
DA:22,0
DA:23,0
DA:69,0
DA:71,0
LF:25
LH:0
BRF:0
BRH:0
end_of_record
TN:
SF:src\main.ts
FN:18,bootstrap
FNF:1
FNH:0
FNDA:0,bootstrap
DA:1,0
DA:2,0
DA:3,0
DA:4,0
DA:5,0
DA:6,0
DA:7,0
DA:9,0
DA:19,0
DA:20,0
DA:22,0
DA:23,0
DA:24,0
DA:25,0
DA:26,0
DA:28,0
DA:37,0
DA:40,0
DA:41,0
DA:45,0
DA:49,0
DA:63,0
DA:70,0
DA:71,0
DA:73,0
DA:76,0
DA:85,0
DA:86,0
DA:87,0
DA:90,0
LF:30
LH:0
BRDA:23,0,0,0
BRDA:23,0,1,0
BRDA:24,1,0,0
BRDA:24,1,1,0
BRDA:25,2,0,0
BRDA:25,2,1,0
BRDA:45,3,0,0
BRDA:45,3,1,0
BRDA:78,4,0,0
BRDA:78,4,1,0
BRDA:79,5,0,0
BRDA:79,5,1,0
BRDA:80,6,0,0
BRDA:80,6,1,0
BRF:14
BRH:0
end_of_record
TN:
SF:src\admin\admin.module.ts
FNF:0
FNH:0
DA:1,0
DA:2,0
DA:3,0
DA:4,0
DA:6,0
DA:7,0
DA:8,0
DA:9,0
DA:10,0
DA:11,0
DA:12,0
DA:14,0
DA:15,0
DA:16,0
DA:17,0
DA:18,0
DA:19,0
DA:20,0
DA:44,0
LF:19
LH:0
BRF:0
BRH:0
end_of_record
TN:
SF:src\admin\controllers\admin-audit.controller.ts
FN:16,(anonymous_4)
FN:20,(anonymous_5)
FNF:2
FNH:0
FNDA:0,(anonymous_4)
FNDA:0,(anonymous_5)
DA:1,0
DA:2,0
DA:3,0
DA:4,0
DA:5,0
DA:6,0
DA:7,0
DA:8,0
DA:15,0
DA:16,0
DA:20,0
DA:21,0
LF:12
LH:0
BRDA:23,0,0,0
BRDA:23,0,1,0
BRDA:24,1,0,0
BRDA:24,1,1,0
BRDA:20,2,0,0
BRDA:20,2,1,0
BRDA:20,3,0,0
BRDA:20,3,1,0
BRDA:16,4,0,0
BRDA:16,4,1,0
BRDA:16,5,0,0
BRDA:16,5,1,0
BRF:12
BRH:0
end_of_record
TN:
SF:src\admin\controllers\admin-dashboard.controller.ts
FN:20,(anonymous_4)
FN:24,(anonymous_5)
FN:31,(anonymous_6)
FN:37,(anonymous_7)
FN:43,(anonymous_8)
FNF:5
FNH:0
FNDA:0,(anonymous_4)
FNDA:0,(anonymous_5)
FNDA:0,(anonymous_6)
FNDA:0,(anonymous_7)
FNDA:0,(anonymous_8)
DA:1,0
DA:2,0
DA:8,0
DA:9,0
DA:10,0
DA:11,0
DA:12,0
DA:19,0
DA:20,0
DA:24,0
DA:25,0
DA:31,0
DA:32,0
DA:37,0
DA:38,0
DA:43,0
DA:44,0
LF:17
LH:0
BRDA:31,0,0,0
BRDA:20,1,0,0
BRDA:20,1,1,0
BRDA:20,2,0,0
BRDA:20,2,1,0
BRF:5
BRH:0
end_of_record
TN:
SF:src\admin\controllers\admin-orders.controller.ts
FN:17,(anonymous_4)
FN:21,(anonymous_5)
FN:31,(anonymous_6)
FN:37,(anonymous_7)
FNF:4
FNH:0
FNDA:0,(anonymous_4)
FNDA:0,(anonymous_5)
FNDA:0,(anonymous_6)
FNDA:0,(anonymous_7)
DA:1,0
DA:2,0
DA:3,0
DA:4,0
DA:5,0
DA:6,0
DA:7,0
DA:8,0
DA:9,0
DA:16,0
DA:17,0
DA:21,0
DA:22,0
DA:31,0
DA:32,0
DA:37,0
DA:38,0
DA:39,0
LF:18
LH:0
BRDA:24,0,0,0
BRDA:24,0,1,0
BRDA:25,1,0,0
BRDA:25,1,1,0
BRDA:21,2,0,0
BRDA:21,2,1,0
BRDA:21,3,0,0
BRDA:21,3,1,0
BRDA:17,4,0,0
BRDA:17,4,1,0
BRDA:17,5,0,0
BRDA:17,5,1,0
BRF:12
BRH:0
end_of_record
TN:
SF:src\admin\controllers\admin-products.controller.ts
FN:27,(anonymous_4)
FN:31,(anonymous_5)
FN:37,(anonymous_6)
FN:44,(anonymous_7)
FN:52,(anonymous_8)
FNF:5
FNH:0
FNDA:0,(anonymous_4)
FNDA:0,(anonymous_5)
FNDA:0,(anonymous_6)
FNDA:0,(anonymous_7)
FNDA:0,(anonymous_8)
DA:1,0
DA:12,0
DA:13,0
DA:14,0
DA:15,0
DA:16,0
DA:17,0
DA:18,0
DA:19,0
DA:26,0
DA:27,0
DA:31,0
DA:32,0
DA:37,0
DA:38,0
DA:39,0
DA:44,0
DA:45,0
DA:46,0
DA:52,0
DA:53,0
LF:21
LH:0
BRDA:31,0,0,0
BRDA:31,0,1,0
BRDA:31,1,0,0
BRDA:31,1,1,0
BRDA:27,2,0,0
BRDA:27,2,1,0
BRDA:27,3,0,0
BRDA:27,3,1,0
BRF:8
BRH:0
end_of_record
TN:
SF:src\admin\controllers\admin-reports.controller.ts
FN:27,(anonymous_4)
FN:31,(anonymous_5)
FN:41,(anonymous_6)
FN:47,(anonymous_7)
FN:53,(anonymous_8)
FN:63,(anonymous_9)
FNF:6
FNH:0
FNDA:0,(anonymous_4)
FNDA:0,(anonymous_5)
FNDA:0,(anonymous_6)
FNDA:0,(anonymous_7)
FNDA:0,(anonymous_8)
FNDA:0,(anonymous_9)
DA:1,0
DA:11,0
DA:12,0
DA:13,0
DA:14,0
DA:15,0
DA:16,0
DA:17,0
DA:18,0
DA:19,0
DA:26,0
DA:27,0
DA:31,0
DA:32,0
DA:41,0
DA:42,0
DA:47,0
DA:48,0
DA:53,0
DA:58,0
DA:63,0
DA:67,0
DA:68,0
LF:23
LH:0
BRDA:34,0,0,0
BRDA:34,0,1,0
BRDA:35,1,0,0
BRDA:35,1,1,0
BRDA:31,2,0,0
BRDA:31,2,1,0
BRDA:31,3,0,0
BRDA:31,3,1,0
BRDA:55,4,0,0
BRDA:55,4,1,0
BRDA:55,5,0,0
BRDA:55,5,1,0
BRDA:27,6,0,0
BRDA:27,6,1,0
BRDA:27,7,0,0
BRDA:27,7,1,0
BRF:16
BRH:0
end_of_record
TN:
SF:src\admin\controllers\admin-settings.controller.ts
FN:16,(anonymous_4)
FN:21,(anonymous_5)
FN:28,(anonymous_6)
FNF:3
FNH:0
FNDA:0,(anonymous_4)
FNDA:0,(anonymous_5)
FNDA:0,(anonymous_6)
DA:1,0
DA:2,0
DA:3,0
DA:4,0
DA:5,0
DA:6,0
DA:7,0
DA:8,0
DA:9,0
DA:15,0
DA:16,0
DA:21,0
DA:22,0
DA:28,0
DA:32,0
LF:15
LH:0
BRDA:29,0,0,0
BRDA:29,0,1,0
BRDA:29,1,0,0
BRDA:29,1,1,0
BRDA:16,2,0,0
BRDA:16,2,1,0
BRDA:16,3,0,0
BRDA:16,3,1,0
BRF:8
BRH:0
end_of_record
TN:
SF:src\admin\controllers\admin-vendors.controller.ts
FN:30,(anonymous_4)
FN:34,(anonymous_5)
FN:40,(anonymous_6)
FN:46,(anonymous_7)
FN:55,(anonymous_8)
FN:61,(anonymous_9)
FN:71,(anonymous_10)
FN:81,(anonymous_11)
FNF:8
FNH:0
FNDA:0,(anonymous_4)
FNDA:0,(anonymous_5)
FNDA:0,(anonymous_6)
FNDA:0,(anonymous_7)
FNDA:0,(anonymous_8)
FNDA:0,(anonymous_9)
FNDA:0,(anonymous_10)
FNDA:0,(anonymous_11)
DA:1,0
DA:13,0
DA:14,0
DA:15,0
DA:16,0
DA:17,0
DA:18,0
DA:19,0
DA:20,0
DA:21,0
DA:22,0
DA:29,0
DA:30,0
DA:34,0
DA:35,0
DA:40,0
DA:41,0
DA:46,0
DA:50,0
DA:55,0
DA:56,0
DA:61,0
DA:66,0
DA:71,0
DA:75,0
DA:81,0
DA:82,0
LF:27
LH:0
BRDA:34,0,0,0
BRDA:34,0,1,0
BRDA:34,1,0,0
BRDA:34,1,1,0
BRDA:48,2,0,0
BRDA:48,2,1,0
BRDA:48,3,0,0
BRDA:48,3,1,0
BRDA:55,4,0,0
BRDA:55,4,1,0
BRDA:55,5,0,0
BRDA:55,5,1,0
BRDA:63,6,0,0
BRDA:63,6,1,0
BRDA:63,7,0,0
BRDA:63,7,1,0
BRDA:30,8,0,0
BRDA:30,8,1,0
BRDA:30,9,0,0
BRDA:30,9,1,0
BRF:20
BRH:0
end_of_record
TN:
SF:src\admin\dto\audit-query.dto.ts
FNF:0
FNH:0
DA:1,0
DA:2,0
DA:3,0
DA:5,0
DA:9,0
DA:14,0
DA:19,0
DA:24,0
DA:29,0
LF:9
LH:0
BRF:0
BRH:0
end_of_record
TN:
SF:src\admin\dto\order-query.dto.ts
FNF:0
FNH:0
DA:1,0
DA:2,0
DA:3,0
DA:4,0
DA:6,0
DA:10,0
DA:15,0
DA:20,0
DA:25,0
DA:30,0
LF:10
LH:0
BRDA:10,0,0,0
BRDA:10,0,1,0
BRDA:10,1,0,0
BRDA:10,1,1,0
BRF:4
BRH:0
end_of_record
TN:
SF:src\admin\dto\pagination-query.dto.ts
FN:8,(anonymous_2)
FN:15,(anonymous_3)
FNF:2
FNH:0
FNDA:0,(anonymous_2)
FNDA:0,(anonymous_3)
DA:1,0
DA:2,0
DA:3,0
DA:5,0
DA:8,0
DA:11,0
DA:15,0
DA:19,0
LF:8
LH:0
BRF:0
BRH:0
end_of_record
TN:
SF:src\admin\dto\product-query.dto.ts
FN:19,(anonymous_2)
FNF:1
FNH:0
FNDA:0,(anonymous_2)
DA:1,0
DA:2,0
DA:3,0
DA:4,0
DA:6,0
DA:10,0
DA:15,0
DA:19,0
DA:21,0
LF:9
LH:0
BRF:0
BRH:0
end_of_record
TN:
SF:src\admin\dto\report-query.dto.ts
FNF:0
FNH:0
DA:1,0
DA:2,0
DA:3,0
DA:4,0
DA:6,0
DA:10,0
DA:15,0
DA:20,0
DA:25,0
DA:30,0
LF:10
LH:0
BRDA:10,0,0,0
BRDA:10,0,1,0
BRDA:10,1,0,0
BRDA:10,1,1,0
BRDA:15,2,0,0
BRDA:15,2,1,0
BRDA:15,3,0,0
BRDA:15,3,1,0
BRF:8
BRH:0
end_of_record
TN:
SF:src\admin\dto\suspend-vendor.dto.ts
FNF:0
FNH:0
DA:1,0
DA:2,0
DA:4,0
DA:10,0
LF:4
LH:0
BRF:0
BRH:0
end_of_record
TN:
SF:src\admin\dto\update-report.dto.ts
FNF:0
FNH:0
DA:1,0
DA:2,0
DA:3,0
DA:5,0
DA:9,0
DA:14,0
LF:6
LH:0
BRDA:9,0,0,0
BRDA:9,0,1,0
BRDA:9,1,0,0
BRDA:9,1,1,0
BRF:4
BRH:0
end_of_record
TN:
SF:src\admin\dto\update-settings.dto.ts
FNF:0
FNH:0
DA:1,0
DA:2,0
DA:4,0
DA:13,0
DA:23,0
DA:33,0
DA:43,0
LF:7
LH:0
BRF:0
BRH:0
end_of_record
TN:
SF:src\admin\dto\vendor-query.dto.ts
FNF:0
FNH:0
DA:1,0
DA:2,0
DA:3,0
DA:4,0
DA:6,0
DA:10,0
DA:15,0
LF:7
LH:0
BRDA:15,0,0,0
BRDA:15,0,1,0
BRDA:15,1,0,0
BRDA:15,1,1,0
BRF:4
BRH:0
end_of_record
TN:
SF:src\admin\services\admin-audit.service.ts
FN:9,(anonymous_2)
FN:11,(anonymous_3)
FN:32,(anonymous_4)
FNF:3
FNH:0
FNDA:0,(anonymous_2)
FNDA:0,(anonymous_3)
FNDA:0,(anonymous_4)
DA:1,0
DA:3,0
DA:6,0
DA:7,0
DA:9,0
DA:18,0
DA:27,0
DA:41,0
DA:43,0
DA:44,0
DA:45,0
DA:46,0
DA:47,0
DA:53,0
DA:63,0
LF:15
LH:0
BRDA:24,0,0,0
BRDA:24,0,1,0
BRDA:43,1,0,0
BRDA:43,1,1,0
BRDA:44,2,0,0
BRDA:44,2,1,0
BRDA:45,3,0,0
BRDA:45,3,1,0
BRDA:46,4,0,0
BRDA:46,4,1,0
BRDA:46,5,0,0
BRDA:46,5,1,0
BRDA:48,6,0,0
BRDA:48,6,1,0
BRDA:49,7,0,0
BRDA:49,7,1,0
BRDA:9,8,0,0
BRDA:9,8,1,0
BRDA:9,9,0,0
BRDA:9,9,1,0
BRF:20
BRH:0
end_of_record
TN:
SF:src\admin\services\admin-dashboard.service.ts
FN:8,(anonymous_2)
FN:10,(anonymous_3)
FN:54,(anonymous_4)
FN:69,(anonymous_5)
FN:94,(anonymous_6)
FN:100,(anonymous_7)
FN:116,(anonymous_8)
FN:122,(anonymous_9)
FN:124,(anonymous_10)
FN:131,(anonymous_11)
FNF:10
FNH:0
FNDA:0,(anonymous_2)
FNDA:0,(anonymous_3)
FNDA:0,(anonymous_4)
FNDA:0,(anonymous_5)
FNDA:0,(anonymous_6)
FNDA:0,(anonymous_7)
FNDA:0,(anonymous_8)
FNDA:0,(anonymous_9)
FNDA:0,(anonymous_10)
FNDA:0,(anonymous_11)
DA:1,0
DA:2,0
DA:5,0
DA:6,0
DA:8,0
DA:21,0
DA:38,0
DA:42,0
DA:43,0
DA:44,0
DA:48,0
DA:55,0
DA:56,0
DA:70,0
DA:71,0
DA:72,0
DA:74,0
DA:84,0
DA:85,0
DA:86,0
DA:87,0
DA:88,0
DA:94,0
DA:101,0
DA:102,0
DA:104,0
DA:116,0
DA:117,0
DA:122,0
DA:124,0
DA:132,0
LF:31
LH:0
BRDA:42,0,0,0
BRDA:42,0,1,0
BRDA:43,1,0,0
BRDA:43,1,1,0
BRDA:70,2,0,0
BRDA:70,2,1,0
BRDA:70,3,0,0
BRDA:70,3,1,0
BRDA:86,4,0,0
BRDA:86,4,1,0
BRDA:90,5,0,0
BRDA:90,5,1,0
BRDA:100,6,0,0
BRDA:126,7,0,0
BRDA:126,7,1,0
BRDA:131,8,0,0
BRDA:8,9,0,0
BRDA:8,9,1,0
BRDA:8,10,0,0
BRDA:8,10,1,0
BRF:20
BRH:0
end_of_record
TN:
SF:src\admin\services\admin-orders.service.ts
FN:11,(anonymous_2)
FN:17,(anonymous_3)
FN:61,(anonymous_4)
FN:73,(anonymous_5)
FNF:4
FNH:0
FNDA:0,(anonymous_2)
FNDA:0,(anonymous_3)
FNDA:0,(anonymous_4)
FNDA:0,(anonymous_5)
DA:1,0
DA:2,0
DA:3,0
DA:4,0
DA:8,0
DA:9,0
DA:12,0
DA:13,0
DA:14,0
DA:26,0
DA:28,0
DA:29,0
DA:30,0
DA:31,0
DA:37,0
DA:38,0
DA:44,0
DA:58,0
DA:62,0
DA:74,0
DA:76,0
LF:21
LH:0
BRDA:28,0,0,0
BRDA:28,0,1,0
BRDA:29,1,0,0
BRDA:29,1,1,0
BRDA:30,2,0,0
BRDA:30,2,1,0
BRDA:37,3,0,0
BRDA:37,3,1,0
BRDA:37,4,0,0
BRDA:37,4,1,0
BRDA:39,5,0,0
BRDA:39,5,1,0
BRDA:40,6,0,0
BRDA:40,6,1,0
BRDA:12,7,0,0
BRDA:12,7,1,0
BRDA:12,8,0,0
BRDA:12,8,1,0
BRDA:12,9,0,0
BRDA:12,9,1,0
BRDA:12,10,0,0
BRDA:12,10,1,0
BRDA:13,11,0,0
BRDA:13,11,1,0
BRDA:13,12,0,0
BRDA:13,12,1,0
BRF:26
BRH:0
end_of_record
TN:
SF:src\admin\services\admin-products.service.ts
FN:9,(anonymous_2)
FN:14,(anonymous_3)
FN:45,(anonymous_4)
FN:64,(anonymous_5)
FN:83,(anonymous_6)
FNF:5
FNH:0
FNDA:0,(anonymous_2)
FNDA:0,(anonymous_3)
FNDA:0,(anonymous_4)
FNDA:0,(anonymous_5)
FNDA:0,(anonymous_6)
DA:1,0
DA:2,0
DA:3,0
DA:6,0
DA:7,0
DA:10,0
DA:11,0
DA:21,0
DA:23,0
DA:24,0
DA:26,0
DA:27,0
DA:29,0
DA:42,0
DA:46,0
DA:49,0
DA:51,0
DA:56,0
DA:65,0
DA:68,0
DA:70,0
DA:75,0
DA:84,0
DA:87,0
DA:89,0
DA:91,0
LF:26
LH:0
BRDA:23,0,0,0
BRDA:23,0,1,0
BRDA:26,1,0,0
BRDA:26,1,1,0
BRDA:27,2,0,0
BRDA:27,2,1,0
BRDA:49,3,0,0
BRDA:49,3,1,0
BRDA:68,4,0,0
BRDA:68,4,1,0
BRDA:87,5,0,0
BRDA:87,5,1,0
BRDA:10,6,0,0
BRDA:10,6,1,0
BRDA:10,7,0,0
BRDA:10,7,1,0
BRDA:10,8,0,0
BRDA:10,8,1,0
BRDA:10,9,0,0
BRDA:10,9,1,0
BRF:20
BRH:0
end_of_record
TN:
SF:src\admin\services\admin-reports.service.ts
FN:11,(anonymous_2)
FN:17,(anonymous_3)
FN:55,(anonymous_4)
FN:76,(anonymous_5)
FN:88,(anonymous_6)
FN:90,(anonymous_7)
FN:96,(anonymous_8)
FN:119,(anonymous_9)
FN:160,(anonymous_10)
FNF:9
FNH:0
FNDA:0,(anonymous_2)
FNDA:0,(anonymous_3)
FNDA:0,(anonymous_4)
FNDA:0,(anonymous_5)
FNDA:0,(anonymous_6)
FNDA:0,(anonymous_7)
FNDA:0,(anonymous_8)
FNDA:0,(anonymous_9)
FNDA:0,(anonymous_10)
DA:1,0
DA:2,0
DA:3,0
DA:4,0
DA:8,0
DA:9,0
DA:12,0
DA:13,0
DA:14,0
DA:26,0
DA:28,0
DA:29,0
DA:30,0
DA:31,0
DA:32,0
DA:38,0
DA:52,0
DA:56,0
DA:60,0
DA:61,0
DA:62,0
DA:63,0
DA:66,0
DA:76,0
DA:77,0
DA:88,0
DA:90,0
DA:97,0
DA:107,0
DA:110,0
DA:116,0
DA:127,0
DA:130,0
DA:132,0
DA:133,0
DA:134,0
DA:135,0
DA:136,0
DA:137,0
DA:140,0
DA:141,0
DA:144,0
DA:149,0
DA:157,0
DA:161,0
DA:164,0
DA:166,0
DA:185,0
DA:187,0
LF:49
LH:0
BRDA:28,0,0,0
BRDA:28,0,1,0
BRDA:29,1,0,0
BRDA:29,1,1,0
BRDA:30,2,0,0
BRDA:30,2,1,0
BRDA:31,3,0,0
BRDA:31,3,1,0
BRDA:31,4,0,0
BRDA:31,4,1,0
BRDA:33,5,0,0
BRDA:33,5,1,0
BRDA:34,6,0,0
BRDA:34,6,1,0
BRDA:60,7,0,0
BRDA:60,7,1,0
BRDA:61,8,0,0
BRDA:61,8,1,0
BRDA:107,9,0,0
BRDA:107,9,1,0
BRDA:130,10,0,0
BRDA:130,10,1,0
BRDA:133,11,0,0
BRDA:133,11,1,0
BRDA:135,12,0,0
BRDA:135,12,1,0
BRDA:135,13,0,0
BRDA:135,13,1,0
BRDA:140,14,0,0
BRDA:140,14,1,0
BRDA:164,15,0,0
BRDA:164,15,1,0
BRDA:12,16,0,0
BRDA:12,16,1,0
BRDA:12,17,0,0
BRDA:12,17,1,0
BRDA:12,18,0,0
BRDA:12,18,1,0
BRDA:12,19,0,0
BRDA:12,19,1,0
BRDA:13,20,0,0
BRDA:13,20,1,0
BRDA:13,21,0,0
BRDA:13,21,1,0
BRF:44
BRH:0
end_of_record
TN:
SF:src\admin\services\admin-settings.service.ts
FN:9,(anonymous_2)
FN:14,(anonymous_3)
FN:20,(anonymous_4)
FNF:3
FNH:0
FNDA:0,(anonymous_2)
FNDA:0,(anonymous_3)
FNDA:0,(anonymous_4)
DA:1,0
DA:2,0
DA:3,0
DA:6,0
DA:7,0
DA:10,0
DA:11,0
DA:15,0
DA:29,0
DA:34,0
DA:42,0
LF:11
LH:0
BRDA:10,0,0,0
BRDA:10,0,1,0
BRDA:10,1,0,0
BRDA:10,1,1,0
BRDA:10,2,0,0
BRDA:10,2,1,0
BRDA:10,3,0,0
BRDA:10,3,1,0
BRF:8
BRH:0
end_of_record
TN:
SF:src\admin\services\admin-vendors.service.ts
FN:16,(anonymous_2)
FN:22,(anonymous_3)
FN:65,(anonymous_4)
FN:109,(anonymous_5)
FN:126,(anonymous_6)
FN:146,(anonymous_7)
FN:176,(anonymous_8)
FN:209,(anonymous_9)
FNF:8
FNH:0
FNDA:0,(anonymous_2)
FNDA:0,(anonymous_3)
FNDA:0,(anonymous_4)
FNDA:0,(anonymous_5)
FNDA:0,(anonymous_6)
FNDA:0,(anonymous_7)
FNDA:0,(anonymous_8)
FNDA:0,(anonymous_9)
DA:1,0
DA:7,0
DA:8,0
DA:9,0
DA:13,0
DA:14,0
DA:17,0
DA:18,0
DA:19,0
DA:28,0
DA:30,0
DA:31,0
DA:32,0
DA:38,0
DA:62,0
DA:66,0
DA:93,0
DA:94,0
DA:98,0
DA:106,0
DA:113,0
DA:123,0
DA:130,0
DA:143,0
DA:147,0
DA:151,0
DA:152,0
DA:154,0
DA:155,0
DA:158,0
DA:167,0
DA:169,0
DA:173,0
DA:177,0
DA:181,0
DA:182,0
DA:184,0
DA:185,0
DA:188,0
DA:197,0
DA:199,0
DA:206,0
DA:210,0
DA:214,0
DA:215,0
DA:218,0
DA:226,0
DA:228,0
LF:48
LH:0
BRDA:30,0,0,0
BRDA:30,0,1,0
BRDA:31,1,0,0
BRDA:31,1,1,0
BRDA:93,2,0,0
BRDA:93,2,1,0
BRDA:93,3,0,0
BRDA:93,3,1,0
BRDA:106,4,0,0
BRDA:106,4,1,0
BRDA:151,5,0,0
BRDA:151,5,1,0
BRDA:151,6,0,0
BRDA:151,6,1,0
BRDA:154,7,0,0
BRDA:154,7,1,0
BRDA:181,8,0,0
BRDA:181,8,1,0
BRDA:181,9,0,0
BRDA:181,9,1,0
BRDA:184,10,0,0
BRDA:184,10,1,0
BRDA:214,11,0,0
BRDA:214,11,1,0
BRDA:214,12,0,0
BRDA:214,12,1,0
BRDA:17,13,0,0
BRDA:17,13,1,0
BRDA:17,14,0,0
BRDA:17,14,1,0
BRDA:17,15,0,0
BRDA:17,15,1,0
BRDA:17,16,0,0
BRDA:17,16,1,0
BRDA:18,17,0,0
BRDA:18,17,1,0
BRDA:18,18,0,0
BRDA:18,18,1,0
BRF:38
BRH:0
end_of_record
TN:
SF:src\auth\auth.controller.ts
FN:34,(anonymous_4)
FN:45,(anonymous_5)
FN:66,(anonymous_6)
FN:92,(anonymous_7)
FN:121,(anonymous_8)
FN:152,(anonymous_9)
FN:158,(anonymous_10)
FN:168,(anonymous_11)
FNF:8
FNH:0
FNDA:0,(anonymous_4)
FNDA:0,(anonymous_5)
FNDA:0,(anonymous_6)
FNDA:0,(anonymous_7)
FNDA:0,(anonymous_8)
FNDA:0,(anonymous_9)
FNDA:0,(anonymous_10)
FNDA:0,(anonymous_11)
DA:1,0
DA:14,0
DA:20,0
DA:22,0
DA:23,0
DA:24,0
DA:25,0
DA:26,0
DA:27,0
DA:31,0
DA:32,0
DA:35,0
DA:36,0
DA:37,0
DA:45,0
DA:49,0
DA:53,0
DA:55,0
DA:56,0
DA:58,0
DA:66,0
DA:71,0
DA:72,0
DA:73,0
DA:77,0
DA:84,0
DA:85,0
DA:92,0
DA:96,0
DA:97,0
DA:98,0
DA:102,0
DA:103,0
DA:106,0
DA:107,0
DA:108,0
DA:112,0
DA:114,0
DA:116,0
DA:121,0
DA:124,0
DA:125,0
DA:126,0
DA:130,0
DA:131,0
DA:134,0
DA:135,0
DA:136,0
DA:139,0
DA:154,0
DA:155,0
DA:159,0
DA:169,0
DA:170,0
DA:171,0
DA:174,0
DA:175,0
LF:57
LH:0
BRDA:72,0,0,0
BRDA:72,0,1,0
BRDA:80,1,0,0
BRDA:80,1,1,0
BRDA:97,2,0,0
BRDA:97,2,1,0
BRDA:102,3,0,0
BRDA:102,3,1,0
BRDA:107,4,0,0
BRDA:107,4,1,0
BRDA:125,5,0,0
BRDA:125,5,1,0
BRDA:130,6,0,0
BRDA:130,6,1,0
BRDA:135,7,0,0
BRDA:135,7,1,0
BRDA:154,8,0,0
BRDA:154,8,1,0
BRDA:162,9,0,0
BRDA:162,9,1,0
BRDA:170,10,0,0
BRDA:170,10,1,0
BRDA:175,11,0,0
BRDA:175,11,1,0
BRDA:46,12,0,0
BRDA:46,12,1,0
BRDA:46,13,0,0
BRDA:46,13,1,0
BRDA:48,14,0,0
BRDA:48,14,1,0
BRDA:48,15,0,0
BRDA:48,15,1,0
BRDA:69,16,0,0
BRDA:69,16,1,0
BRDA:69,17,0,0
BRDA:69,17,1,0
BRDA:95,18,0,0
BRDA:95,18,1,0
BRDA:95,19,0,0
BRDA:95,19,1,0
BRDA:123,20,0,0
BRDA:123,20,1,0
BRDA:123,21,0,0
BRDA:123,21,1,0
BRDA:35,22,0,0
BRDA:35,22,1,0
BRDA:35,23,0,0
BRDA:35,23,1,0
BRDA:35,24,0,0
BRDA:35,24,1,0
BRDA:35,25,0,0
BRDA:35,25,1,0
BRDA:36,26,0,0
BRDA:36,26,1,0
BRDA:36,27,0,0
BRDA:36,27,1,0
BRF:56
BRH:0
end_of_record
TN:
SF:src\auth\auth.module.ts
FN:17,(anonymous_1)
FNF:1
FNH:0
FNDA:0,(anonymous_1)
DA:1,0
DA:2,0
DA:3,0
DA:4,0
DA:5,0
DA:6,0
DA:7,0
DA:8,0
DA:9,0
DA:19,0
DA:21,0
DA:22,0
DA:33,0
LF:13
LH:0
BRDA:19,0,0,0
BRDA:19,0,1,0
BRDA:21,1,0,0
BRDA:21,1,1,0
BRF:4
BRH:0
end_of_record
TN:
SF:src\auth\auth.service.ts
FN:11,(anonymous_11)
FN:16,(anonymous_12)
FN:33,(anonymous_13)
FN:38,(anonymous_14)
FN:51,(anonymous_15)
FN:71,(anonymous_16)
FNF:6
FNH:6
FNDA:17,(anonymous_11)
FNDA:6,(anonymous_12)
FNDA:3,(anonymous_13)
FNDA:3,(anonymous_14)
FNDA:4,(anonymous_15)
FNDA:4,(anonymous_16)
DA:1,2
DA:2,2
DA:3,2
DA:4,2
DA:8,2
DA:9,17
DA:12,17
DA:13,17
DA:17,6
DA:21,6
DA:22,3
DA:25,3
DA:26,3
DA:27,2
DA:30,1
DA:34,3
DA:35,3
DA:39,3
DA:40,3
DA:43,2
DA:47,1
DA:52,4
DA:54,4
DA:58,3
DA:60,2
DA:63,2
DA:65,1
DA:67,1
DA:72,4
LF:29
LH:29
BRDA:21,0,0,3
BRDA:21,0,1,3
BRDA:26,1,0,2
BRDA:26,1,1,1
BRDA:58,2,0,1
BRDA:58,2,1,2
BRDA:63,3,0,1
BRDA:63,3,1,1
BRDA:12,4,0,2
BRDA:12,4,1,0
BRDA:12,5,0,2
BRDA:12,5,1,2
BRDA:12,6,0,2
BRDA:12,6,1,0
BRDA:12,7,0,2
BRDA:12,7,1,2
BRF:16
BRH:14
end_of_record
TN:
SF:src\auth\jwt-auth.guard.ts
FNF:0
FNH:0
DA:1,0
DA:2,0
DA:5,0
LF:3
LH:0
BRF:0
BRH:0
end_of_record
TN:
SF:src\auth\jwt.strategy.ts
FN:14,extractJwtFromRequest
FN:32,(anonymous_3)
FN:47,(anonymous_4)
FNF:3
FNH:0
FNDA:0,extractJwtFromRequest
FNDA:0,(anonymous_3)
FNDA:0,(anonymous_4)
DA:1,0
DA:2,0
DA:3,0
DA:4,0
DA:6,0
DA:7,0
DA:8,0
DA:15,0
DA:16,0
DA:18,0
DA:19,0
DA:29,0
DA:30,0
DA:34,0
DA:35,0
DA:36,0
DA:38,0
DA:39,0
DA:49,0
DA:50,0
DA:51,0
DA:55,0
DA:56,0
DA:57,0
DA:60,0
DA:64,0
DA:65,0
DA:68,0
DA:69,0
DA:70,0
DA:73,0
DA:74,0
LF:32
LH:0
BRDA:16,0,0,0
BRDA:16,0,1,0
BRDA:19,1,0,0
BRDA:19,1,1,0
BRDA:38,2,0,0
BRDA:38,2,1,0
BRDA:50,3,0,0
BRDA:50,3,1,0
BRDA:50,4,0,0
BRDA:50,4,1,0
BRDA:56,5,0,0
BRDA:56,5,1,0
BRDA:64,6,0,0
BRDA:64,6,1,0
BRDA:68,7,0,0
BRDA:68,7,1,0
BRDA:33,8,0,0
BRDA:33,8,1,0
BRDA:33,9,0,0
BRDA:33,9,1,0
BRDA:33,10,0,0
BRDA:33,10,1,0
BRDA:33,11,0,0
BRDA:33,11,1,0
BRDA:34,12,0,0
BRDA:34,12,1,0
BRDA:34,13,0,0
BRDA:34,13,1,0
BRDA:35,14,0,0
BRDA:35,14,1,0
BRDA:35,15,0,0
BRDA:35,15,1,0
BRF:32
BRH:0
end_of_record
TN:
SF:src\auth\token-blocklist.service.ts
FN:24,(anonymous_3)
FN:30,(anonymous_4)
FN:37,(anonymous_5)
FN:57,(anonymous_6)
FN:63,(anonymous_7)
FN:75,(anonymous_8)
FN:95,(anonymous_9)
FN:104,(anonymous_10)
FNF:8
FNH:7
FNDA:14,(anonymous_3)
FNDA:14,(anonymous_4)
FNDA:25,(anonymous_5)
FNDA:0,(anonymous_6)
FNDA:14,(anonymous_7)
FNDA:18,(anonymous_8)
FNDA:14,(anonymous_9)
FNDA:25,(anonymous_10)
DA:1,1
DA:2,1
DA:3,1
DA:15,1
DA:16,14
DA:18,14
DA:21,14
DA:22,14
DA:24,14
DA:26,14
DA:27,14
DA:31,14
DA:32,14
DA:33,14
DA:36,14
DA:37,25
DA:40,14
DA:43,0
DA:44,0
DA:48,0
DA:49,0
DA:51,0
DA:55,0
DA:56,0
DA:57,0
DA:64,14
DA:66,14
DA:67,0
DA:69,14
DA:72,14
DA:76,18
DA:77,0
DA:78,0
DA:79,0
DA:82,18
DA:83,18
DA:84,13
DA:85,2
DA:86,2
DA:88,11
DA:96,14
DA:97,14
DA:98,10155
DA:99,10155
DA:101,14
DA:105,25
DA:106,25
DA:107,25
DA:108,24
DA:109,1
DA:110,1
DA:113,25
DA:114,1
LF:53
LH:41
BRDA:26,0,0,14
BRDA:26,0,1,0
BRDA:32,1,0,14
BRDA:32,1,1,0
BRDA:66,2,0,0
BRDA:66,2,1,14
BRDA:76,3,0,0
BRDA:76,3,1,18
BRDA:83,4,0,5
BRDA:83,4,1,13
BRDA:84,5,0,2
BRDA:84,5,1,11
BRDA:108,6,0,1
BRDA:108,6,1,23
BRDA:113,7,0,1
BRDA:113,7,1,24
BRDA:24,8,0,1
BRDA:24,8,1,0
BRDA:24,9,0,1
BRDA:24,9,1,1
BRF:20
BRH:15
end_of_record
TN:
SF:src\auth\user-cache.service.ts
FN:18,(anonymous_1)
FN:28,(anonymous_2)
FN:35,(anonymous_3)
FNF:3
FNH:3
FNDA:15,(anonymous_1)
FNDA:13,(anonymous_2)
FNDA:3,(anonymous_3)
DA:1,4
DA:11,4
DA:12,11
DA:13,11
DA:19,15
DA:20,15
DA:21,10
DA:22,3
DA:23,3
DA:25,7
DA:29,13
DA:36,3
LF:12
LH:12
BRDA:20,0,0,5
BRDA:20,0,1,10
BRDA:21,1,0,3
BRDA:21,1,1,7
BRF:4
BRH:4
end_of_record
TN:
SF:src\auth\dto\login.dto.ts
FNF:0
FNH:0
DA:1,0
DA:2,0
DA:4,0
DA:8,0
DA:13,0
LF:5
LH:0
BRF:0
BRH:0
end_of_record
TN:
SF:src\auth\dto\token-response.dto.ts
FNF:0
FNH:0
DA:1,0
DA:3,0
DA:5,0
DA:8,0
LF:4
LH:0
BRF:0
BRH:0
end_of_record
TN:
SF:src\common\decorators\current-user.decorator.ts
FN:9,(anonymous_0)
FNF:1
FNH:0
FNDA:0,(anonymous_0)
DA:1,0
DA:8,0
DA:10,0
DA:11,0
LF:4
LH:0
BRF:0
BRH:0
end_of_record
TN:
SF:src\common\decorators\roles.decorator.ts
FN:5,(anonymous_0)
FNF:1
FNH:0
FNDA:0,(anonymous_0)
DA:1,0
DA:4,0
DA:5,0
LF:3
LH:0
BRF:0
BRH:0
end_of_record
TN:
SF:src\common\guards\active-user.guard.ts
FN:10,(anonymous_1)
FNF:1
FNH:0
FNDA:0,(anonymous_1)
DA:1,0
DA:9,0
DA:11,0
DA:14,0
DA:16,0
DA:17,0
DA:20,0
LF:7
LH:0
BRDA:16,0,0,0
BRDA:16,0,1,0
BRDA:16,1,0,0
BRDA:16,1,1,0
BRF:4
BRH:0
end_of_record
TN:
SF:src\common\guards\index.ts
FN:1,(anonymous_0)
FN:2,(anonymous_1)
FNF:2
FNH:0
FNDA:0,(anonymous_0)
FNDA:0,(anonymous_1)
DA:1,0
DA:2,0
LF:2
LH:0
BRF:0
BRH:0
end_of_record
TN:
SF:src\common\guards\roles.guard.ts
FN:13,(anonymous_2)
FN:15,(anonymous_3)
FNF:2
FNH:0
FNDA:0,(anonymous_2)
FNDA:0,(anonymous_3)
DA:1,0
DA:7,0
DA:9,0
DA:12,0
DA:13,0
DA:16,0
DA:21,0
DA:22,0
DA:25,0
DA:28,0
DA:30,0
DA:31,0
DA:34,0
LF:13
LH:0
BRDA:21,0,0,0
BRDA:21,0,1,0
BRDA:21,1,0,0
BRDA:21,1,1,0
BRDA:30,2,0,0
BRDA:30,2,1,0
BRDA:30,3,0,0
BRDA:30,3,1,0
BRDA:13,4,0,0
BRDA:13,4,1,0
BRDA:13,5,0,0
BRDA:13,5,1,0
BRF:12
BRH:0
end_of_record
TN:
SF:src\common\middleware\logging.middleware.ts
FN:8,(anonymous_1)
FN:12,(anonymous_2)
FNF:2
FNH:0
FNDA:0,(anonymous_1)
FNDA:0,(anonymous_2)
DA:1,0
DA:5,0
DA:6,0
DA:9,0
DA:10,0
DA:12,0
DA:13,0
DA:14,0
DA:16,0
DA:19,0
LF:10
LH:0
BRF:0
BRH:0
end_of_record
TN:
SF:src\config\configuration.ts
FN:8,(anonymous_0)
FNF:1
FNH:0
FNDA:0,(anonymous_0)
DA:1,0
DA:8,0
DA:9,0
DA:10,0
LF:4
LH:0
BRF:0
BRH:0
end_of_record
TN:
SF:src\config\env.ts
FN:74,(anonymous_0)
FN:80,resolveAppEnv
FN:91,int
FN:97,bool
FN:102,commaList
FN:106,(anonymous_5)
FN:116,loadConfig
FN:209,validate
FN:308,describeConfig
FNF:9
FNH:8
FNDA:21,(anonymous_0)
FNDA:55,resolveAppEnv
FNDA:220,int
FNDA:55,bool
FNDA:55,commaList
FNDA:53,(anonymous_5)
FNDA:55,loadConfig
FNDA:55,validate
FNDA:0,describeConfig
DA:75,21
DA:76,21
DA:81,55
DA:82,55
DA:83,53
DA:86,2
DA:87,2
DA:88,1
DA:92,220
DA:93,3
DA:94,3
DA:98,55
DA:99,2
DA:103,55
DA:104,51
DA:106,53
DA:116,1
DA:117,55
DA:118,55
DA:119,55
DA:120,55
DA:124,55
DA:128,55
DA:134,55
DA:141,55
DA:142,55
DA:143,55
DA:147,55
DA:205,55
DA:206,34
DA:210,55
DA:214,55
DA:215,1
DA:216,54
DA:221,4
DA:229,55
DA:230,54
DA:231,54
DA:233,54
DA:234,1
DA:236,54
DA:237,1
DA:239,54
DA:240,2
DA:245,54
DA:246,2
DA:250,54
DA:251,2
DA:257,54
DA:258,2
DA:262,1
DA:263,1
DA:269,55
DA:270,25
DA:271,25
DA:272,2
DA:277,55
DA:278,2
DA:284,55
DA:285,2
DA:293,55
DA:294,21
DA:308,1
DA:309,0
LF:64
LH:63
BRDA:81,0,0,55
BRDA:81,0,1,2
BRDA:82,1,0,53
BRDA:82,1,1,2
BRDA:82,2,0,55
BRDA:82,2,1,28
BRDA:82,2,2,15
BRDA:86,3,0,2
BRDA:86,3,1,0
BRDA:87,4,0,1
BRDA:87,4,1,1
BRDA:92,5,0,217
BRDA:92,5,1,3
BRDA:94,6,0,3
BRDA:94,6,1,0
BRDA:98,7,0,53
BRDA:98,7,1,2
BRDA:99,8,0,2
BRDA:99,8,1,1
BRDA:103,9,0,4
BRDA:103,9,1,51
BRDA:128,10,0,27
BRDA:128,10,1,28
BRDA:128,11,0,55
BRDA:128,11,1,52
BRDA:130,12,0,27
BRDA:130,12,1,1
BRDA:135,13,0,55
BRDA:135,13,1,28
BRDA:136,14,0,55
BRDA:136,14,1,28
BRDA:137,15,0,55
BRDA:137,15,1,28
BRDA:138,16,0,55
BRDA:138,16,1,28
BRDA:141,17,0,55
BRDA:141,17,1,1
BRDA:142,18,0,55
BRDA:142,18,1,1
BRDA:143,19,0,14
BRDA:143,19,1,41
BRDA:155,20,0,55
BRDA:155,20,1,54
BRDA:156,21,0,14
BRDA:156,21,1,40
BRDA:158,22,0,13
BRDA:158,22,1,27
BRDA:164,23,0,55
BRDA:164,23,1,0
BRDA:174,24,0,55
BRDA:174,24,1,30
BRDA:178,25,0,55
BRDA:178,25,1,55
BRDA:181,26,0,55
BRDA:181,26,1,55
BRDA:182,27,0,55
BRDA:182,27,1,54
BRDA:186,28,0,55
BRDA:186,28,1,55
BRDA:187,29,0,55
BRDA:187,29,1,55
BRDA:191,30,0,55
BRDA:191,30,1,55
BRDA:193,31,0,55
BRDA:193,31,1,55
BRDA:194,32,0,55
BRDA:194,32,1,55
BRDA:196,33,0,55
BRDA:196,33,1,55
BRDA:200,34,0,55
BRDA:200,34,1,55
BRDA:214,35,0,1
BRDA:214,35,1,54
BRDA:216,36,0,4
BRDA:216,36,1,50
BRDA:217,37,0,54
BRDA:217,37,1,27
BRDA:217,37,2,25
BRDA:229,38,0,54
BRDA:229,38,1,1
BRDA:229,39,0,55
BRDA:229,39,1,1
BRDA:233,40,0,1
BRDA:233,40,1,53
BRDA:233,41,0,54
BRDA:233,41,1,54
BRDA:233,41,2,15
BRDA:236,42,0,1
BRDA:236,42,1,53
BRDA:236,43,0,54
BRDA:236,43,1,54
BRDA:236,43,2,15
BRDA:239,44,0,2
BRDA:239,44,1,52
BRDA:245,45,0,2
BRDA:245,45,1,52
BRDA:245,46,0,54
BRDA:245,46,1,14
BRDA:250,47,0,2
BRDA:250,47,1,52
BRDA:250,48,0,54
BRDA:250,48,1,40
BRDA:257,49,0,2
BRDA:257,49,1,52
BRDA:257,50,0,54
BRDA:257,50,1,26
BRDA:262,51,0,1
BRDA:262,51,1,0
BRDA:269,52,0,25
BRDA:269,52,1,30
BRDA:271,53,0,2
BRDA:271,53,1,23
BRDA:271,54,0,25
BRDA:271,54,1,24
BRDA:271,54,2,24
BRDA:271,54,3,24
BRDA:277,55,0,2
BRDA:277,55,1,53
BRDA:277,56,0,55
BRDA:277,56,1,27
BRDA:284,57,0,2
BRDA:284,57,1,53
BRDA:284,58,0,55
BRDA:284,58,1,27
BRDA:293,59,0,21
BRDA:293,59,1,34
BRDA:311,60,0,0
BRDA:311,60,1,0
BRDA:313,61,0,0
BRDA:313,61,1,0
BRF:130
BRH:122
end_of_record
TN:
SF:src\feedback\feedback.controller.ts
FN:21,(anonymous_4)
FN:29,(anonymous_5)
FN:48,(anonymous_6)
FNF:3
FNH:0
FNDA:0,(anonymous_4)
FNDA:0,(anonymous_5)
FNDA:0,(anonymous_6)
DA:1,0
DA:12,0
DA:14,0
DA:15,0
DA:16,0
DA:20,0
DA:22,0
DA:23,0
DA:29,0
DA:35,0
DA:38,0
DA:39,0
DA:42,0
DA:43,0
DA:48,0
DA:49,0
DA:50,0
LF:17
LH:0
BRDA:38,0,0,0
BRDA:38,0,1,0
BRDA:38,1,0,0
BRDA:38,1,1,0
BRDA:42,2,0,0
BRDA:42,2,1,0
BRDA:42,2,2,0
BRDA:30,3,0,0
BRDA:30,3,1,0
BRDA:30,4,0,0
BRDA:30,4,1,0
BRDA:33,5,0,0
BRDA:33,5,1,0
BRDA:33,6,0,0
BRDA:33,6,1,0
BRDA:22,7,0,0
BRDA:22,7,1,0
BRDA:22,8,0,0
BRDA:22,8,1,0
BRDA:22,9,0,0
BRDA:22,9,1,0
BRDA:22,10,0,0
BRDA:22,10,1,0
BRF:23
BRH:0
end_of_record
TN:
SF:src\feedback\feedback.module.ts
FNF:0
FNH:0
DA:1,0
DA:2,0
DA:3,0
DA:9,0
LF:4
LH:0
BRF:0
BRH:0
end_of_record
TN:
SF:src\feedback\feedback.service.ts
FN:17,(anonymous_2)
FN:19,(anonymous_3)
FN:41,(anonymous_4)
FN:63,(anonymous_5)
FNF:4
FNH:4
FNDA:13,(anonymous_2)
FNDA:32,(anonymous_3)
FNDA:32,(anonymous_4)
FNDA:29,(anonymous_5)
DA:1,1
DA:2,1
DA:11,1
DA:12,13
DA:13,13
DA:14,13
DA:15,13
DA:17,13
DA:24,32
DA:27,30
DA:28,30
DA:29,29
DA:31,1
DA:34,30
DA:38,30
DA:42,32
DA:43,32
DA:45,32
DA:46,14
DA:50,14
DA:53,18
DA:54,2
DA:60,16
DA:67,29
DA:68,29
DA:72,29
DA:78,28
DA:79,1
DA:82,1
LF:29
LH:29
BRDA:28,0,0,29
BRDA:28,0,1,1
BRDA:35,1,0,30
BRDA:35,1,1,29
BRDA:45,2,0,14
BRDA:45,2,1,18
BRDA:45,3,0,32
BRDA:45,3,1,19
BRDA:53,4,0,2
BRDA:53,4,1,16
BRDA:69,5,0,29
BRDA:69,5,1,28
BRDA:69,6,0,29
BRDA:69,6,1,28
BRDA:78,7,0,1
BRDA:78,7,1,27
BRDA:17,8,0,1
BRDA:17,8,1,0
BRDA:17,9,0,1
BRDA:17,9,1,1
BRF:20
BRH:19
end_of_record
TN:
SF:src\feedback\dto\feedback.dto.ts
FNF:0
FNH:0
DA:1,0
DA:2,0
DA:4,0
DA:8,0
DA:13,0
DA:18,0
DA:23,0
LF:7
LH:0
BRF:0
BRH:0
end_of_record
TN:
SF:src\health\health.controller.ts
FN:10,(anonymous_2)
FN:14,(anonymous_3)
FNF:2
FNH:0
FNDA:0,(anonymous_2)
FNDA:0,(anonymous_3)
DA:1,0
DA:2,0
DA:3,0
DA:4,0
DA:9,0
DA:10,0
DA:14,0
DA:19,0
DA:20,0
DA:21,0
DA:23,0
DA:26,0
LF:12
LH:0
BRDA:27,0,0,0
BRDA:27,0,1,0
BRDA:14,1,0,0
BRDA:14,1,1,0
BRDA:14,2,0,0
BRDA:14,2,1,0
BRDA:10,3,0,0
BRDA:10,3,1,0
BRDA:10,4,0,0
BRDA:10,4,1,0
BRF:10
BRH:0
end_of_record
TN:
SF:src\health\health.module.ts
FNF:0
FNH:0
DA:1,0
DA:2,0
DA:7,0
LF:3
LH:0
BRF:0
BRH:0
end_of_record
TN:
SF:src\notifications\notifications.module.ts
FNF:0
FNH:0
DA:1,0
DA:2,0
DA:9,0
LF:3
LH:0
BRF:0
BRH:0
end_of_record
TN:
SF:src\notifications\notifications.service.ts
FN:33,(anonymous_11)
FN:40,(anonymous_12)
FN:67,(anonymous_13)
FN:120,(anonymous_14)
FN:169,(anonymous_15)
FNF:5
FNH:5
FNDA:11,(anonymous_11)
FNDA:11,(anonymous_12)
FNDA:7,(anonymous_13)
FNDA:4,(anonymous_14)
FNDA:33,(anonymous_15)
DA:1,2
DA:2,2
DA:3,2
DA:27,2
DA:28,11
DA:29,11
DA:33,11
DA:34,11
DA:37,11
DA:41,11
DA:42,2
DA:45,2
DA:48,9
DA:58,9
DA:59,9
DA:60,9
DA:62,0
DA:68,7
DA:70,6
DA:72,6
DA:73,6
DA:110,5
DA:112,1
DA:121,4
DA:123,3
DA:125,3
DA:126,3
DA:160,2
DA:162,1
DA:170,33
LF:30
LH:29
BRDA:35,0,0,11
BRDA:35,0,1,0
BRDA:41,1,0,2
BRDA:41,1,1,9
BRDA:50,2,0,9
BRDA:50,2,1,0
BRDA:53,3,0,9
BRDA:53,3,1,0
BRDA:54,4,0,9
BRDA:54,4,1,0
BRDA:68,5,0,1
BRDA:68,5,1,6
BRDA:121,6,0,1
BRDA:121,6,1,3
BRDA:33,7,0,2
BRDA:33,7,1,0
BRDA:33,8,0,2
BRDA:33,8,1,2
BRF:18
BRH:13
end_of_record
TN:
SF:src\orders\orders.controller.ts
FN:30,(anonymous_4)
FN:36,(anonymous_5)
FN:42,(anonymous_6)
FN:52,(anonymous_7)
FN:64,(anonymous_8)
FN:75,(anonymous_9)
FN:86,(anonymous_10)
FN:97,(anonymous_11)
FNF:8
FNH:0
FNDA:0,(anonymous_4)
FNDA:0,(anonymous_5)
FNDA:0,(anonymous_6)
FNDA:0,(anonymous_7)
FNDA:0,(anonymous_8)
FNDA:0,(anonymous_9)
FNDA:0,(anonymous_10)
FNDA:0,(anonymous_11)
DA:1,0
DA:11,0
DA:17,0
DA:18,0
DA:19,0
DA:20,0
DA:29,0
DA:30,0
DA:36,0
DA:37,0
DA:42,0
DA:43,0
DA:52,0
DA:57,0
DA:64,0
DA:68,0
DA:75,0
DA:79,0
DA:86,0
DA:90,0
DA:97,0
DA:101,0
LF:22
LH:0
BRDA:36,0,0,0
BRDA:36,0,1,0
BRDA:36,1,0,0
BRDA:36,1,1,0
BRDA:30,2,0,0
BRDA:30,2,1,0
BRDA:30,3,0,0
BRDA:30,3,1,0
BRF:8
BRH:0
end_of_record
TN:
SF:src\orders\orders.module.ts
FNF:0
FNH:0
DA:1,0
DA:2,0
DA:3,0
DA:9,0
LF:4
LH:0
BRF:0
BRH:0
end_of_record
TN:
SF:src\orders\orders.service.ts
FN:30,(anonymous_2)
FN:39,(anonymous_3)
FN:87,(anonymous_4)
FN:117,(anonymous_5)
FN:137,(anonymous_6)
FN:157,(anonymous_7)
FN:177,(anonymous_8)
FN:199,(anonymous_9)
FN:221,(anonymous_10)
FN:244,(anonymous_11)
FNF:10
FNH:9
FNDA:32,(anonymous_2)
FNDA:11,(anonymous_3)
FNDA:0,(anonymous_4)
FNDA:2,(anonymous_5)
FNDA:2,(anonymous_6)
FNDA:14,(anonymous_7)
FNDA:3,(anonymous_8)
FNDA:2,(anonymous_9)
FNDA:6,(anonymous_10)
FNDA:3,(anonymous_11)
DA:1,1
DA:8,1
DA:9,1
DA:10,1
DA:12,1
DA:13,1
DA:24,1
DA:25,32
DA:26,32
DA:31,32
DA:32,32
DA:34,32
DA:35,32
DA:42,11
DA:47,11
DA:48,10
DA:49,1
DA:50,9
DA:51,1
DA:54,8
DA:55,8
DA:58,8
DA:61,8
DA:86,8
DA:87,2
DA:88,2
DA:89,2
DA:95,6
DA:98,6
DA:111,6
DA:120,2
DA:129,2
DA:131,1
DA:142,2
DA:154,2
DA:161,14
DA:170,14
DA:171,13
DA:172,1
DA:174,12
DA:181,3
DA:182,3
DA:183,2
DA:186,1
DA:196,1
DA:203,2
DA:204,2
DA:205,1
DA:208,1
DA:218,1
DA:225,6
DA:226,6
DA:227,3
DA:230,3
DA:240,3
DA:244,1
DA:245,3
DA:247,3
DA:255,3
DA:256,1
LF:60
LH:60
BRDA:34,0,0,32
BRDA:34,0,1,0
BRDA:36,1,0,32
BRDA:36,1,1,0
BRDA:47,2,0,1
BRDA:47,2,1,10
BRDA:48,3,0,1
BRDA:48,3,1,9
BRDA:50,4,0,1
BRDA:50,4,1,8
BRDA:58,5,0,8
BRDA:58,5,1,0
BRDA:73,6,0,7
BRDA:73,6,1,1
BRDA:80,7,0,8
BRDA:80,7,1,8
BRDA:86,8,0,2
BRDA:86,8,1,6
BRDA:90,9,0,2
BRDA:90,9,1,0
BRDA:129,10,0,1
BRDA:129,10,1,1
BRDA:139,11,0,1
BRDA:140,12,0,1
BRDA:170,13,0,1
BRDA:170,13,1,13
BRDA:171,14,0,1
BRDA:171,14,1,12
BRDA:182,15,0,2
BRDA:182,15,1,1
BRDA:204,16,0,1
BRDA:204,16,1,1
BRDA:226,17,0,3
BRDA:226,17,1,3
BRDA:255,18,0,1
BRDA:255,18,1,2
BRDA:244,19,0,1
BRDA:244,19,1,0
BRDA:244,20,0,1
BRDA:244,20,1,1
BRDA:31,21,0,1
BRDA:31,21,1,0
BRDA:31,22,0,1
BRDA:31,22,1,1
BRDA:31,23,0,1
BRDA:31,23,1,0
BRDA:31,24,0,1
BRDA:31,24,1,1
BRF:48
BRH:41
end_of_record
TN:
SF:src\orders\dto\create-order.dto.ts
FNF:0
FNH:0
DA:1,0
DA:9,0
DA:11,0
DA:15,0
DA:20,0
DA:25,0
DA:29,0
DA:34,0
LF:8
LH:0
BRF:0
BRH:0
end_of_record
TN:
SF:src\orders\dto\order-response.dto.ts
FN:28,(anonymous_0)
FNF:1
FNH:1
FNDA:20,(anonymous_0)
DA:7,1
DA:29,20
LF:2
LH:2
BRF:0
BRH:0
end_of_record
TN:
SF:src\payments\payments.controller.ts
FN:31,(anonymous_4)
FN:35,(anonymous_5)
FN:41,(anonymous_6)
FN:51,(anonymous_7)
FN:63,(anonymous_8)
FN:76,(anonymous_9)
FNF:6
FNH:0
FNDA:0,(anonymous_4)
FNDA:0,(anonymous_5)
FNDA:0,(anonymous_6)
FNDA:0,(anonymous_7)
FNDA:0,(anonymous_8)
FNDA:0,(anonymous_9)
DA:1,0
DA:15,0
DA:16,0
DA:17,0
DA:18,0
DA:19,0
DA:20,0
DA:21,0
DA:30,0
DA:31,0
DA:35,0
DA:36,0
DA:41,0
DA:42,0
DA:51,0
DA:55,0
DA:56,0
DA:63,0
DA:67,0
DA:68,0
DA:69,0
DA:76,0
DA:80,0
DA:81,0
LF:24
LH:0
BRDA:68,0,0,0
BRDA:68,0,1,0
BRDA:41,1,0,0
BRDA:41,1,1,0
BRDA:41,2,0,0
BRDA:41,2,1,0
BRDA:53,3,0,0
BRDA:53,3,1,0
BRDA:53,4,0,0
BRDA:53,4,1,0
BRDA:31,5,0,0
BRDA:31,5,1,0
BRDA:31,6,0,0
BRDA:31,6,1,0
BRF:14
BRH:0
end_of_record
TN:
SF:src\payments\payments.module.ts
FNF:0
FNH:0
DA:1,0
DA:2,0
DA:3,0
DA:4,0
DA:12,0
LF:5
LH:0
BRF:0
BRH:0
end_of_record
TN:
SF:src\payments\payments.service.ts
FN:41,(anonymous_2)
FN:52,(anonymous_3)
FN:59,(anonymous_4)
FN:75,(anonymous_5)
FN:80,(anonymous_6)
FN:108,(anonymous_7)
FN:189,(anonymous_8)
FN:203,(anonymous_9)
FN:214,(anonymous_10)
FN:253,(anonymous_11)
FNF:10
FNH:10
FNDA:30,(anonymous_2)
FNDA:13,(anonymous_3)
FNDA:4,(anonymous_4)
FNDA:3,(anonymous_5)
FNDA:8,(anonymous_6)
FNDA:5,(anonymous_7)
FNDA:7,(anonymous_8)
FNDA:2,(anonymous_9)
FNDA:6,(anonymous_10)
FNDA:8,(anonymous_11)
DA:1,1
DA:7,1
DA:8,1
DA:9,1
DA:10,1
DA:11,1
DA:33,1
DA:34,30
DA:35,30
DA:38,30
DA:39,30
DA:42,30
DA:43,30
DA:44,30
DA:45,30
DA:47,30
DA:48,30
DA:53,13
DA:60,4
DA:61,4
DA:62,1
DA:65,3
DA:70,3
DA:71,1
DA:74,2
DA:75,3
DA:76,2
DA:77,2
DA:84,8
DA:85,6
DA:88,2
DA:93,2
DA:98,2
DA:99,1
DA:104,1
DA:105,1
DA:110,5
DA:115,5
DA:116,5
DA:121,4
DA:123,1
DA:135,1
DA:136,0
DA:140,1
DA:143,3
DA:155,3
DA:157,3
DA:158,2
DA:159,2
DA:164,1
DA:165,1
DA:167,1
DA:168,0
DA:169,0
DA:172,1
DA:176,2
DA:186,2
DA:190,7
DA:195,7
DA:196,6
DA:197,1
DA:200,5
DA:204,2
DA:209,2
DA:211,1
DA:220,6
DA:221,2
DA:225,4
DA:226,0
DA:231,4
DA:240,4
DA:241,1
DA:244,3
DA:254,8
DA:258,8
DA:259,1
DA:260,1
DA:264,7
DA:265,7
DA:267,1
DA:268,1
DA:271,6
DA:272,5
DA:273,5
DA:277,5
DA:278,1
DA:279,1
DA:283,4
DA:284,2
DA:287,2
DA:290,2
DA:303,2
DA:306,2
DA:316,2
LF:94
LH:90
BRDA:47,0,0,30
BRDA:47,0,1,0
BRDA:49,1,0,30
BRDA:49,1,1,0
BRDA:61,2,0,1
BRDA:61,2,1,3
BRDA:61,3,0,4
BRDA:61,3,1,1
BRDA:70,4,0,1
BRDA:70,4,1,2
BRDA:84,5,0,6
BRDA:84,5,1,2
BRDA:98,6,0,1
BRDA:98,6,1,1
BRDA:116,7,0,1
BRDA:116,7,1,4
BRDA:121,8,0,1
BRDA:121,8,1,3
BRDA:135,9,0,0
BRDA:135,9,1,1
BRDA:147,10,0,3
BRDA:147,10,1,0
BRDA:157,11,0,2
BRDA:157,11,1,1
BRDA:160,12,0,2
BRDA:160,12,1,0
BRDA:167,13,0,0
BRDA:167,13,1,1
BRDA:195,14,0,1
BRDA:195,14,1,6
BRDA:196,15,0,1
BRDA:196,15,1,5
BRDA:209,16,0,1
BRDA:209,16,1,1
BRDA:220,17,0,2
BRDA:220,17,1,4
BRDA:220,18,0,6
BRDA:220,18,1,3
BRDA:225,19,0,0
BRDA:225,19,1,4
BRDA:240,20,0,1
BRDA:240,20,1,3
BRDA:258,21,0,1
BRDA:258,21,1,7
BRDA:271,22,0,5
BRDA:271,22,1,1
BRDA:277,23,0,1
BRDA:277,23,1,4
BRDA:283,24,0,2
BRDA:283,24,1,2
BRDA:313,25,0,2
BRDA:313,25,1,0
BRDA:318,26,0,2
BRDA:318,26,1,0
BRDA:42,27,0,1
BRDA:42,27,1,0
BRDA:42,28,0,1
BRDA:42,28,1,1
BRDA:42,29,0,1
BRDA:42,29,1,0
BRDA:42,30,0,1
BRDA:42,30,1,1
BRDA:43,31,0,1
BRDA:43,31,1,0
BRDA:43,32,0,1
BRDA:43,32,1,1
BRDA:44,33,0,1
BRDA:44,33,1,0
BRDA:44,34,0,1
BRDA:44,34,1,1
BRF:70
BRH:57
end_of_record
TN:
SF:src\payments\dto\setup-payment.dto.ts
FNF:0
FNH:0
DA:1,0
DA:2,0
DA:4,0
DA:8,0
DA:13,0
LF:5
LH:0
BRF:0
BRH:0
end_of_record
TN:
SF:src\payments\dto\verify-account.dto.ts
FNF:0
FNH:0
DA:1,0
DA:2,0
DA:4,0
DA:8,0
DA:13,0
LF:5
LH:0
BRF:0
BRH:0
end_of_record
TN:
SF:src\prisma\prisma.module.ts
FNF:0
FNH:0
DA:1,0
DA:2,0
DA:9,0
LF:3
LH:0
BRF:0
BRH:0
end_of_record
TN:
SF:src\prisma\prisma.service.ts
FN:9,(anonymous_1)
FN:13,(anonymous_2)
FNF:2
FNH:0
FNDA:0,(anonymous_1)
FNDA:0,(anonymous_2)
DA:1,8
DA:2,8
DA:5,8
DA:10,0
DA:14,0
LF:5
LH:3
BRF:0
BRH:0
end_of_record
TN:
SF:src\products\products.controller.ts
FN:41,(anonymous_4)
FN:53,(anonymous_5)
FN:70,(anonymous_6)
FN:82,(anonymous_7)
FN:103,(anonymous_8)
FN:114,(anonymous_9)
FN:125,(anonymous_10)
FN:142,(anonymous_11)
FN:158,(anonymous_12)
FN:177,(anonymous_13)
FN:194,(anonymous_14)
FNF:11
FNH:0
FNDA:0,(anonymous_4)
FNDA:0,(anonymous_5)
FNDA:0,(anonymous_6)
FNDA:0,(anonymous_7)
FNDA:0,(anonymous_8)
FNDA:0,(anonymous_9)
FNDA:0,(anonymous_10)
FNDA:0,(anonymous_11)
FNDA:0,(anonymous_12)
FNDA:0,(anonymous_13)
FNDA:0,(anonymous_14)
DA:1,0
DA:18,0
DA:19,0
DA:28,0
DA:29,0
DA:30,0
DA:31,0
DA:32,0
DA:33,0
DA:34,0
DA:38,0
DA:39,0
DA:42,0
DA:43,0
DA:53,0
DA:58,0
DA:63,0
DA:70,0
DA:71,0
DA:72,0
DA:82,0
DA:88,0
DA:94,0
DA:103,0
DA:107,0
DA:114,0
DA:115,0
DA:125,0
DA:131,0
DA:132,0
DA:142,0
DA:147,0
DA:158,0
DA:162,0
DA:177,0
DA:183,0
DA:184,0
DA:194,0
DA:199,0
LF:39
LH:0
BRDA:61,0,0,0
BRDA:61,0,1,0
BRDA:131,1,0,0
BRDA:131,1,1,0
BRDA:183,2,0,0
BRDA:183,2,1,0
BRDA:55,3,0,0
BRDA:55,3,1,0
BRDA:55,4,0,0
BRDA:55,4,1,0
BRDA:57,5,0,0
BRDA:57,5,1,0
BRDA:57,6,0,0
BRDA:57,6,1,0
BRDA:70,7,0,0
BRDA:70,7,1,0
BRDA:70,8,0,0
BRDA:70,8,1,0
BRDA:85,9,0,0
BRDA:85,9,1,0
BRDA:85,10,0,0
BRDA:85,10,1,0
BRDA:87,11,0,0
BRDA:87,11,1,0
BRDA:87,12,0,0
BRDA:87,12,1,0
BRDA:106,13,0,0
BRDA:106,13,1,0
BRDA:106,14,0,0
BRDA:106,14,1,0
BRDA:114,15,0,0
BRDA:114,15,1,0
BRDA:114,16,0,0
BRDA:114,16,1,0
BRDA:128,17,0,0
BRDA:128,17,1,0
BRDA:128,18,0,0
BRDA:128,18,1,0
BRDA:128,18,2,0
BRDA:130,19,0,0
BRDA:130,19,1,0
BRDA:130,20,0,0
BRDA:130,20,1,0
BRDA:146,21,0,0
BRDA:146,21,1,0
BRDA:146,22,0,0
BRDA:146,22,1,0
BRDA:158,23,0,0
BRDA:158,23,1,0
BRDA:158,24,0,0
BRDA:158,24,1,0
BRDA:180,25,0,0
BRDA:180,25,1,0
BRDA:180,26,0,0
BRDA:180,26,1,0
BRDA:180,26,2,0
BRDA:182,27,0,0
BRDA:182,27,1,0
BRDA:182,28,0,0
BRDA:182,28,1,0
BRDA:198,29,0,0
BRDA:198,29,1,0
BRDA:198,30,0,0
BRDA:198,30,1,0
BRDA:42,31,0,0
BRDA:42,31,1,0
BRDA:42,32,0,0
BRDA:42,32,1,0
BRDA:42,33,0,0
BRDA:42,33,1,0
BRDA:42,34,0,0
BRDA:42,34,1,0
BRF:72
BRH:0
end_of_record
TN:
SF:src\products\products.module.ts
FNF:0
FNH:0
DA:1,0
DA:2,0
DA:3,0
DA:9,0
LF:4
LH:0
BRF:0
BRH:0
end_of_record
TN:
SF:src\products\products.service.ts
FN:27,(anonymous_2)
FN:32,(anonymous_3)
FN:70,(anonymous_4)
FN:77,(anonymous_5)
FN:93,(anonymous_6)
FN:142,(anonymous_7)
FN:157,(anonymous_8)
FN:174,(anonymous_9)
FN:208,(anonymous_10)
FN:231,(anonymous_11)
FNF:10
FNH:10
FNDA:32,(anonymous_2)
FNDA:6,(anonymous_3)
FNDA:2,(anonymous_4)
FNDA:17,(anonymous_5)
FNDA:4,(anonymous_6)
FNDA:4,(anonymous_7)
FNDA:2,(anonymous_8)
FNDA:6,(anonymous_9)
FNDA:5,(anonymous_10)
FNDA:8,(anonymous_11)
DA:1,1
DA:8,1
DA:9,1
DA:14,1
DA:24,1
DA:25,32
DA:28,32
DA:29,32
DA:37,6
DA:48,6
DA:49,2
DA:51,2
DA:52,6
DA:58,6
DA:61,2
DA:67,4
DA:71,2
DA:78,17
DA:82,17
DA:83,2
DA:86,15
DA:87,4
DA:90,11
DA:99,4
DA:102,3
DA:103,3
DA:104,3
DA:105,3
DA:106,3
DA:107,0
DA:110,3
DA:112,2
DA:113,8
DA:114,8
DA:115,3
DA:120,2
DA:121,2
DA:127,2
DA:131,2
DA:132,6
DA:136,3
DA:143,4
DA:146,2
DA:147,8
DA:148,8
DA:149,2
DA:153,2
DA:154,2
DA:158,2
DA:162,2
DA:163,1
DA:166,1
DA:171,1
DA:180,6
DA:181,3
DA:184,3
DA:185,2
DA:188,2
DA:189,2
DA:190,1
DA:193,2
DA:200,2
DA:205,2
DA:213,5
DA:214,2
DA:217,3
DA:218,3
DA:220,3
DA:221,3
DA:222,2
DA:225,3
DA:232,8
DA:233,8
DA:234,8
DA:235,7
DA:236,7
DA:239,1
DA:240,1
DA:241,1
DA:244,0
LF:80
LH:78
BRDA:40,0,0,6
BRDA:40,0,1,6
BRDA:42,1,0,6
BRDA:42,1,1,5
BRDA:48,2,0,2
BRDA:48,2,1,4
BRDA:82,3,0,2
BRDA:82,3,1,15
BRDA:86,4,0,4
BRDA:86,4,1,11
BRDA:103,5,0,1
BRDA:103,5,1,2
BRDA:104,6,0,0
BRDA:104,6,1,3
BRDA:105,7,0,1
BRDA:105,7,1,2
BRDA:106,8,0,0
BRDA:106,8,1,3
BRDA:110,9,0,2
BRDA:110,9,1,1
BRDA:110,10,0,3
BRDA:110,10,1,2
BRDA:114,11,0,3
BRDA:114,11,1,5
BRDA:148,12,0,2
BRDA:148,12,1,6
BRDA:162,13,0,1
BRDA:162,13,1,1
BRDA:180,14,0,3
BRDA:180,14,1,3
BRDA:180,15,0,6
BRDA:180,15,1,4
BRDA:189,16,0,1
BRDA:189,16,1,1
BRDA:213,17,0,2
BRDA:213,17,1,3
BRDA:213,18,0,5
BRDA:213,18,1,4
BRDA:221,19,0,2
BRDA:221,19,1,1
BRDA:234,20,0,7
BRDA:234,20,1,1
BRDA:240,21,0,1
BRDA:240,21,1,0
BRDA:28,22,0,1
BRDA:28,22,1,0
BRDA:28,23,0,1
BRDA:28,23,1,1
BRDA:28,24,0,1
BRDA:28,24,1,0
BRDA:28,25,0,1
BRDA:28,25,1,1
BRF:52
BRH:47
end_of_record
TN:
SF:src\products\dto\create-product.dto.ts
FN:26,(anonymous_2)
FN:32,(anonymous_3)
FNF:2
FNH:0
FNDA:0,(anonymous_2)
FNDA:0,(anonymous_3)
DA:1,0
DA:9,0
DA:10,0
DA:12,0
DA:16,0
DA:21,0
DA:26,0
DA:27,0
DA:32,0
DA:33,0
LF:10
LH:0
BRF:0
BRH:0
end_of_record
TN:
SF:src\products\dto\product-response.dto.ts
FN:50,(anonymous_2)
FNF:1
FNH:0
FNDA:0,(anonymous_2)
DA:1,0
DA:4,0
DA:6,0
DA:9,0
DA:12,0
DA:15,0
DA:19,0
DA:23,0
DA:26,0
DA:29,0
DA:32,0
DA:35,0
DA:38,0
DA:41,0
DA:45,0
DA:48,0
DA:51,0
DA:52,0
DA:53,0
DA:54,0
DA:55,0
DA:57,0
LF:22
LH:0
BRDA:52,0,0,0
BRDA:52,0,1,0
BRDA:53,1,0,0
BRDA:53,1,1,0
BRDA:54,2,0,0
BRDA:54,2,1,0
BRDA:55,3,0,0
BRDA:55,3,1,0
BRDA:63,4,0,0
BRDA:63,4,1,0
BRDA:64,5,0,0
BRDA:64,5,1,0
BRDA:65,6,0,0
BRDA:65,6,1,0
BRDA:66,7,0,0
BRDA:66,7,1,0
BRDA:48,8,0,0
BRDA:48,8,1,0
BRDA:48,9,0,0
BRDA:48,9,1,0
BRF:20
BRH:0
end_of_record
TN:
SF:src\products\dto\update-product.dto.ts
FN:26,(anonymous_2)
FN:32,(anonymous_3)
FNF:2
FNH:0
FNDA:0,(anonymous_2)
FNDA:0,(anonymous_3)
DA:1,0
DA:8,0
DA:9,0
DA:11,0
DA:15,0
DA:20,0
DA:26,0
DA:27,0
DA:32,0
DA:33,0
LF:10
LH:0
BRF:0
BRH:0
end_of_record
TN:
SF:src\reports\reports.controller.ts
FN:10,(anonymous_4)
FN:16,(anonymous_5)
FNF:2
FNH:0
FNDA:0,(anonymous_4)
FNDA:0,(anonymous_5)
DA:1,0
DA:2,0
DA:3,0
DA:4,0
DA:5,0
DA:9,0
DA:10,0
DA:16,0
DA:17,0
LF:9
LH:0
BRDA:16,0,0,0
BRDA:16,0,1,0
BRDA:16,1,0,0
BRDA:16,1,1,0
BRDA:10,2,0,0
BRDA:10,2,1,0
BRDA:10,3,0,0
BRDA:10,3,1,0
BRF:8
BRH:0
end_of_record
TN:
SF:src\reports\reports.module.ts
FNF:0
FNH:0
DA:1,0
DA:2,0
DA:3,0
DA:4,0
DA:12,0
LF:5
LH:0
BRF:0
BRH:0
end_of_record
TN:
SF:src\reports\reports.service.ts
FN:9,(anonymous_2)
FN:11,(anonymous_3)
FNF:2
FNH:2
FNDA:7,(anonymous_2)
FNDA:13,(anonymous_3)
DA:1,1
DA:2,1
DA:6,1
DA:7,7
DA:9,7
DA:13,13
DA:16,13
DA:19,12
DA:20,2
DA:23,2
DA:26,11
DA:37,11
DA:40,11
LF:13
LH:13
BRDA:16,0,0,1
BRDA:16,0,1,12
BRDA:19,1,0,2
BRDA:19,1,1,10
BRDA:23,2,0,1
BRDA:23,2,1,1
BRDA:9,3,0,1
BRDA:9,3,1,0
BRDA:9,4,0,1
BRDA:9,4,1,1
BRF:10
BRH:9
end_of_record
TN:
SF:src\reports\dto\create-report.dto.ts
FNF:0
FNH:0
DA:1,0
DA:2,0
DA:10,0
DA:12,0
DA:16,0
DA:21,0
DA:26,0
DA:31,0
DA:36,0
DA:41,0
LF:10
LH:0
BRDA:21,0,0,0
BRDA:21,0,1,0
BRDA:21,1,0,0
BRDA:21,1,1,0
BRF:4
BRH:0
end_of_record
TN:
SF:src\storage\storage.module.ts
FNF:0
FNH:0
DA:1,0
DA:2,0
DA:3,0
DA:4,0
DA:11,0
LF:5
LH:0
BRF:0
BRH:0
end_of_record
TN:
SF:src\storage\storage.service.ts
FN:14,(anonymous_11)
FN:44,(anonymous_12)
FN:56,(anonymous_13)
FN:68,(anonymous_14)
FN:76,(anonymous_15)
FN:80,(anonymous_16)
FN:84,(anonymous_17)
FN:88,(anonymous_18)
FNF:8
FNH:7
FNDA:16,(anonymous_11)
FNDA:7,(anonymous_12)
FNDA:1,(anonymous_13)
FNDA:2,(anonymous_14)
FNDA:0,(anonymous_15)
FNDA:2,(anonymous_16)
FNDA:2,(anonymous_17)
FNDA:8,(anonymous_18)
DA:1,3
DA:2,3
DA:3,3
DA:4,3
DA:6,3
DA:7,3
DA:10,3
DA:11,16
DA:15,16
DA:16,16
DA:17,16
DA:19,16
DA:20,16
DA:22,16
DA:26,9
DA:27,3
DA:28,2
DA:32,1
DA:33,1
DA:34,1
DA:36,6
DA:37,6
DA:39,7
DA:40,7
DA:50,7
DA:51,7
DA:52,7
DA:53,7
DA:62,1
DA:63,1
DA:64,1
DA:65,1
DA:69,2
DA:70,2
DA:72,1
DA:77,0
DA:81,2
DA:85,2
DA:89,8
DA:90,8
LF:40
LH:39
BRDA:19,0,0,16
BRDA:19,0,1,0
BRDA:20,1,0,16
BRDA:20,1,1,0
BRDA:22,2,0,9
BRDA:22,2,1,7
BRDA:26,3,0,3
BRDA:26,3,1,6
BRDA:27,4,0,2
BRDA:27,4,1,1
BRDA:85,5,0,2
BRDA:85,5,1,0
BRDA:15,6,0,3
BRDA:15,6,1,0
BRDA:15,7,0,3
BRDA:15,7,1,3
BRDA:15,8,0,3
BRDA:15,8,1,0
BRDA:15,9,0,3
BRDA:15,9,1,3
BRDA:16,10,0,3
BRDA:16,10,1,0
BRDA:16,11,0,3
BRDA:16,11,1,3
BRF:24
BRH:18
end_of_record
TN:
SF:src\storage\providers\local.provider.ts
FN:12,(anonymous_11)
FN:17,(anonymous_12)
FN:35,(anonymous_13)
FN:47,(anonymous_14)
FN:51,(anonymous_15)
FN:55,(anonymous_16)
FNF:6
FNH:0
FNDA:0,(anonymous_11)
FNDA:0,(anonymous_12)
FNDA:0,(anonymous_13)
FNDA:0,(anonymous_14)
FNDA:0,(anonymous_15)
FNDA:0,(anonymous_16)
DA:1,3
DA:2,3
DA:3,3
DA:4,3
DA:8,3
DA:9,0
DA:12,0
DA:13,0
DA:14,0
DA:22,0
DA:23,0
DA:25,0
DA:26,0
DA:29,0
DA:30,0
DA:32,0
DA:36,0
DA:37,0
DA:38,0
DA:39,0
DA:48,0
DA:52,0
DA:56,0
DA:57,0
DA:58,0
LF:25
LH:5
BRDA:25,0,0,0
BRDA:25,0,1,0
BRDA:37,1,0,0
BRDA:37,1,1,0
BRDA:56,2,0,0
BRDA:56,2,1,0
BRDA:12,3,0,3
BRDA:12,3,1,0
BRDA:12,4,0,3
BRDA:12,4,1,3
BRF:10
BRH:3
end_of_record
TN:
SF:src\storage\providers\s3.provider.ts
FN:18,(anonymous_2)
FN:43,(anonymous_3)
FN:66,(anonymous_4)
FN:81,(anonymous_5)
FN:85,(anonymous_6)
FN:89,(anonymous_7)
FNF:6
FNH:0
FNDA:0,(anonymous_2)
FNDA:0,(anonymous_3)
FNDA:0,(anonymous_4)
FNDA:0,(anonymous_5)
FNDA:0,(anonymous_6)
FNDA:0,(anonymous_7)
DA:1,3
DA:2,3
DA:3,3
DA:12,3
DA:13,0
DA:18,0
DA:20,0
DA:22,0
DA:23,0
DA:24,0
DA:27,0
DA:28,0
DA:32,0
DA:36,0
DA:37,0
DA:48,0
DA:49,0
DA:52,0
DA:62,0
DA:63,0
DA:67,0
DA:68,0
DA:71,0
DA:78,0
DA:82,0
DA:86,0
DA:90,0
DA:92,0
DA:93,0
DA:96,0
DA:98,0
DA:99,0
LF:32
LH:4
BRDA:20,0,0,0
BRDA:20,0,1,0
BRDA:22,1,0,0
BRDA:22,1,1,0
BRDA:23,2,0,0
BRDA:23,2,1,0
BRDA:25,3,0,0
BRDA:25,3,1,0
BRDA:27,4,0,0
BRDA:27,4,1,0
BRDA:27,5,0,0
BRDA:27,5,1,0
BRDA:27,5,2,0
BRDA:27,5,3,0
BRDA:48,6,0,0
BRDA:48,6,1,0
BRDA:67,7,0,0
BRDA:67,7,1,0
BRDA:90,8,0,0
BRDA:90,8,1,0
BRDA:18,9,0,3
BRDA:18,9,1,0
BRDA:18,10,0,3
BRDA:18,10,1,3
BRF:24
BRH:3
end_of_record
TN:
SF:src\store\store.controller.ts
FN:9,(anonymous_4)
FN:14,(anonymous_5)
FNF:2
FNH:0
FNDA:0,(anonymous_4)
FNDA:0,(anonymous_5)
DA:1,0
DA:2,0
DA:3,0
DA:8,0
DA:9,0
DA:14,0
DA:17,0
LF:7
LH:0
BRDA:16,0,0,0
BRDA:16,0,1,0
BRDA:16,1,0,0
BRDA:16,1,1,0
BRDA:9,2,0,0
BRDA:9,2,1,0
BRDA:9,3,0,0
BRDA:9,3,1,0
BRF:8
BRH:0
end_of_record
TN:
SF:src\store\store.module.ts
FNF:0
FNH:0
DA:1,0
DA:2,0
DA:3,0
DA:9,0
LF:4
LH:0
BRF:0
BRH:0
end_of_record
TN:
SF:src\store\store.service.ts
FN:13,(anonymous_2)
FN:15,(anonymous_3)
FN:37,(anonymous_4)
FN:38,(anonymous_5)
FN:51,(anonymous_6)
FNF:5
FNH:5
FNDA:11,(anonymous_2)
FNDA:11,(anonymous_3)
FNDA:15,(anonymous_4)
FNDA:8,(anonymous_5)
FNDA:8,(anonymous_6)
DA:1,1
DA:2,1
DA:10,1
DA:11,11
DA:13,11
DA:17,11
DA:22,11
DA:24,3
DA:32,11
DA:33,2
DA:36,9
DA:37,15
DA:38,8
DA:40,9
DA:52,8
DA:53,8
DA:54,8
DA:55,8
DA:56,8
DA:58,8
LF:20
LH:20
BRDA:22,0,0,3
BRDA:22,0,1,8
BRDA:32,1,0,2
BRDA:32,1,1,9
BRDA:53,2,0,7
BRDA:53,2,1,1
BRDA:54,3,0,7
BRDA:54,3,1,1
BRDA:55,4,0,1
BRDA:55,4,1,7
BRDA:56,5,0,1
BRDA:56,5,1,7
BRDA:13,6,0,1
BRDA:13,6,1,0
BRDA:13,7,0,1
BRDA:13,7,1,1
BRF:16
BRH:15
end_of_record
TN:
SF:src\store\dto\storefront-response.dto.ts
FNF:0
FNH:0
DA:1,0
DA:3,0
DA:5,0
DA:8,0
DA:11,0
DA:14,0
DA:17,0
DA:20,0
DA:23,0
DA:26,0
DA:28,0
DA:31,0
DA:34,0
DA:37,0
DA:40,0
DA:43,0
DA:46,0
LF:17
LH:0
BRF:0
BRH:0
end_of_record
TN:
SF:src\users\users.controller.ts
FN:39,(anonymous_4)
FN:47,(anonymous_5)
FN:78,(anonymous_6)
FN:87,(anonymous_7)
FN:102,(anonymous_8)
FN:119,(anonymous_9)
FN:131,(anonymous_10)
FNF:7
FNH:0
FNDA:0,(anonymous_4)
FNDA:0,(anonymous_5)
FNDA:0,(anonymous_6)
FNDA:0,(anonymous_7)
FNDA:0,(anonymous_8)
FNDA:0,(anonymous_9)
FNDA:0,(anonymous_10)
DA:1,0
DA:15,0
DA:16,0
DA:24,0
DA:25,0
DA:26,0
DA:27,0
DA:28,0
DA:29,0
DA:30,0
DA:32,0
DA:36,0
DA:37,0
DA:40,0
DA:41,0
DA:42,0
DA:47,0
DA:51,0
DA:52,0
DA:55,0
DA:57,0
DA:65,0
DA:67,0
DA:78,0
DA:79,0
DA:87,0
DA:91,0
DA:95,0
DA:102,0
DA:106,0
DA:110,0
DA:119,0
DA:123,0
DA:124,0
DA:131,0
DA:132,0
DA:133,0
LF:37
LH:0
BRDA:60,0,0,0
BRDA:60,0,1,0
BRDA:48,1,0,0
BRDA:48,1,1,0
BRDA:48,2,0,0
BRDA:48,2,1,0
BRDA:50,3,0,0
BRDA:50,3,1,0
BRDA:50,4,0,0
BRDA:50,4,1,0
BRDA:78,5,0,0
BRDA:78,5,1,0
BRDA:78,6,0,0
BRDA:78,6,1,0
BRDA:89,7,0,0
BRDA:89,7,1,0
BRDA:89,8,0,0
BRDA:89,8,1,0
BRDA:90,9,0,0
BRDA:90,9,1,0
BRDA:90,10,0,0
BRDA:90,10,1,0
BRDA:104,11,0,0
BRDA:104,11,1,0
BRDA:104,12,0,0
BRDA:104,12,1,0
BRDA:105,13,0,0
BRDA:105,13,1,0
BRDA:105,14,0,0
BRDA:105,14,1,0
BRDA:121,15,0,0
BRDA:121,15,1,0
BRDA:121,16,0,0
BRDA:121,16,1,0
BRDA:121,16,2,0
BRDA:122,17,0,0
BRDA:122,17,1,0
BRDA:122,18,0,0
BRDA:122,18,1,0
BRDA:131,19,0,0
BRDA:131,19,1,0
BRDA:131,20,0,0
BRDA:131,20,1,0
BRDA:40,21,0,0
BRDA:40,21,1,0
BRDA:40,22,0,0
BRDA:40,22,1,0
BRDA:40,23,0,0
BRDA:40,23,1,0
BRDA:40,24,0,0
BRDA:40,24,1,0
BRDA:41,25,0,0
BRDA:41,25,1,0
BRDA:41,26,0,0
BRDA:41,26,1,0
BRF:55
BRH:0
end_of_record
TN:
SF:src\users\users.module.ts
FNF:0
FNH:0
DA:1,0
DA:2,0
DA:3,0
DA:4,0
DA:5,0
DA:13,0
LF:6
LH:0
BRF:0
BRH:0
end_of_record
TN:
SF:src\users\users.service.ts
FN:20,(anonymous_2)
FN:28,(anonymous_3)
FN:58,(anonymous_4)
FN:70,(anonymous_5)
FN:103,(anonymous_6)
FN:125,(anonymous_7)
FN:140,(anonymous_8)
FN:152,(anonymous_9)
FNF:8
FNH:8
FNDA:20,(anonymous_2)
FNDA:6,(anonymous_3)
FNDA:9,(anonymous_4)
FNDA:5,(anonymous_5)
FNDA:3,(anonymous_6)
FNDA:4,(anonymous_7)
FNDA:4,(anonymous_8)
FNDA:4,(anonymous_9)
DA:1,1
DA:7,1
DA:8,1
DA:9,1
DA:10,1
DA:12,1
DA:17,1
DA:18,20
DA:21,20
DA:22,20
DA:23,20
DA:24,20
DA:25,20
DA:29,6
DA:33,6
DA:34,1
DA:37,5
DA:39,5
DA:48,5
DA:51,5
DA:52,5
DA:55,5
DA:59,9
DA:63,9
DA:64,2
DA:67,7
DA:72,5
DA:73,3
DA:76,3
DA:77,1
DA:81,4
DA:93,4
DA:96,4
DA:97,0
DA:100,4
DA:105,3
DA:106,2
DA:107,1
DA:110,2
DA:117,2
DA:121,2
DA:122,2
DA:126,4
DA:128,4
DA:129,3
DA:132,4
DA:136,4
DA:137,4
DA:141,4
DA:143,4
DA:144,4
DA:145,4
DA:148,1
DA:155,4
DA:156,4
DA:158,1
DA:159,1
DA:161,0
LF:58
LH:56
BRDA:33,0,0,1
BRDA:33,0,1,5
BRDA:43,1,0,5
BRDA:43,1,1,5
BRDA:44,2,0,5
BRDA:44,2,1,4
BRDA:51,3,0,5
BRDA:51,3,1,0
BRDA:63,4,0,2
BRDA:63,4,1,7
BRDA:72,5,0,3
BRDA:72,5,1,2
BRDA:76,6,0,1
BRDA:76,6,1,2
BRDA:76,7,0,3
BRDA:76,7,1,2
BRDA:84,8,0,4
BRDA:84,8,1,2
BRDA:85,9,0,4
BRDA:85,9,1,2
BRDA:86,10,0,4
BRDA:86,10,1,0
BRDA:96,11,0,0
BRDA:96,11,1,4
BRDA:106,12,0,1
BRDA:106,12,1,1
BRDA:128,13,0,3
BRDA:128,13,1,1
BRDA:144,14,0,4
BRDA:144,14,1,0
BRDA:156,15,0,3
BRDA:156,15,1,1
BRDA:159,16,0,1
BRDA:159,16,1,0
BRDA:21,17,0,1
BRDA:21,17,1,0
BRDA:21,18,0,1
BRDA:21,18,1,1
BRDA:21,19,0,1
BRDA:21,19,1,0
BRDA:21,20,0,1
BRDA:21,20,1,1
BRDA:22,21,0,1
BRDA:22,21,1,0
BRDA:22,22,0,1
BRDA:22,22,1,1
BRDA:23,23,0,1
BRDA:23,23,1,0
BRDA:23,24,0,1
BRDA:23,24,1,1
BRDA:24,25,0,1
BRDA:24,25,1,0
BRDA:24,26,0,1
BRDA:24,26,1,1
BRF:54
BRH:44
end_of_record
TN:
SF:src\users\dto\register.dto.ts
FNF:0
FNH:0
DA:1,0
DA:8,0
DA:10,0
DA:14,0
DA:20,0
DA:25,0
DA:30,0
LF:7
LH:0
BRF:0
BRH:0
end_of_record
TN:
SF:src\users\dto\update-store.dto.ts
FNF:0
FNH:0
DA:1,0
DA:2,0
DA:4,0
DA:8,0
DA:13,0
DA:18,0
LF:6
LH:0
BRF:0
BRH:0
end_of_record
TN:
SF:src\users\dto\user-profile.dto.ts
FN:49,(anonymous_2)
FNF:1
FNH:0
FNDA:0,(anonymous_2)
DA:1,0
DA:4,0
DA:6,0
DA:9,0
DA:12,0
DA:15,0
DA:18,0
DA:21,0
DA:24,0
DA:28,0
DA:32,0
DA:35,0
DA:38,0
DA:41,0
DA:44,0
DA:47,0
DA:50,0
LF:17
LH:0
BRDA:35,0,0,0
BRDA:35,0,1,0
BRDA:35,1,0,0
BRDA:35,1,1,0
BRF:4
BRH:0
end_of_record
TN:
SF:src\whatsapp\whatsapp.module.ts
FNF:0
FNH:0
DA:1,0
DA:2,0
DA:3,0
DA:10,0
LF:4
LH:0
BRF:0
BRH:0
end_of_record
TN:
SF:src\whatsapp\whatsapp.service.ts
FN:26,(anonymous_2)
FN:41,(anonymous_3)
FN:73,(anonymous_4)
FNF:3
FNH:3
FNDA:13,(anonymous_2)
FNDA:13,(anonymous_3)
FNDA:5,(anonymous_4)
DA:1,2
DA:2,2
DA:3,2
DA:4,2
DA:21,2
DA:22,13
DA:27,13
DA:28,13
DA:29,13
DA:31,13
DA:33,13
DA:42,13
DA:43,2
DA:46,2
DA:49,11
DA:50,11
DA:51,11
DA:53,11
DA:54,9
DA:55,1
DA:58,1
DA:61,8
DA:62,8
DA:64,2
DA:65,2
DA:74,5
DA:75,5
DA:77,3
DA:82,3
DA:84,3
LF:30
LH:30
BRDA:32,0,0,13
BRDA:32,0,1,0
BRDA:42,1,0,2
BRDA:42,1,1,11
BRDA:54,2,0,1
BRDA:54,2,1,8
BRDA:75,3,0,2
BRDA:75,3,1,3
BRDA:85,4,0,2
BRDA:85,4,1,1
BRDA:27,5,0,2
BRDA:27,5,1,0
BRDA:27,6,0,2
BRDA:27,6,1,2
BRDA:27,7,0,2
BRDA:27,7,1,0
BRDA:27,8,0,2
BRDA:27,8,1,2
BRDA:28,9,0,2
BRDA:28,9,1,0
BRDA:28,10,0,2
BRDA:28,10,1,2
BRF:22
BRH:18
end_of_record
